[0.974s] Invoking command in '/home/cobos/Documents/Movement/build/unity_robotics_demo_msgs': CMAKE_PREFIX_PATH=${CMAKE_PREFIX_PATH}:/home/cobos/Documents/Movement/install/unity_robotics_demo:/home/cobos/Documents/Movement/install/ros_tcp_endpoint:/home/cobos/Documents/Movement/install/my_robot:/home/cobos/Documents/Movement/install/drive_robot:/opt/ros/humble /usr/bin/cmake --build /home/cobos/Documents/Movement/build/unity_robotics_demo_msgs -- -j12 -l12
[1.010s] -- Found rosidl_default_generators: 1.2.0 (/opt/ros/humble/share/rosidl_default_generators/cmake)
[1.013s] -- Found ament_cmake_core: 1.3.10 (/opt/ros/humble/share/ament_cmake_core/cmake)
[1.183s] -- Override CMake install command with custom implementation using symlinks instead of copying resources
[1.189s] -- Using all available rosidl_typesupport_c: rosidl_typesupport_fastrtps_c;rosidl_typesupport_introspection_c
[1.196s] -- Found rosidl_adapter: 3.1.5 (/opt/ros/humble/share/rosidl_adapter/cmake)
[1.259s] -- Using all available rosidl_typesupport_cpp: rosidl_typesupport_fastrtps_cpp;rosidl_typesupport_introspection_cpp
[1.310s] -- Found builtin_interfaces: 1.2.1 (/opt/ros/humble/share/builtin_interfaces/cmake)
[1.334s] -- Found geometry_msgs: 4.2.4 (/opt/ros/humble/share/geometry_msgs/cmake)
[1.782s] -- Found ament_cmake_ros: 0.10.0 (/opt/ros/humble/share/ament_cmake_ros/cmake)
[2.161s] -- Using all available rosidl_typesupport_c: rosidl_typesupport_fastrtps_c;rosidl_typesupport_introspection_c
[2.570s] -- Using all available rosidl_typesupport_cpp: rosidl_typesupport_fastrtps_cpp;rosidl_typesupport_introspection_cpp
[2.599s] -- Found python_cmake_module: 0.10.0 (/opt/ros/humble/share/python_cmake_module/cmake)
[2.630s] -- Using PYTHON_EXECUTABLE: /usr/bin/python3
[2.630s] -- Using PYTHON_INCLUDE_DIRS: /usr/include/python3.10
[2.630s] -- Using PYTHON_LIBRARIES: /usr/lib/x86_64-linux-gnu/libpython3.10.so
[2.688s] -- Found ament_lint_auto: 0.12.11 (/opt/ros/humble/share/ament_lint_auto/cmake)
[2.709s] -- Added test 'copyright' to check source files copyright and LICENSE
[2.712s] -- Added test 'lint_cmake' to check CMake code style
[2.713s] -- Added test 'xmllint' to check XML markup files
[2.717s] -- Configuring done
[2.776s] -- Generating done
[2.781s] -- Build files have been written to: /home/cobos/Documents/Movement/build/unity_robotics_demo_msgs
[2.818s] [35m[1mConsolidate compiler generated dependencies of target unity_robotics_demo_msgs__rosidl_generator_c[0m
[2.827s] [  1%] Built target unity_robotics_demo_msgs__cpp
[2.831s] [ 12%] Built target unity_robotics_demo_msgs__rosidl_generator_c
[2.838s] [ 12%] Built target ament_cmake_python_symlink_unity_robotics_demo_msgs
[2.841s] [35m[1mConsolidate compiler generated dependencies of target unity_robotics_demo_msgs__rosidl_typesupport_cpp[0m
[2.841s] [35m[1mConsolidate compiler generated dependencies of target unity_robotics_demo_msgs__rosidl_typesupport_fastrtps_cpp[0m
[2.842s] [35m[1mConsolidate compiler generated dependencies of target unity_robotics_demo_msgs__rosidl_typesupport_introspection_cpp[0m
[2.845s] [35m[1mConsolidate compiler generated dependencies of target unity_robotics_demo_msgs__rosidl_typesupport_introspection_c[0m
[2.847s] [35m[1mConsolidate compiler generated dependencies of target unity_robotics_demo_msgs__rosidl_typesupport_c[0m
[2.849s] [35m[1mConsolidate compiler generated dependencies of target unity_robotics_demo_msgs__rosidl_typesupport_fastrtps_c[0m
[2.859s] [ 23%] Built target unity_robotics_demo_msgs__rosidl_typesupport_c
[2.860s] [ 34%] Built target unity_robotics_demo_msgs__rosidl_typesupport_introspection_cpp
[2.860s] [ 47%] Built target unity_robotics_demo_msgs__rosidl_typesupport_introspection_c
[2.860s] [ 56%] Built target unity_robotics_demo_msgs__rosidl_typesupport_cpp
[2.861s] [ 67%] Built target unity_robotics_demo_msgs__rosidl_typesupport_fastrtps_cpp
[2.866s] [ 78%] Built target unity_robotics_demo_msgs__rosidl_typesupport_fastrtps_c
[2.885s] [ 78%] Built target unity_robotics_demo_msgs
[2.906s] [ 80%] Built target unity_robotics_demo_msgs__py
[2.917s] [35m[1mConsolidate compiler generated dependencies of target unity_robotics_demo_msgs__rosidl_generator_py[0m
[2.933s] [ 89%] Built target unity_robotics_demo_msgs__rosidl_generator_py
[2.943s] [35m[1mConsolidate compiler generated dependencies of target unity_robotics_demo_msgs__rosidl_typesupport_fastrtps_c__pyext[0m
[2.943s] [35m[1mConsolidate compiler generated dependencies of target unity_robotics_demo_msgs__rosidl_typesupport_c__pyext[0m
[2.943s] [35m[1mConsolidate compiler generated dependencies of target unity_robotics_demo_msgs__rosidl_typesupport_introspection_c__pyext[0m
[2.956s] [ 98%] Built target unity_robotics_demo_msgs__rosidl_typesupport_fastrtps_c__pyext
[2.956s] [ 98%] Built target unity_robotics_demo_msgs__rosidl_typesupport_introspection_c__pyext
[2.956s] [100%] Built target unity_robotics_demo_msgs__rosidl_typesupport_c__pyext
[3.090s] running egg_info
[3.113s] writing unity_robotics_demo_msgs.egg-info/PKG-INFO
[3.114s] writing dependency_links to unity_robotics_demo_msgs.egg-info/dependency_links.txt
[3.115s] writing top-level names to unity_robotics_demo_msgs.egg-info/top_level.txt
[3.173s] reading manifest file 'unity_robotics_demo_msgs.egg-info/SOURCES.txt'
[3.174s] writing manifest file 'unity_robotics_demo_msgs.egg-info/SOURCES.txt'
[3.198s] [100%] Built target ament_cmake_python_build_unity_robotics_demo_msgs_egg
[3.209s] Invoked command in '/home/cobos/Documents/Movement/build/unity_robotics_demo_msgs' returned '0': CMAKE_PREFIX_PATH=${CMAKE_PREFIX_PATH}:/home/cobos/Documents/Movement/install/unity_robotics_demo:/home/cobos/Documents/Movement/install/ros_tcp_endpoint:/home/cobos/Documents/Movement/install/my_robot:/home/cobos/Documents/Movement/install/drive_robot:/opt/ros/humble /usr/bin/cmake --build /home/cobos/Documents/Movement/build/unity_robotics_demo_msgs -- -j12 -l12
[3.300s] Invoking command in '/home/cobos/Documents/Movement/build/unity_robotics_demo_msgs': CMAKE_PREFIX_PATH=${CMAKE_PREFIX_PATH}:/home/cobos/Documents/Movement/install/unity_robotics_demo:/home/cobos/Documents/Movement/install/ros_tcp_endpoint:/home/cobos/Documents/Movement/install/my_robot:/home/cobos/Documents/Movement/install/drive_robot:/opt/ros/humble /usr/bin/cmake --install /home/cobos/Documents/Movement/build/unity_robotics_demo_msgs
[3.308s] -- Install configuration: ""
[3.309s] -- Execute custom install script
[3.309s] -- Up-to-date symlink: /home/cobos/Documents/Movement/install/unity_robotics_demo_msgs/share/ament_index/resource_index/rosidl_interfaces/unity_robotics_demo_msgs
[3.310s] -- Up-to-date symlink: /home/cobos/Documents/Movement/install/unity_robotics_demo_msgs/include/unity_robotics_demo_msgs/unity_robotics_demo_msgs/msg/detail/pos_rot__functions.h
[3.310s] -- Up-to-date symlink: /home/cobos/Documents/Movement/install/unity_robotics_demo_msgs/include/unity_robotics_demo_msgs/unity_robotics_demo_msgs/msg/detail/pos_rot__struct.h
[3.310s] -- Up-to-date symlink: /home/cobos/Documents/Movement/install/unity_robotics_demo_msgs/include/unity_robotics_demo_msgs/unity_robotics_demo_msgs/msg/detail/pos_rot__type_support.h
[3.311s] -- Up-to-date symlink: /home/cobos/Documents/Movement/install/unity_robotics_demo_msgs/include/unity_robotics_demo_msgs/unity_robotics_demo_msgs/msg/detail/unity_color__functions.h
[3.311s] -- Up-to-date symlink: /home/cobos/Documents/Movement/install/unity_robotics_demo_msgs/include/unity_robotics_demo_msgs/unity_robotics_demo_msgs/msg/detail/unity_color__struct.h
[3.311s] -- Up-to-date symlink: /home/cobos/Documents/Movement/install/unity_robotics_demo_msgs/include/unity_robotics_demo_msgs/unity_robotics_demo_msgs/msg/detail/unity_color__type_support.h
[3.311s] -- Up-to-date symlink: /home/cobos/Documents/Movement/install/unity_robotics_demo_msgs/include/unity_robotics_demo_msgs/unity_robotics_demo_msgs/msg/pos_rot.h
[3.311s] -- Up-to-date symlink: /home/cobos/Documents/Movement/install/unity_robotics_demo_msgs/include/unity_robotics_demo_msgs/unity_robotics_demo_msgs/msg/rosidl_generator_c__visibility_control.h
[3.311s] -- Up-to-date symlink: /home/cobos/Documents/Movement/install/unity_robotics_demo_msgs/include/unity_robotics_demo_msgs/unity_robotics_demo_msgs/msg/unity_color.h
[3.311s] -- Up-to-date symlink: /home/cobos/Documents/Movement/install/unity_robotics_demo_msgs/include/unity_robotics_demo_msgs/unity_robotics_demo_msgs/srv/detail/object_pose_service__functions.h
[3.311s] -- Up-to-date symlink: /home/cobos/Documents/Movement/install/unity_robotics_demo_msgs/include/unity_robotics_demo_msgs/unity_robotics_demo_msgs/srv/detail/object_pose_service__struct.h
[3.312s] -- Up-to-date symlink: /home/cobos/Documents/Movement/install/unity_robotics_demo_msgs/include/unity_robotics_demo_msgs/unity_robotics_demo_msgs/srv/detail/object_pose_service__type_support.h
[3.312s] -- Up-to-date symlink: /home/cobos/Documents/Movement/install/unity_robotics_demo_msgs/include/unity_robotics_demo_msgs/unity_robotics_demo_msgs/srv/detail/position_service__functions.h
[3.312s] -- Up-to-date symlink: /home/cobos/Documents/Movement/install/unity_robotics_demo_msgs/include/unity_robotics_demo_msgs/unity_robotics_demo_msgs/srv/detail/position_service__struct.h
[3.312s] -- Up-to-date symlink: /home/cobos/Documents/Movement/install/unity_robotics_demo_msgs/include/unity_robotics_demo_msgs/unity_robotics_demo_msgs/srv/detail/position_service__type_support.h
[3.312s] -- Up-to-date symlink: /home/cobos/Documents/Movement/install/unity_robotics_demo_msgs/include/unity_robotics_demo_msgs/unity_robotics_demo_msgs/srv/object_pose_service.h
[3.312s] -- Up-to-date symlink: /home/cobos/Documents/Movement/install/unity_robotics_demo_msgs/include/unity_robotics_demo_msgs/unity_robotics_demo_msgs/srv/position_service.h
[3.312s] -- Up-to-date symlink: /home/cobos/Documents/Movement/install/unity_robotics_demo_msgs/share/unity_robotics_demo_msgs/environment/library_path.sh
[3.313s] -- Up-to-date symlink: /home/cobos/Documents/Movement/install/unity_robotics_demo_msgs/share/unity_robotics_demo_msgs/environment/library_path.dsv
[3.313s] -- Up-to-date symlink: /home/cobos/Documents/Movement/install/unity_robotics_demo_msgs/include/unity_robotics_demo_msgs/unity_robotics_demo_msgs/msg/detail/pos_rot__rosidl_typesupport_fastrtps_c.h
[3.313s] -- Up-to-date symlink: /home/cobos/Documents/Movement/install/unity_robotics_demo_msgs/include/unity_robotics_demo_msgs/unity_robotics_demo_msgs/msg/detail/unity_color__rosidl_typesupport_fastrtps_c.h
[3.313s] -- Up-to-date symlink: /home/cobos/Documents/Movement/install/unity_robotics_demo_msgs/include/unity_robotics_demo_msgs/unity_robotics_demo_msgs/msg/rosidl_typesupport_fastrtps_c__visibility_control.h
[3.314s] -- Up-to-date symlink: /home/cobos/Documents/Movement/install/unity_robotics_demo_msgs/include/unity_robotics_demo_msgs/unity_robotics_demo_msgs/srv/detail/object_pose_service__rosidl_typesupport_fastrtps_c.h
[3.314s] -- Up-to-date symlink: /home/cobos/Documents/Movement/install/unity_robotics_demo_msgs/include/unity_robotics_demo_msgs/unity_robotics_demo_msgs/srv/detail/position_service__rosidl_typesupport_fastrtps_c.h
[3.314s] -- Up-to-date symlink: /home/cobos/Documents/Movement/install/unity_robotics_demo_msgs/include/unity_robotics_demo_msgs/unity_robotics_demo_msgs/msg/detail/pos_rot__rosidl_typesupport_introspection_c.h
[3.314s] -- Up-to-date symlink: /home/cobos/Documents/Movement/install/unity_robotics_demo_msgs/include/unity_robotics_demo_msgs/unity_robotics_demo_msgs/msg/detail/unity_color__rosidl_typesupport_introspection_c.h
[3.314s] -- Up-to-date symlink: /home/cobos/Documents/Movement/install/unity_robotics_demo_msgs/include/unity_robotics_demo_msgs/unity_robotics_demo_msgs/msg/rosidl_typesupport_introspection_c__visibility_control.h
[3.315s] -- Up-to-date symlink: /home/cobos/Documents/Movement/install/unity_robotics_demo_msgs/include/unity_robotics_demo_msgs/unity_robotics_demo_msgs/srv/detail/object_pose_service__rosidl_typesupport_introspection_c.h
[3.315s] -- Up-to-date symlink: /home/cobos/Documents/Movement/install/unity_robotics_demo_msgs/include/unity_robotics_demo_msgs/unity_robotics_demo_msgs/srv/detail/position_service__rosidl_typesupport_introspection_c.h
[3.315s] -- Up-to-date symlink: /home/cobos/Documents/Movement/install/unity_robotics_demo_msgs/include/unity_robotics_demo_msgs/unity_robotics_demo_msgs/msg/detail/pos_rot__builder.hpp
[3.315s] -- Up-to-date symlink: /home/cobos/Documents/Movement/install/unity_robotics_demo_msgs/include/unity_robotics_demo_msgs/unity_robotics_demo_msgs/msg/detail/pos_rot__struct.hpp
[3.315s] -- Up-to-date symlink: /home/cobos/Documents/Movement/install/unity_robotics_demo_msgs/include/unity_robotics_demo_msgs/unity_robotics_demo_msgs/msg/detail/pos_rot__traits.hpp
[3.315s] -- Up-to-date symlink: /home/cobos/Documents/Movement/install/unity_robotics_demo_msgs/include/unity_robotics_demo_msgs/unity_robotics_demo_msgs/msg/detail/unity_color__builder.hpp
[3.316s] -- Up-to-date symlink: /home/cobos/Documents/Movement/install/unity_robotics_demo_msgs/include/unity_robotics_demo_msgs/unity_robotics_demo_msgs/msg/detail/unity_color__struct.hpp
[3.316s] -- Up-to-date symlink: /home/cobos/Documents/Movement/install/unity_robotics_demo_msgs/include/unity_robotics_demo_msgs/unity_robotics_demo_msgs/msg/detail/unity_color__traits.hpp
[3.316s] -- Up-to-date symlink: /home/cobos/Documents/Movement/install/unity_robotics_demo_msgs/include/unity_robotics_demo_msgs/unity_robotics_demo_msgs/msg/pos_rot.hpp
[3.316s] -- Up-to-date symlink: /home/cobos/Documents/Movement/install/unity_robotics_demo_msgs/include/unity_robotics_demo_msgs/unity_robotics_demo_msgs/msg/unity_color.hpp
[3.316s] -- Up-to-date symlink: /home/cobos/Documents/Movement/install/unity_robotics_demo_msgs/include/unity_robotics_demo_msgs/unity_robotics_demo_msgs/srv/detail/object_pose_service__builder.hpp
[3.316s] -- Up-to-date symlink: /home/cobos/Documents/Movement/install/unity_robotics_demo_msgs/include/unity_robotics_demo_msgs/unity_robotics_demo_msgs/srv/detail/object_pose_service__struct.hpp
[3.316s] -- Up-to-date symlink: /home/cobos/Documents/Movement/install/unity_robotics_demo_msgs/include/unity_robotics_demo_msgs/unity_robotics_demo_msgs/srv/detail/object_pose_service__traits.hpp
[3.317s] -- Up-to-date symlink: /home/cobos/Documents/Movement/install/unity_robotics_demo_msgs/include/unity_robotics_demo_msgs/unity_robotics_demo_msgs/srv/detail/position_service__builder.hpp
[3.317s] -- Up-to-date symlink: /home/cobos/Documents/Movement/install/unity_robotics_demo_msgs/include/unity_robotics_demo_msgs/unity_robotics_demo_msgs/srv/detail/position_service__struct.hpp
[3.317s] -- Up-to-date symlink: /home/cobos/Documents/Movement/install/unity_robotics_demo_msgs/include/unity_robotics_demo_msgs/unity_robotics_demo_msgs/srv/detail/position_service__traits.hpp
[3.317s] -- Up-to-date symlink: /home/cobos/Documents/Movement/install/unity_robotics_demo_msgs/include/unity_robotics_demo_msgs/unity_robotics_demo_msgs/srv/object_pose_service.hpp
[3.317s] -- Up-to-date symlink: /home/cobos/Documents/Movement/install/unity_robotics_demo_msgs/include/unity_robotics_demo_msgs/unity_robotics_demo_msgs/srv/position_service.hpp
[3.318s] -- Up-to-date symlink: /home/cobos/Documents/Movement/install/unity_robotics_demo_msgs/include/unity_robotics_demo_msgs/unity_robotics_demo_msgs/msg/detail/pos_rot__rosidl_typesupport_fastrtps_cpp.hpp
[3.318s] -- Up-to-date symlink: /home/cobos/Documents/Movement/install/unity_robotics_demo_msgs/include/unity_robotics_demo_msgs/unity_robotics_demo_msgs/msg/detail/unity_color__rosidl_typesupport_fastrtps_cpp.hpp
[3.318s] -- Up-to-date symlink: /home/cobos/Documents/Movement/install/unity_robotics_demo_msgs/include/unity_robotics_demo_msgs/unity_robotics_demo_msgs/msg/rosidl_typesupport_fastrtps_cpp__visibility_control.h
[3.318s] -- Up-to-date symlink: /home/cobos/Documents/Movement/install/unity_robotics_demo_msgs/include/unity_robotics_demo_msgs/unity_robotics_demo_msgs/srv/detail/object_pose_service__rosidl_typesupport_fastrtps_cpp.hpp
[3.318s] -- Up-to-date symlink: /home/cobos/Documents/Movement/install/unity_robotics_demo_msgs/include/unity_robotics_demo_msgs/unity_robotics_demo_msgs/srv/detail/position_service__rosidl_typesupport_fastrtps_cpp.hpp
[3.318s] -- Up-to-date symlink: /home/cobos/Documents/Movement/install/unity_robotics_demo_msgs/include/unity_robotics_demo_msgs/unity_robotics_demo_msgs/msg/detail/pos_rot__rosidl_typesupport_introspection_cpp.hpp
[3.319s] -- Up-to-date symlink: /home/cobos/Documents/Movement/install/unity_robotics_demo_msgs/include/unity_robotics_demo_msgs/unity_robotics_demo_msgs/msg/detail/unity_color__rosidl_typesupport_introspection_cpp.hpp
[3.319s] -- Up-to-date symlink: /home/cobos/Documents/Movement/install/unity_robotics_demo_msgs/include/unity_robotics_demo_msgs/unity_robotics_demo_msgs/srv/detail/object_pose_service__rosidl_typesupport_introspection_cpp.hpp
[3.319s] -- Up-to-date symlink: /home/cobos/Documents/Movement/install/unity_robotics_demo_msgs/include/unity_robotics_demo_msgs/unity_robotics_demo_msgs/srv/detail/position_service__rosidl_typesupport_introspection_cpp.hpp
[3.319s] -- Up-to-date symlink: /home/cobos/Documents/Movement/install/unity_robotics_demo_msgs/share/unity_robotics_demo_msgs/environment/pythonpath.sh
[3.319s] -- Up-to-date symlink: /home/cobos/Documents/Movement/install/unity_robotics_demo_msgs/share/unity_robotics_demo_msgs/environment/pythonpath.dsv
[3.319s] -- Up-to-date symlink: /home/cobos/Documents/Movement/install/unity_robotics_demo_msgs/local/lib/python3.10/dist-packages/unity_robotics_demo_msgs-0.0.1-py3.10.egg-info/PKG-INFO
[3.320s] -- Up-to-date symlink: /home/cobos/Documents/Movement/install/unity_robotics_demo_msgs/local/lib/python3.10/dist-packages/unity_robotics_demo_msgs-0.0.1-py3.10.egg-info/SOURCES.txt
[3.320s] -- Up-to-date symlink: /home/cobos/Documents/Movement/install/unity_robotics_demo_msgs/local/lib/python3.10/dist-packages/unity_robotics_demo_msgs-0.0.1-py3.10.egg-info/dependency_links.txt
[3.320s] -- Up-to-date symlink: /home/cobos/Documents/Movement/install/unity_robotics_demo_msgs/local/lib/python3.10/dist-packages/unity_robotics_demo_msgs-0.0.1-py3.10.egg-info/top_level.txt
[3.320s] -- Up-to-date symlink: /home/cobos/Documents/Movement/install/unity_robotics_demo_msgs/local/lib/python3.10/dist-packages/unity_robotics_demo_msgs/__init__.py
[3.321s] -- Up-to-date symlink: /home/cobos/Documents/Movement/install/unity_robotics_demo_msgs/local/lib/python3.10/dist-packages/unity_robotics_demo_msgs/_unity_robotics_demo_msgs_s.ep.rosidl_typesupport_c.c
[3.321s] -- Up-to-date symlink: /home/cobos/Documents/Movement/install/unity_robotics_demo_msgs/local/lib/python3.10/dist-packages/unity_robotics_demo_msgs/_unity_robotics_demo_msgs_s.ep.rosidl_typesupport_fastrtps_c.c
[3.321s] -- Up-to-date symlink: /home/cobos/Documents/Movement/install/unity_robotics_demo_msgs/local/lib/python3.10/dist-packages/unity_robotics_demo_msgs/_unity_robotics_demo_msgs_s.ep.rosidl_typesupport_introspection_c.c
[3.321s] -- Up-to-date symlink: /home/cobos/Documents/Movement/install/unity_robotics_demo_msgs/local/lib/python3.10/dist-packages/unity_robotics_demo_msgs/libunity_robotics_demo_msgs__rosidl_generator_py.so
[3.321s] -- Up-to-date symlink: /home/cobos/Documents/Movement/install/unity_robotics_demo_msgs/local/lib/python3.10/dist-packages/unity_robotics_demo_msgs/msg/__init__.py
[3.321s] -- Up-to-date symlink: /home/cobos/Documents/Movement/install/unity_robotics_demo_msgs/local/lib/python3.10/dist-packages/unity_robotics_demo_msgs/msg/_pos_rot.py
[3.321s] -- Up-to-date symlink: /home/cobos/Documents/Movement/install/unity_robotics_demo_msgs/local/lib/python3.10/dist-packages/unity_robotics_demo_msgs/msg/_pos_rot_s.c
[3.321s] -- Up-to-date symlink: /home/cobos/Documents/Movement/install/unity_robotics_demo_msgs/local/lib/python3.10/dist-packages/unity_robotics_demo_msgs/msg/_unity_color.py
[3.321s] -- Up-to-date symlink: /home/cobos/Documents/Movement/install/unity_robotics_demo_msgs/local/lib/python3.10/dist-packages/unity_robotics_demo_msgs/msg/_unity_color_s.c
[3.322s] -- Up-to-date symlink: /home/cobos/Documents/Movement/install/unity_robotics_demo_msgs/local/lib/python3.10/dist-packages/unity_robotics_demo_msgs/srv/__init__.py
[3.322s] -- Up-to-date symlink: /home/cobos/Documents/Movement/install/unity_robotics_demo_msgs/local/lib/python3.10/dist-packages/unity_robotics_demo_msgs/srv/_object_pose_service.py
[3.322s] -- Up-to-date symlink: /home/cobos/Documents/Movement/install/unity_robotics_demo_msgs/local/lib/python3.10/dist-packages/unity_robotics_demo_msgs/srv/_object_pose_service_s.c
[3.322s] -- Up-to-date symlink: /home/cobos/Documents/Movement/install/unity_robotics_demo_msgs/local/lib/python3.10/dist-packages/unity_robotics_demo_msgs/srv/_position_service.py
[3.322s] -- Up-to-date symlink: /home/cobos/Documents/Movement/install/unity_robotics_demo_msgs/local/lib/python3.10/dist-packages/unity_robotics_demo_msgs/srv/_position_service_s.c
[3.322s] -- Up-to-date symlink: /home/cobos/Documents/Movement/install/unity_robotics_demo_msgs/local/lib/python3.10/dist-packages/unity_robotics_demo_msgs/unity_robotics_demo_msgs_s__rosidl_typesupport_c.cpython-310-x86_64-linux-gnu.so
[3.322s] -- Up-to-date symlink: /home/cobos/Documents/Movement/install/unity_robotics_demo_msgs/local/lib/python3.10/dist-packages/unity_robotics_demo_msgs/unity_robotics_demo_msgs_s__rosidl_typesupport_fastrtps_c.cpython-310-x86_64-linux-gnu.so
[3.322s] -- Up-to-date symlink: /home/cobos/Documents/Movement/install/unity_robotics_demo_msgs/local/lib/python3.10/dist-packages/unity_robotics_demo_msgs/unity_robotics_demo_msgs_s__rosidl_typesupport_introspection_c.cpython-310-x86_64-linux-gnu.so
[3.323s] -- Up-to-date symlink: /home/cobos/Documents/Movement/install/unity_robotics_demo_msgs/local/lib/python3.10/dist-packages/unity_robotics_demo_msgs/unity_robotics_demo_msgs_s__rosidl_typesupport_fastrtps_c.cpython-310-x86_64-linux-gnu.so
[3.323s] -- Up-to-date symlink: /home/cobos/Documents/Movement/install/unity_robotics_demo_msgs/local/lib/python3.10/dist-packages/unity_robotics_demo_msgs/unity_robotics_demo_msgs_s__rosidl_typesupport_introspection_c.cpython-310-x86_64-linux-gnu.so
[3.323s] -- Up-to-date symlink: /home/cobos/Documents/Movement/install/unity_robotics_demo_msgs/local/lib/python3.10/dist-packages/unity_robotics_demo_msgs/unity_robotics_demo_msgs_s__rosidl_typesupport_c.cpython-310-x86_64-linux-gnu.so
[3.323s] -- Up-to-date symlink: /home/cobos/Documents/Movement/install/unity_robotics_demo_msgs/share/unity_robotics_demo_msgs/msg/PosRot.idl
[3.324s] -- Up-to-date symlink: /home/cobos/Documents/Movement/install/unity_robotics_demo_msgs/share/unity_robotics_demo_msgs/msg/UnityColor.idl
[3.324s] -- Up-to-date symlink: /home/cobos/Documents/Movement/install/unity_robotics_demo_msgs/share/unity_robotics_demo_msgs/srv/PositionService.idl
[3.324s] -- Up-to-date symlink: /home/cobos/Documents/Movement/install/unity_robotics_demo_msgs/share/unity_robotics_demo_msgs/srv/ObjectPoseService.idl
[3.324s] -- Up-to-date symlink: /home/cobos/Documents/Movement/install/unity_robotics_demo_msgs/share/unity_robotics_demo_msgs/msg/PosRot.msg
[3.324s] -- Up-to-date symlink: /home/cobos/Documents/Movement/install/unity_robotics_demo_msgs/share/unity_robotics_demo_msgs/msg/UnityColor.msg
[3.325s] -- Up-to-date symlink: /home/cobos/Documents/Movement/install/unity_robotics_demo_msgs/share/unity_robotics_demo_msgs/srv/PositionService.srv
[3.325s] -- Up-to-date symlink: /home/cobos/Documents/Movement/install/unity_robotics_demo_msgs/share/unity_robotics_demo_msgs/srv/PositionService_Request.msg
[3.325s] -- Up-to-date symlink: /home/cobos/Documents/Movement/install/unity_robotics_demo_msgs/share/unity_robotics_demo_msgs/srv/PositionService_Response.msg
[3.325s] -- Up-to-date symlink: /home/cobos/Documents/Movement/install/unity_robotics_demo_msgs/share/unity_robotics_demo_msgs/srv/ObjectPoseService.srv
[3.325s] -- Up-to-date symlink: /home/cobos/Documents/Movement/install/unity_robotics_demo_msgs/share/unity_robotics_demo_msgs/srv/ObjectPoseService_Request.msg
[3.325s] -- Up-to-date symlink: /home/cobos/Documents/Movement/install/unity_robotics_demo_msgs/share/unity_robotics_demo_msgs/srv/ObjectPoseService_Response.msg
[3.326s] -- Up-to-date symlink: /home/cobos/Documents/Movement/install/unity_robotics_demo_msgs/share/ament_index/resource_index/package_run_dependencies/unity_robotics_demo_msgs
[3.326s] -- Up-to-date symlink: /home/cobos/Documents/Movement/install/unity_robotics_demo_msgs/share/ament_index/resource_index/parent_prefix_path/unity_robotics_demo_msgs
[3.326s] -- Up-to-date symlink: /home/cobos/Documents/Movement/install/unity_robotics_demo_msgs/share/unity_robotics_demo_msgs/environment/ament_prefix_path.sh
[3.326s] -- Up-to-date symlink: /home/cobos/Documents/Movement/install/unity_robotics_demo_msgs/share/unity_robotics_demo_msgs/environment/ament_prefix_path.dsv
[3.326s] -- Up-to-date symlink: /home/cobos/Documents/Movement/install/unity_robotics_demo_msgs/share/unity_robotics_demo_msgs/environment/path.sh
[3.326s] -- Up-to-date symlink: /home/cobos/Documents/Movement/install/unity_robotics_demo_msgs/share/unity_robotics_demo_msgs/environment/path.dsv
[3.327s] -- Up-to-date symlink: /home/cobos/Documents/Movement/install/unity_robotics_demo_msgs/share/unity_robotics_demo_msgs/local_setup.bash
[3.327s] -- Up-to-date symlink: /home/cobos/Documents/Movement/install/unity_robotics_demo_msgs/share/unity_robotics_demo_msgs/local_setup.sh
[3.327s] -- Up-to-date symlink: /home/cobos/Documents/Movement/install/unity_robotics_demo_msgs/share/unity_robotics_demo_msgs/local_setup.zsh
[3.327s] -- Up-to-date symlink: /home/cobos/Documents/Movement/install/unity_robotics_demo_msgs/share/unity_robotics_demo_msgs/local_setup.dsv
[3.327s] -- Symlinking: /home/cobos/Documents/Movement/install/unity_robotics_demo_msgs/share/unity_robotics_demo_msgs/package.dsv
[3.335s] -- Up-to-date symlink: /home/cobos/Documents/Movement/install/unity_robotics_demo_msgs/share/ament_index/resource_index/packages/unity_robotics_demo_msgs
[3.335s] -- Up-to-date symlink: /home/cobos/Documents/Movement/install/unity_robotics_demo_msgs/share/unity_robotics_demo_msgs/cmake/rosidl_cmake-extras.cmake
[3.335s] -- Up-to-date symlink: /home/cobos/Documents/Movement/install/unity_robotics_demo_msgs/share/unity_robotics_demo_msgs/cmake/ament_cmake_export_dependencies-extras.cmake
[3.335s] -- Up-to-date symlink: /home/cobos/Documents/Movement/install/unity_robotics_demo_msgs/share/unity_robotics_demo_msgs/cmake/ament_cmake_export_include_directories-extras.cmake
[3.335s] -- Up-to-date symlink: /home/cobos/Documents/Movement/install/unity_robotics_demo_msgs/share/unity_robotics_demo_msgs/cmake/ament_cmake_export_libraries-extras.cmake
[3.336s] -- Up-to-date symlink: /home/cobos/Documents/Movement/install/unity_robotics_demo_msgs/share/unity_robotics_demo_msgs/cmake/ament_cmake_export_targets-extras.cmake
[3.336s] -- Up-to-date symlink: /home/cobos/Documents/Movement/install/unity_robotics_demo_msgs/share/unity_robotics_demo_msgs/cmake/rosidl_cmake_export_typesupport_targets-extras.cmake
[3.336s] -- Up-to-date symlink: /home/cobos/Documents/Movement/install/unity_robotics_demo_msgs/share/unity_robotics_demo_msgs/cmake/rosidl_cmake_export_typesupport_libraries-extras.cmake
[3.336s] -- Up-to-date symlink: /home/cobos/Documents/Movement/install/unity_robotics_demo_msgs/share/unity_robotics_demo_msgs/cmake/unity_robotics_demo_msgsConfig.cmake
[3.336s] -- Up-to-date symlink: /home/cobos/Documents/Movement/install/unity_robotics_demo_msgs/share/unity_robotics_demo_msgs/cmake/unity_robotics_demo_msgsConfig-version.cmake
[3.336s] -- Up-to-date symlink: /home/cobos/Documents/Movement/install/unity_robotics_demo_msgs/share/unity_robotics_demo_msgs/package.xml
[3.337s] -- Up-to-date: /home/cobos/Documents/Movement/install/unity_robotics_demo_msgs/lib/libunity_robotics_demo_msgs__rosidl_generator_c.so
[3.338s] -- Up-to-date: /home/cobos/Documents/Movement/install/unity_robotics_demo_msgs/lib/libunity_robotics_demo_msgs__rosidl_typesupport_fastrtps_c.so
[3.338s] -- Up-to-date: /home/cobos/Documents/Movement/install/unity_robotics_demo_msgs/lib/libunity_robotics_demo_msgs__rosidl_typesupport_introspection_c.so
[3.339s] -- Up-to-date: /home/cobos/Documents/Movement/install/unity_robotics_demo_msgs/lib/libunity_robotics_demo_msgs__rosidl_typesupport_c.so
[3.340s] -- Up-to-date: /home/cobos/Documents/Movement/install/unity_robotics_demo_msgs/lib/libunity_robotics_demo_msgs__rosidl_typesupport_fastrtps_cpp.so
[3.340s] -- Up-to-date: /home/cobos/Documents/Movement/install/unity_robotics_demo_msgs/lib/libunity_robotics_demo_msgs__rosidl_typesupport_introspection_cpp.so
[3.341s] -- Up-to-date: /home/cobos/Documents/Movement/install/unity_robotics_demo_msgs/lib/libunity_robotics_demo_msgs__rosidl_typesupport_cpp.so
[3.376s] Listing '/home/cobos/Documents/Movement/install/unity_robotics_demo_msgs/local/lib/python3.10/dist-packages/unity_robotics_demo_msgs'...
[3.376s] Compiling '/home/cobos/Documents/Movement/install/unity_robotics_demo_msgs/local/lib/python3.10/dist-packages/unity_robotics_demo_msgs/__init__.py'...
[3.376s] Listing '/home/cobos/Documents/Movement/install/unity_robotics_demo_msgs/local/lib/python3.10/dist-packages/unity_robotics_demo_msgs/msg'...
[3.376s] Listing '/home/cobos/Documents/Movement/install/unity_robotics_demo_msgs/local/lib/python3.10/dist-packages/unity_robotics_demo_msgs/srv'...
[3.380s] -- Up-to-date: /home/cobos/Documents/Movement/install/unity_robotics_demo_msgs/lib/libunity_robotics_demo_msgs__rosidl_generator_py.so
[3.381s] -- Up-to-date: /home/cobos/Documents/Movement/install/unity_robotics_demo_msgs/share/unity_robotics_demo_msgs/cmake/export_unity_robotics_demo_msgs__rosidl_generator_cExport.cmake
[3.381s] -- Up-to-date: /home/cobos/Documents/Movement/install/unity_robotics_demo_msgs/share/unity_robotics_demo_msgs/cmake/export_unity_robotics_demo_msgs__rosidl_generator_cExport-noconfig.cmake
[3.381s] -- Up-to-date: /home/cobos/Documents/Movement/install/unity_robotics_demo_msgs/share/unity_robotics_demo_msgs/cmake/export_unity_robotics_demo_msgs__rosidl_typesupport_fastrtps_cExport.cmake
[3.381s] -- Up-to-date: /home/cobos/Documents/Movement/install/unity_robotics_demo_msgs/share/unity_robotics_demo_msgs/cmake/export_unity_robotics_demo_msgs__rosidl_typesupport_fastrtps_cExport-noconfig.cmake
[3.381s] -- Up-to-date: /home/cobos/Documents/Movement/install/unity_robotics_demo_msgs/share/unity_robotics_demo_msgs/cmake/unity_robotics_demo_msgs__rosidl_typesupport_introspection_cExport.cmake
[3.381s] -- Up-to-date: /home/cobos/Documents/Movement/install/unity_robotics_demo_msgs/share/unity_robotics_demo_msgs/cmake/unity_robotics_demo_msgs__rosidl_typesupport_introspection_cExport-noconfig.cmake
[3.381s] -- Up-to-date: /home/cobos/Documents/Movement/install/unity_robotics_demo_msgs/share/unity_robotics_demo_msgs/cmake/unity_robotics_demo_msgs__rosidl_typesupport_cExport.cmake
[3.382s] -- Up-to-date: /home/cobos/Documents/Movement/install/unity_robotics_demo_msgs/share/unity_robotics_demo_msgs/cmake/unity_robotics_demo_msgs__rosidl_typesupport_cExport-noconfig.cmake
[3.382s] -- Up-to-date: /home/cobos/Documents/Movement/install/unity_robotics_demo_msgs/share/unity_robotics_demo_msgs/cmake/export_unity_robotics_demo_msgs__rosidl_generator_cppExport.cmake
[3.382s] -- Up-to-date: /home/cobos/Documents/Movement/install/unity_robotics_demo_msgs/share/unity_robotics_demo_msgs/cmake/export_unity_robotics_demo_msgs__rosidl_typesupport_fastrtps_cppExport.cmake
[3.382s] -- Up-to-date: /home/cobos/Documents/Movement/install/unity_robotics_demo_msgs/share/unity_robotics_demo_msgs/cmake/export_unity_robotics_demo_msgs__rosidl_typesupport_fastrtps_cppExport-noconfig.cmake
[3.382s] -- Up-to-date: /home/cobos/Documents/Movement/install/unity_robotics_demo_msgs/share/unity_robotics_demo_msgs/cmake/unity_robotics_demo_msgs__rosidl_typesupport_introspection_cppExport.cmake
[3.382s] -- Up-to-date: /home/cobos/Documents/Movement/install/unity_robotics_demo_msgs/share/unity_robotics_demo_msgs/cmake/unity_robotics_demo_msgs__rosidl_typesupport_introspection_cppExport-noconfig.cmake
[3.382s] -- Up-to-date: /home/cobos/Documents/Movement/install/unity_robotics_demo_msgs/share/unity_robotics_demo_msgs/cmake/unity_robotics_demo_msgs__rosidl_typesupport_cppExport.cmake
[3.383s] -- Up-to-date: /home/cobos/Documents/Movement/install/unity_robotics_demo_msgs/share/unity_robotics_demo_msgs/cmake/unity_robotics_demo_msgs__rosidl_typesupport_cppExport-noconfig.cmake
[3.383s] -- Up-to-date: /home/cobos/Documents/Movement/install/unity_robotics_demo_msgs/share/unity_robotics_demo_msgs/cmake/export_unity_robotics_demo_msgs__rosidl_generator_pyExport.cmake
[3.383s] -- Up-to-date: /home/cobos/Documents/Movement/install/unity_robotics_demo_msgs/share/unity_robotics_demo_msgs/cmake/export_unity_robotics_demo_msgs__rosidl_generator_pyExport-noconfig.cmake
[3.385s] Invoked command in '/home/cobos/Documents/Movement/build/unity_robotics_demo_msgs' returned '0': CMAKE_PREFIX_PATH=${CMAKE_PREFIX_PATH}:/home/cobos/Documents/Movement/install/unity_robotics_demo:/home/cobos/Documents/Movement/install/ros_tcp_endpoint:/home/cobos/Documents/Movement/install/my_robot:/home/cobos/Documents/Movement/install/drive_robot:/opt/ros/humble /usr/bin/cmake --install /home/cobos/Documents/Movement/build/unity_robotics_demo_msgs
