[0.441s] Invoking command in '/home/cobos/Documents/Movement/build/sim_ros2_interface': CMAKE_PREFIX_PATH=${CMAKE_PREFIX_PATH}:/home/cobos/Documents/Movement/install/my_robot:/home/cobos/Documents/Movement/install/drive_robot:/opt/ros/humble /usr/bin/cmake --build /home/cobos/Documents/Movement/build/sim_ros2_interface -- -j12 -l12
[0.500s] [ 75%] Built target generate_ros_code
[0.526s] [35m[1mConsolidate compiler generated dependencies of target simROS2[0m
[0.619s] [100%] Built target simROS2
[0.638s] Invoked command in '/home/cobos/Documents/Movement/build/sim_ros2_interface' returned '0': CMAKE_PREFIX_PATH=${CMAKE_PREFIX_PATH}:/home/cobos/Documents/Movement/install/my_robot:/home/cobos/Documents/Movement/install/drive_robot:/opt/ros/humble /usr/bin/cmake --build /home/cobos/Documents/Movement/build/sim_ros2_interface -- -j12 -l12
[0.680s] Invoking command in '/home/cobos/Documents/Movement/build/sim_ros2_interface': CMAKE_PREFIX_PATH=${CMAKE_PREFIX_PATH}:/home/cobos/Documents/Movement/install/my_robot:/home/cobos/Documents/Movement/install/drive_robot:/opt/ros/humble /usr/bin/cmake --install /home/cobos/Documents/Movement/build/sim_ros2_interface
[0.687s] -- Install configuration: ""
[0.687s] -- Execute custom install script
[0.687s] -- Up-to-date symlink: /home/cobos/Documents/Coppeliasim/CoppeliaSim_Edu_V4_8_0_rev0_Ubuntu22_04/lua/simROS2-typecheck.lua
[0.688s] -- Up-to-date symlink: /home/cobos/Documents/Coppeliasim/CoppeliaSim_Edu_V4_8_0_rev0_Ubuntu22_04/lua/simROS2.lua
[0.688s] -- Up-to-date symlink: /home/cobos/Documents/Coppeliasim/CoppeliaSim_Edu_V4_8_0_rev0_Ubuntu22_04/manual/en/simROS2.htm
[0.688s] -- Up-to-date symlink: /home/cobos/Documents/Coppeliasim/CoppeliaSim_Edu_V4_8_0_rev0_Ubuntu22_04/manual/index/simROS2.json
[0.689s] -- Up-to-date symlink: /home/cobos/Documents/Coppeliasim/CoppeliaSim_Edu_V4_8_0_rev0_Ubuntu22_04/lua/simROS2-ce.lua
[0.689s] -- Up-to-date symlink: /home/cobos/Documents/Coppeliasim/CoppeliaSim_Edu_V4_8_0_rev0_Ubuntu22_04/libsimROS2.so
[0.689s] -- Up-to-date symlink: /home/cobos/Documents/Movement/install/sim_ros2_interface/share/ament_index/resource_index/package_run_dependencies/sim_ros2_interface
[0.689s] -- Up-to-date symlink: /home/cobos/Documents/Movement/install/sim_ros2_interface/share/ament_index/resource_index/parent_prefix_path/sim_ros2_interface
[0.689s] -- Up-to-date symlink: /home/cobos/Documents/Movement/install/sim_ros2_interface/share/sim_ros2_interface/environment/ament_prefix_path.sh
[0.689s] -- Up-to-date symlink: /home/cobos/Documents/Movement/install/sim_ros2_interface/share/sim_ros2_interface/environment/ament_prefix_path.dsv
[0.689s] -- Up-to-date symlink: /home/cobos/Documents/Movement/install/sim_ros2_interface/share/sim_ros2_interface/environment/path.sh
[0.690s] -- Up-to-date symlink: /home/cobos/Documents/Movement/install/sim_ros2_interface/share/sim_ros2_interface/environment/path.dsv
[0.690s] -- Up-to-date symlink: /home/cobos/Documents/Movement/install/sim_ros2_interface/share/sim_ros2_interface/local_setup.bash
[0.690s] -- Up-to-date symlink: /home/cobos/Documents/Movement/install/sim_ros2_interface/share/sim_ros2_interface/local_setup.sh
[0.690s] -- Up-to-date symlink: /home/cobos/Documents/Movement/install/sim_ros2_interface/share/sim_ros2_interface/local_setup.zsh
[0.690s] -- Up-to-date symlink: /home/cobos/Documents/Movement/install/sim_ros2_interface/share/sim_ros2_interface/local_setup.dsv
[0.690s] -- Symlinking: /home/cobos/Documents/Movement/install/sim_ros2_interface/share/sim_ros2_interface/package.dsv
[0.700s] -- Up-to-date symlink: /home/cobos/Documents/Movement/install/sim_ros2_interface/share/ament_index/resource_index/packages/sim_ros2_interface
[0.700s] -- Up-to-date symlink: /home/cobos/Documents/Movement/install/sim_ros2_interface/share/sim_ros2_interface/cmake/sim_ros2_interfaceConfig.cmake
[0.700s] -- Up-to-date symlink: /home/cobos/Documents/Movement/install/sim_ros2_interface/share/sim_ros2_interface/cmake/sim_ros2_interfaceConfig-version.cmake
[0.700s] -- Up-to-date symlink: /home/cobos/Documents/Movement/install/sim_ros2_interface/share/sim_ros2_interface/package.xml
[0.709s] Invoked command in '/home/cobos/Documents/Movement/build/sim_ros2_interface' returned '0': CMAKE_PREFIX_PATH=${CMAKE_PREFIX_PATH}:/home/cobos/Documents/Movement/install/my_robot:/home/cobos/Documents/Movement/install/drive_robot:/opt/ros/humble /usr/bin/cmake --install /home/cobos/Documents/Movement/build/sim_ros2_interface
