[0.836s] Invoking command in '/home/cobos/Documents/Movement/build/sim_ros2_interface': CMAKE_PREFIX_PATH=${CMAKE_PREFIX_PATH}:/home/cobos/Documents/Movement/install/my_robot:/home/cobos/Documents/Movement/install/drive_robot:/opt/ros/humble /usr/bin/cmake --build /home/cobos/Documents/Movement/build/sim_ros2_interface -- -j12 -l12
[0.916s] [ 75%] Built target generate_ros_code
[0.979s] [100%] Built target simROS2
[0.989s] Invoked command in '/home/cobos/Documents/Movement/build/sim_ros2_interface' returned '0': CMAKE_PREFIX_PATH=${CMAKE_PREFIX_PATH}:/home/cobos/Documents/Movement/install/my_robot:/home/cobos/Documents/Movement/install/drive_robot:/opt/ros/humble /usr/bin/cmake --build /home/cobos/Documents/Movement/build/sim_ros2_interface -- -j12 -l12
[1.046s] Invoking command in '/home/cobos/Documents/Movement/build/sim_ros2_interface': CMAKE_PREFIX_PATH=${CMAKE_PREFIX_PATH}:/home/cobos/Documents/Movement/install/my_robot:/home/cobos/Documents/Movement/install/drive_robot:/opt/ros/humble /usr/bin/cmake --install /home/cobos/Documents/Movement/build/sim_ros2_interface
[1.053s] -- Install configuration: ""
[1.053s] -- Execute custom install script
[1.054s] -- Up-to-date symlink: /home/cobos/Documents/Coppeliasim/CoppeliaSim_Edu_V4_8_0_rev0_Ubuntu22_04/lua/simROS2-typecheck.lua
[1.054s] -- Up-to-date symlink: /home/cobos/Documents/Coppeliasim/CoppeliaSim_Edu_V4_8_0_rev0_Ubuntu22_04/lua/simROS2.lua
[1.054s] -- Up-to-date symlink: /home/cobos/Documents/Coppeliasim/CoppeliaSim_Edu_V4_8_0_rev0_Ubuntu22_04/manual/en/simROS2.htm
[1.054s] -- Up-to-date symlink: /home/cobos/Documents/Coppeliasim/CoppeliaSim_Edu_V4_8_0_rev0_Ubuntu22_04/manual/index/simROS2.json
[1.055s] -- Up-to-date symlink: /home/cobos/Documents/Coppeliasim/CoppeliaSim_Edu_V4_8_0_rev0_Ubuntu22_04/lua/simROS2-ce.lua
[1.055s] -- Up-to-date symlink: /home/cobos/Documents/Coppeliasim/CoppeliaSim_Edu_V4_8_0_rev0_Ubuntu22_04/libsimROS2.so
[1.055s] -- Up-to-date symlink: /home/cobos/Documents/Movement/install/sim_ros2_interface/share/ament_index/resource_index/package_run_dependencies/sim_ros2_interface
[1.055s] -- Up-to-date symlink: /home/cobos/Documents/Movement/install/sim_ros2_interface/share/ament_index/resource_index/parent_prefix_path/sim_ros2_interface
[1.055s] -- Up-to-date symlink: /home/cobos/Documents/Movement/install/sim_ros2_interface/share/sim_ros2_interface/environment/ament_prefix_path.sh
[1.055s] -- Up-to-date symlink: /home/cobos/Documents/Movement/install/sim_ros2_interface/share/sim_ros2_interface/environment/ament_prefix_path.dsv
[1.055s] -- Up-to-date symlink: /home/cobos/Documents/Movement/install/sim_ros2_interface/share/sim_ros2_interface/environment/path.sh
[1.055s] -- Up-to-date symlink: /home/cobos/Documents/Movement/install/sim_ros2_interface/share/sim_ros2_interface/environment/path.dsv
[1.055s] -- Up-to-date symlink: /home/cobos/Documents/Movement/install/sim_ros2_interface/share/sim_ros2_interface/local_setup.bash
[1.056s] -- Up-to-date symlink: /home/cobos/Documents/Movement/install/sim_ros2_interface/share/sim_ros2_interface/local_setup.sh
[1.056s] -- Up-to-date symlink: /home/cobos/Documents/Movement/install/sim_ros2_interface/share/sim_ros2_interface/local_setup.zsh
[1.056s] -- Up-to-date symlink: /home/cobos/Documents/Movement/install/sim_ros2_interface/share/sim_ros2_interface/local_setup.dsv
[1.056s] -- Symlinking: /home/cobos/Documents/Movement/install/sim_ros2_interface/share/sim_ros2_interface/package.dsv
[1.069s] -- Up-to-date symlink: /home/cobos/Documents/Movement/install/sim_ros2_interface/share/ament_index/resource_index/packages/sim_ros2_interface
[1.069s] -- Up-to-date symlink: /home/cobos/Documents/Movement/install/sim_ros2_interface/share/sim_ros2_interface/cmake/sim_ros2_interfaceConfig.cmake
[1.069s] -- Up-to-date symlink: /home/cobos/Documents/Movement/install/sim_ros2_interface/share/sim_ros2_interface/cmake/sim_ros2_interfaceConfig-version.cmake
[1.069s] -- Up-to-date symlink: /home/cobos/Documents/Movement/install/sim_ros2_interface/share/sim_ros2_interface/package.xml
[1.073s] Invoked command in '/home/cobos/Documents/Movement/build/sim_ros2_interface' returned '0': CMAKE_PREFIX_PATH=${CMAKE_PREFIX_PATH}:/home/cobos/Documents/Movement/install/my_robot:/home/cobos/Documents/Movement/install/drive_robot:/opt/ros/humble /usr/bin/cmake --install /home/cobos/Documents/Movement/build/sim_ros2_interface
