/home/cobos/.local/lib/python3.10/site-packages/setuptools/_distutils/dist.py:261: UserWarning: Unknown distribution option: 'tests_require'
  warnings.warn(msg)
running develop
/home/cobos/.local/lib/python3.10/site-packages/setuptools/command/develop.py:41: EasyInstallDeprecationWarning: easy_install command is deprecated.
!!

        ********************************************************************************
        Please avoid running ``setup.py`` and ``easy_install``.
        Instead, use pypa/build, pypa/installer or other
        standards-based tools.

        See https://github.com/pypa/setuptools/issues/917 for details.
        ********************************************************************************

!!
  easy_install.initialize_options(self)
running egg_info
writing drive_robot.egg-info/PKG-INFO
writing dependency_links to drive_robot.egg-info/dependency_links.txt
writing entry points to drive_robot.egg-info/entry_points.txt
writing requirements to drive_robot.egg-info/requires.txt
writing top-level names to drive_robot.egg-info/top_level.txt
reading manifest file 'drive_robot.egg-info/SOURCES.txt'
writing manifest file 'drive_robot.egg-info/SOURCES.txt'
running build_ext
Creating /home/cobos/Documents/Movement/install/drive_robot/lib/python3.10/site-packages/drive-robot.egg-link (link to .)
Installing driving_node script to /home/cobos/Documents/Movement/install/drive_robot/lib/drive_robot
Installing motor_control_node script to /home/cobos/Documents/Movement/install/drive_robot/lib/drive_robot

Installed /home/cobos/Documents/Movement/build/drive_robot
running symlink_data
