[1.324s] Invoking command in '/home/cobos/Documents/Movement/build/drive_robot': PYTHONPATH=/home/cobos/Documents/Movement/build/drive_robot/prefix_override:/usr/lib/python3/dist-packages/colcon_core/task/python/colcon_distutils_commands:/home/cobos/Documents/Movement/install/drive_robot/lib/python3.10/site-packages:${PYTHONPATH} /usr/bin/python3 -W ignore:setup.py install is deprecated setup.py develop --editable --build-directory /home/cobos/Documents/Movement/build/drive_robot/build --no-deps symlink_data
[1.478s] /home/cobos/.local/lib/python3.10/site-packages/setuptools/_distutils/dist.py:261: UserWarning: Unknown distribution option: 'tests_require'
[1.478s]   warnings.warn(msg)
[1.646s] running develop
[1.646s] /home/cobos/.local/lib/python3.10/site-packages/setuptools/command/develop.py:41: EasyInstallDeprecationWarning: easy_install command is deprecated.
[1.646s] !!
[1.646s] 
[1.646s]         ********************************************************************************
[1.646s]         Please avoid running ``setup.py`` and ``easy_install``.
[1.647s]         Instead, use pypa/build, pypa/installer or other
[1.647s]         standards-based tools.
[1.647s] 
[1.647s]         See https://github.com/pypa/setuptools/issues/917 for details.
[1.647s]         ********************************************************************************
[1.647s] 
[1.647s] !!
[1.647s]   easy_install.initialize_options(self)
[1.869s] running egg_info
[1.885s] writing drive_robot.egg-info/PKG-INFO
[1.885s] writing dependency_links to drive_robot.egg-info/dependency_links.txt
[1.886s] writing entry points to drive_robot.egg-info/entry_points.txt
[1.886s] writing requirements to drive_robot.egg-info/requires.txt
[1.886s] writing top-level names to drive_robot.egg-info/top_level.txt
[1.920s] reading manifest file 'drive_robot.egg-info/SOURCES.txt'
[1.921s] writing manifest file 'drive_robot.egg-info/SOURCES.txt'
[1.940s] running build_ext
[1.940s] Creating /home/cobos/Documents/Movement/install/drive_robot/lib/python3.10/site-packages/drive-robot.egg-link (link to .)
[1.940s] Installing driving_node script to /home/cobos/Documents/Movement/install/drive_robot/lib/drive_robot
[1.941s] Installing motor_control_node script to /home/cobos/Documents/Movement/install/drive_robot/lib/drive_robot
[1.941s] 
[1.941s] Installed /home/cobos/Documents/Movement/build/drive_robot
[1.942s] running symlink_data
[1.990s] Invoked command in '/home/cobos/Documents/Movement/build/drive_robot' returned '0': PYTHONPATH=/home/cobos/Documents/Movement/build/drive_robot/prefix_override:/usr/lib/python3/dist-packages/colcon_core/task/python/colcon_distutils_commands:/home/cobos/Documents/Movement/install/drive_robot/lib/python3.10/site-packages:${PYTHONPATH} /usr/bin/python3 -W ignore:setup.py install is deprecated setup.py develop --editable --build-directory /home/cobos/Documents/Movement/build/drive_robot/build --no-deps symlink_data
