[0.107s] DEBUG:colcon:Command line arguments: ['/usr/bin/colcon', 'build', '--symlink-install']
[0.108s] DEBUG:colcon:Parsed command line arguments: Namespace(log_base=None, log_level=None, verb_name='build', build_base='build', install_base='install', merge_install=False, symlink_install=True, test_result_base=None, continue_on_error=False, executor='parallel', parallel_workers=12, event_handlers=None, ignore_user_meta=False, metas=['./colcon.meta'], base_paths=['.'], packages_ignore=None, packages_ignore_regex=None, paths=None, packages_up_to=None, packages_up_to_regex=None, packages_above=None, packages_above_and_dependencies=None, packages_above_depth=None, packages_select_by_dep=None, packages_skip_by_dep=None, packages_skip_up_to=None, packages_select_build_failed=False, packages_skip_build_finished=False, packages_select_test_failures=False, packages_skip_test_passed=False, packages_select=None, packages_skip=None, packages_select_regex=None, packages_skip_regex=None, packages_start=None, packages_end=None, allow_overriding=[], cmake_args=None, cmake_target=None, cmake_target_skip_unavailable=False, cmake_clean_cache=False, cmake_clean_first=False, cmake_force_configure=False, ament_cmake_args=None, catkin_cmake_args=None, catkin_skip_building_tests=False, verb_parser=<colcon_defaults.argument_parser.defaults.DefaultArgumentsDecorator object at 0x6ffc90a37310>, verb_extension=<colcon_core.verb.build.BuildVerb object at 0x6ffc90ba77c0>, main=<bound method BuildVerb.main of <colcon_core.verb.build.BuildVerb object at 0x6ffc90ba77c0>>)
[0.173s] Level 1:colcon.colcon_core.package_discovery:discover_packages(colcon_meta) check parameters
[0.174s] Level 1:colcon.colcon_core.package_discovery:discover_packages(recursive) check parameters
[0.174s] Level 1:colcon.colcon_core.package_discovery:discover_packages(ignore) check parameters
[0.174s] Level 1:colcon.colcon_core.package_discovery:discover_packages(path) check parameters
[0.174s] Level 1:colcon.colcon_core.package_discovery:discover_packages(colcon_meta) discover
[0.174s] Level 1:colcon.colcon_core.package_discovery:discover_packages(recursive) discover
[0.174s] INFO:colcon.colcon_core.package_discovery:Crawling recursively for packages in '/home/cobos/Documents/Movement'
[0.174s] Level 1:colcon.colcon_core.package_identification:_identify(.) by extensions ['ignore', 'ignore_ament_install']
[0.174s] Level 1:colcon.colcon_core.package_identification:_identify(.) by extension 'ignore'
[0.174s] Level 1:colcon.colcon_core.package_identification:_identify(.) by extension 'ignore_ament_install'
[0.174s] Level 1:colcon.colcon_core.package_identification:_identify(.) by extensions ['colcon_pkg']
[0.174s] Level 1:colcon.colcon_core.package_identification:_identify(.) by extension 'colcon_pkg'
[0.174s] Level 1:colcon.colcon_core.package_identification:_identify(.) by extensions ['colcon_meta']
[0.174s] Level 1:colcon.colcon_core.package_identification:_identify(.) by extension 'colcon_meta'
[0.174s] Level 1:colcon.colcon_core.package_identification:_identify(.) by extensions ['ros']
[0.174s] Level 1:colcon.colcon_core.package_identification:_identify(.) by extension 'ros'
[0.194s] Level 1:colcon.colcon_core.package_identification:_identify(.) by extensions ['cmake', 'python']
[0.194s] Level 1:colcon.colcon_core.package_identification:_identify(.) by extension 'cmake'
[0.194s] Level 1:colcon.colcon_core.package_identification:_identify(.) by extension 'python'
[0.194s] Level 1:colcon.colcon_core.package_identification:_identify(.) by extensions ['python_setup_py']
[0.195s] Level 1:colcon.colcon_core.package_identification:_identify(.) by extension 'python_setup_py'
[0.195s] Level 1:colcon.colcon_core.package_identification:_identify(build) by extensions ['ignore', 'ignore_ament_install']
[0.195s] Level 1:colcon.colcon_core.package_identification:_identify(build) by extension 'ignore'
[0.195s] Level 1:colcon.colcon_core.package_identification:_identify(build) ignored
[0.195s] Level 1:colcon.colcon_core.package_identification:_identify(install) by extensions ['ignore', 'ignore_ament_install']
[0.195s] Level 1:colcon.colcon_core.package_identification:_identify(install) by extension 'ignore'
[0.195s] Level 1:colcon.colcon_core.package_identification:_identify(install) ignored
[0.195s] Level 1:colcon.colcon_core.package_identification:_identify(log) by extensions ['ignore', 'ignore_ament_install']
[0.195s] Level 1:colcon.colcon_core.package_identification:_identify(log) by extension 'ignore'
[0.195s] Level 1:colcon.colcon_core.package_identification:_identify(log) ignored
[0.195s] Level 1:colcon.colcon_core.package_identification:_identify(src) by extensions ['ignore', 'ignore_ament_install']
[0.195s] Level 1:colcon.colcon_core.package_identification:_identify(src) by extension 'ignore'
[0.196s] Level 1:colcon.colcon_core.package_identification:_identify(src) by extension 'ignore_ament_install'
[0.196s] Level 1:colcon.colcon_core.package_identification:_identify(src) by extensions ['colcon_pkg']
[0.196s] Level 1:colcon.colcon_core.package_identification:_identify(src) by extension 'colcon_pkg'
[0.196s] Level 1:colcon.colcon_core.package_identification:_identify(src) by extensions ['colcon_meta']
[0.196s] Level 1:colcon.colcon_core.package_identification:_identify(src) by extension 'colcon_meta'
[0.196s] Level 1:colcon.colcon_core.package_identification:_identify(src) by extensions ['ros']
[0.196s] Level 1:colcon.colcon_core.package_identification:_identify(src) by extension 'ros'
[0.196s] Level 1:colcon.colcon_core.package_identification:_identify(src) by extensions ['cmake', 'python']
[0.196s] Level 1:colcon.colcon_core.package_identification:_identify(src) by extension 'cmake'
[0.196s] Level 1:colcon.colcon_core.package_identification:_identify(src) by extension 'python'
[0.196s] Level 1:colcon.colcon_core.package_identification:_identify(src) by extensions ['python_setup_py']
[0.196s] Level 1:colcon.colcon_core.package_identification:_identify(src) by extension 'python_setup_py'
[0.196s] Level 1:colcon.colcon_core.package_identification:_identify(src/ROS-TCP-Endpoint) by extensions ['ignore', 'ignore_ament_install']
[0.196s] Level 1:colcon.colcon_core.package_identification:_identify(src/ROS-TCP-Endpoint) by extension 'ignore'
[0.196s] Level 1:colcon.colcon_core.package_identification:_identify(src/ROS-TCP-Endpoint) by extension 'ignore_ament_install'
[0.196s] Level 1:colcon.colcon_core.package_identification:_identify(src/ROS-TCP-Endpoint) by extensions ['colcon_pkg']
[0.196s] Level 1:colcon.colcon_core.package_identification:_identify(src/ROS-TCP-Endpoint) by extension 'colcon_pkg'
[0.196s] Level 1:colcon.colcon_core.package_identification:_identify(src/ROS-TCP-Endpoint) by extensions ['colcon_meta']
[0.197s] Level 1:colcon.colcon_core.package_identification:_identify(src/ROS-TCP-Endpoint) by extension 'colcon_meta'
[0.197s] Level 1:colcon.colcon_core.package_identification:_identify(src/ROS-TCP-Endpoint) by extensions ['ros']
[0.197s] Level 1:colcon.colcon_core.package_identification:_identify(src/ROS-TCP-Endpoint) by extension 'ros'
[0.200s] DEBUG:colcon.colcon_core.package_identification:Package 'src/ROS-TCP-Endpoint' with type 'ros.ament_python' and name 'ros_tcp_endpoint'
[0.201s] Level 1:colcon.colcon_core.package_identification:_identify(src/drive_robot) by extensions ['ignore', 'ignore_ament_install']
[0.201s] Level 1:colcon.colcon_core.package_identification:_identify(src/drive_robot) by extension 'ignore'
[0.201s] Level 1:colcon.colcon_core.package_identification:_identify(src/drive_robot) by extension 'ignore_ament_install'
[0.201s] Level 1:colcon.colcon_core.package_identification:_identify(src/drive_robot) by extensions ['colcon_pkg']
[0.201s] Level 1:colcon.colcon_core.package_identification:_identify(src/drive_robot) by extension 'colcon_pkg'
[0.201s] Level 1:colcon.colcon_core.package_identification:_identify(src/drive_robot) by extensions ['colcon_meta']
[0.201s] Level 1:colcon.colcon_core.package_identification:_identify(src/drive_robot) by extension 'colcon_meta'
[0.201s] Level 1:colcon.colcon_core.package_identification:_identify(src/drive_robot) by extensions ['ros']
[0.201s] Level 1:colcon.colcon_core.package_identification:_identify(src/drive_robot) by extension 'ros'
[0.202s] DEBUG:colcon.colcon_core.package_identification:Package 'src/drive_robot' with type 'ros.ament_python' and name 'drive_robot'
[0.202s] Level 1:colcon.colcon_core.package_identification:_identify(src/my_robot) by extensions ['ignore', 'ignore_ament_install']
[0.202s] Level 1:colcon.colcon_core.package_identification:_identify(src/my_robot) by extension 'ignore'
[0.202s] Level 1:colcon.colcon_core.package_identification:_identify(src/my_robot) by extension 'ignore_ament_install'
[0.202s] Level 1:colcon.colcon_core.package_identification:_identify(src/my_robot) by extensions ['colcon_pkg']
[0.202s] Level 1:colcon.colcon_core.package_identification:_identify(src/my_robot) by extension 'colcon_pkg'
[0.202s] Level 1:colcon.colcon_core.package_identification:_identify(src/my_robot) by extensions ['colcon_meta']
[0.202s] Level 1:colcon.colcon_core.package_identification:_identify(src/my_robot) by extension 'colcon_meta'
[0.202s] Level 1:colcon.colcon_core.package_identification:_identify(src/my_robot) by extensions ['ros']
[0.202s] Level 1:colcon.colcon_core.package_identification:_identify(src/my_robot) by extension 'ros'
[0.203s] DEBUG:colcon.colcon_core.package_identification:Package 'src/my_robot' with type 'ros.ament_python' and name 'my_robot'
[0.203s] Level 1:colcon.colcon_core.package_identification:_identify(src/ros2_bubble_rob) by extensions ['ignore', 'ignore_ament_install']
[0.203s] Level 1:colcon.colcon_core.package_identification:_identify(src/ros2_bubble_rob) by extension 'ignore'
[0.203s] Level 1:colcon.colcon_core.package_identification:_identify(src/ros2_bubble_rob) by extension 'ignore_ament_install'
[0.203s] Level 1:colcon.colcon_core.package_identification:_identify(src/ros2_bubble_rob) by extensions ['colcon_pkg']
[0.203s] Level 1:colcon.colcon_core.package_identification:_identify(src/ros2_bubble_rob) by extension 'colcon_pkg'
[0.203s] Level 1:colcon.colcon_core.package_identification:_identify(src/ros2_bubble_rob) by extensions ['colcon_meta']
[0.203s] Level 1:colcon.colcon_core.package_identification:_identify(src/ros2_bubble_rob) by extension 'colcon_meta'
[0.203s] Level 1:colcon.colcon_core.package_identification:_identify(src/ros2_bubble_rob) by extensions ['ros']
[0.203s] Level 1:colcon.colcon_core.package_identification:_identify(src/ros2_bubble_rob) by extension 'ros'
[0.204s] DEBUG:colcon.colcon_core.package_identification:Package 'src/ros2_bubble_rob' with type 'ros.ament_cmake' and name 'ros2_bubble_rob'
[0.204s] Level 1:colcon.colcon_core.package_identification:_identify(src/sim_ros2_interface) by extensions ['ignore', 'ignore_ament_install']
[0.204s] Level 1:colcon.colcon_core.package_identification:_identify(src/sim_ros2_interface) by extension 'ignore'
[0.204s] Level 1:colcon.colcon_core.package_identification:_identify(src/sim_ros2_interface) by extension 'ignore_ament_install'
[0.204s] Level 1:colcon.colcon_core.package_identification:_identify(src/sim_ros2_interface) by extensions ['colcon_pkg']
[0.204s] Level 1:colcon.colcon_core.package_identification:_identify(src/sim_ros2_interface) by extension 'colcon_pkg'
[0.204s] Level 1:colcon.colcon_core.package_identification:_identify(src/sim_ros2_interface) by extensions ['colcon_meta']
[0.204s] Level 1:colcon.colcon_core.package_identification:_identify(src/sim_ros2_interface) by extension 'colcon_meta'
[0.204s] Level 1:colcon.colcon_core.package_identification:_identify(src/sim_ros2_interface) by extensions ['ros']
[0.204s] Level 1:colcon.colcon_core.package_identification:_identify(src/sim_ros2_interface) by extension 'ros'
[0.206s] DEBUG:colcon.colcon_core.package_identification:Package 'src/sim_ros2_interface' with type 'ros.ament_cmake' and name 'sim_ros2_interface'
[0.207s] Level 1:colcon.colcon_core.package_identification:_identify(src/unity_robotics_demo) by extensions ['ignore', 'ignore_ament_install']
[0.207s] Level 1:colcon.colcon_core.package_identification:_identify(src/unity_robotics_demo) by extension 'ignore'
[0.207s] Level 1:colcon.colcon_core.package_identification:_identify(src/unity_robotics_demo) by extension 'ignore_ament_install'
[0.207s] Level 1:colcon.colcon_core.package_identification:_identify(src/unity_robotics_demo) by extensions ['colcon_pkg']
[0.207s] Level 1:colcon.colcon_core.package_identification:_identify(src/unity_robotics_demo) by extension 'colcon_pkg'
[0.207s] Level 1:colcon.colcon_core.package_identification:_identify(src/unity_robotics_demo) by extensions ['colcon_meta']
[0.207s] Level 1:colcon.colcon_core.package_identification:_identify(src/unity_robotics_demo) by extension 'colcon_meta'
[0.207s] Level 1:colcon.colcon_core.package_identification:_identify(src/unity_robotics_demo) by extensions ['ros']
[0.207s] Level 1:colcon.colcon_core.package_identification:_identify(src/unity_robotics_demo) by extension 'ros'
[0.208s] DEBUG:colcon.colcon_core.package_identification:Package 'src/unity_robotics_demo' with type 'ros.ament_python' and name 'unity_robotics_demo'
[0.208s] Level 1:colcon.colcon_core.package_identification:_identify(src/unity_robotics_demo_msgs) by extensions ['ignore', 'ignore_ament_install']
[0.208s] Level 1:colcon.colcon_core.package_identification:_identify(src/unity_robotics_demo_msgs) by extension 'ignore'
[0.208s] Level 1:colcon.colcon_core.package_identification:_identify(src/unity_robotics_demo_msgs) by extension 'ignore_ament_install'
[0.208s] Level 1:colcon.colcon_core.package_identification:_identify(src/unity_robotics_demo_msgs) by extensions ['colcon_pkg']
[0.208s] Level 1:colcon.colcon_core.package_identification:_identify(src/unity_robotics_demo_msgs) by extension 'colcon_pkg'
[0.208s] Level 1:colcon.colcon_core.package_identification:_identify(src/unity_robotics_demo_msgs) by extensions ['colcon_meta']
[0.208s] Level 1:colcon.colcon_core.package_identification:_identify(src/unity_robotics_demo_msgs) by extension 'colcon_meta'
[0.208s] Level 1:colcon.colcon_core.package_identification:_identify(src/unity_robotics_demo_msgs) by extensions ['ros']
[0.208s] Level 1:colcon.colcon_core.package_identification:_identify(src/unity_robotics_demo_msgs) by extension 'ros'
[0.209s] DEBUG:colcon.colcon_core.package_identification:Package 'src/unity_robotics_demo_msgs' with type 'ros.ament_cmake' and name 'unity_robotics_demo_msgs'
[0.209s] Level 1:colcon.colcon_core.package_discovery:discover_packages(recursive) using defaults
[0.209s] Level 1:colcon.colcon_core.package_discovery:discover_packages(ignore) discover
[0.209s] Level 1:colcon.colcon_core.package_discovery:discover_packages(ignore) using defaults
[0.209s] Level 1:colcon.colcon_core.package_discovery:discover_packages(path) discover
[0.209s] Level 1:colcon.colcon_core.package_discovery:discover_packages(path) using defaults
[0.241s] Level 1:colcon.colcon_core.package_discovery:discover_packages(prefix_path) check parameters
[0.241s] Level 1:colcon.colcon_core.package_discovery:discover_packages(prefix_path) discover
[0.244s] DEBUG:colcon.colcon_installed_package_information.package_discovery:Found 7 installed packages in /home/cobos/Documents/Movement/install
[0.245s] DEBUG:colcon.colcon_installed_package_information.package_discovery:Found 325 installed packages in /opt/ros/humble
[0.247s] Level 1:colcon.colcon_core.package_discovery:discover_packages(prefix_path) using defaults
[0.287s] Level 5:colcon.colcon_core.verb:set package 'drive_robot' build argument 'cmake_args' from command line to 'None'
[0.287s] Level 5:colcon.colcon_core.verb:set package 'drive_robot' build argument 'cmake_target' from command line to 'None'
[0.287s] Level 5:colcon.colcon_core.verb:set package 'drive_robot' build argument 'cmake_target_skip_unavailable' from command line to 'False'
[0.287s] Level 5:colcon.colcon_core.verb:set package 'drive_robot' build argument 'cmake_clean_cache' from command line to 'False'
[0.287s] Level 5:colcon.colcon_core.verb:set package 'drive_robot' build argument 'cmake_clean_first' from command line to 'False'
[0.287s] Level 5:colcon.colcon_core.verb:set package 'drive_robot' build argument 'cmake_force_configure' from command line to 'False'
[0.287s] Level 5:colcon.colcon_core.verb:set package 'drive_robot' build argument 'ament_cmake_args' from command line to 'None'
[0.287s] Level 5:colcon.colcon_core.verb:set package 'drive_robot' build argument 'catkin_cmake_args' from command line to 'None'
[0.288s] Level 5:colcon.colcon_core.verb:set package 'drive_robot' build argument 'catkin_skip_building_tests' from command line to 'False'
[0.288s] DEBUG:colcon.colcon_core.verb:Building package 'drive_robot' with the following arguments: {'ament_cmake_args': None, 'build_base': '/home/cobos/Documents/Movement/build/drive_robot', 'catkin_cmake_args': None, 'catkin_skip_building_tests': False, 'cmake_args': None, 'cmake_clean_cache': False, 'cmake_clean_first': False, 'cmake_force_configure': False, 'cmake_target': None, 'cmake_target_skip_unavailable': False, 'install_base': '/home/cobos/Documents/Movement/install/drive_robot', 'merge_install': False, 'path': '/home/cobos/Documents/Movement/src/drive_robot', 'symlink_install': True, 'test_result_base': None}
[0.288s] Level 5:colcon.colcon_core.verb:set package 'my_robot' build argument 'cmake_args' from command line to 'None'
[0.288s] Level 5:colcon.colcon_core.verb:set package 'my_robot' build argument 'cmake_target' from command line to 'None'
[0.288s] Level 5:colcon.colcon_core.verb:set package 'my_robot' build argument 'cmake_target_skip_unavailable' from command line to 'False'
[0.288s] Level 5:colcon.colcon_core.verb:set package 'my_robot' build argument 'cmake_clean_cache' from command line to 'False'
[0.288s] Level 5:colcon.colcon_core.verb:set package 'my_robot' build argument 'cmake_clean_first' from command line to 'False'
[0.288s] Level 5:colcon.colcon_core.verb:set package 'my_robot' build argument 'cmake_force_configure' from command line to 'False'
[0.288s] Level 5:colcon.colcon_core.verb:set package 'my_robot' build argument 'ament_cmake_args' from command line to 'None'
[0.288s] Level 5:colcon.colcon_core.verb:set package 'my_robot' build argument 'catkin_cmake_args' from command line to 'None'
[0.288s] Level 5:colcon.colcon_core.verb:set package 'my_robot' build argument 'catkin_skip_building_tests' from command line to 'False'
[0.288s] DEBUG:colcon.colcon_core.verb:Building package 'my_robot' with the following arguments: {'ament_cmake_args': None, 'build_base': '/home/cobos/Documents/Movement/build/my_robot', 'catkin_cmake_args': None, 'catkin_skip_building_tests': False, 'cmake_args': None, 'cmake_clean_cache': False, 'cmake_clean_first': False, 'cmake_force_configure': False, 'cmake_target': None, 'cmake_target_skip_unavailable': False, 'install_base': '/home/cobos/Documents/Movement/install/my_robot', 'merge_install': False, 'path': '/home/cobos/Documents/Movement/src/my_robot', 'symlink_install': True, 'test_result_base': None}
[0.289s] Level 5:colcon.colcon_core.verb:set package 'ros2_bubble_rob' build argument 'cmake_args' from command line to 'None'
[0.289s] Level 5:colcon.colcon_core.verb:set package 'ros2_bubble_rob' build argument 'cmake_target' from command line to 'None'
[0.289s] Level 5:colcon.colcon_core.verb:set package 'ros2_bubble_rob' build argument 'cmake_target_skip_unavailable' from command line to 'False'
[0.289s] Level 5:colcon.colcon_core.verb:set package 'ros2_bubble_rob' build argument 'cmake_clean_cache' from command line to 'False'
[0.289s] Level 5:colcon.colcon_core.verb:set package 'ros2_bubble_rob' build argument 'cmake_clean_first' from command line to 'False'
[0.289s] Level 5:colcon.colcon_core.verb:set package 'ros2_bubble_rob' build argument 'cmake_force_configure' from command line to 'False'
[0.289s] Level 5:colcon.colcon_core.verb:set package 'ros2_bubble_rob' build argument 'ament_cmake_args' from command line to 'None'
[0.289s] Level 5:colcon.colcon_core.verb:set package 'ros2_bubble_rob' build argument 'catkin_cmake_args' from command line to 'None'
[0.289s] Level 5:colcon.colcon_core.verb:set package 'ros2_bubble_rob' build argument 'catkin_skip_building_tests' from command line to 'False'
[0.289s] DEBUG:colcon.colcon_core.verb:Building package 'ros2_bubble_rob' with the following arguments: {'ament_cmake_args': None, 'build_base': '/home/cobos/Documents/Movement/build/ros2_bubble_rob', 'catkin_cmake_args': None, 'catkin_skip_building_tests': False, 'cmake_args': None, 'cmake_clean_cache': False, 'cmake_clean_first': False, 'cmake_force_configure': False, 'cmake_target': None, 'cmake_target_skip_unavailable': False, 'install_base': '/home/cobos/Documents/Movement/install/ros2_bubble_rob', 'merge_install': False, 'path': '/home/cobos/Documents/Movement/src/ros2_bubble_rob', 'symlink_install': True, 'test_result_base': None}
[0.289s] Level 5:colcon.colcon_core.verb:set package 'ros_tcp_endpoint' build argument 'cmake_args' from command line to 'None'
[0.289s] Level 5:colcon.colcon_core.verb:set package 'ros_tcp_endpoint' build argument 'cmake_target' from command line to 'None'
[0.289s] Level 5:colcon.colcon_core.verb:set package 'ros_tcp_endpoint' build argument 'cmake_target_skip_unavailable' from command line to 'False'
[0.289s] Level 5:colcon.colcon_core.verb:set package 'ros_tcp_endpoint' build argument 'cmake_clean_cache' from command line to 'False'
[0.289s] Level 5:colcon.colcon_core.verb:set package 'ros_tcp_endpoint' build argument 'cmake_clean_first' from command line to 'False'
[0.289s] Level 5:colcon.colcon_core.verb:set package 'ros_tcp_endpoint' build argument 'cmake_force_configure' from command line to 'False'
[0.289s] Level 5:colcon.colcon_core.verb:set package 'ros_tcp_endpoint' build argument 'ament_cmake_args' from command line to 'None'
[0.289s] Level 5:colcon.colcon_core.verb:set package 'ros_tcp_endpoint' build argument 'catkin_cmake_args' from command line to 'None'
[0.289s] Level 5:colcon.colcon_core.verb:set package 'ros_tcp_endpoint' build argument 'catkin_skip_building_tests' from command line to 'False'
[0.289s] DEBUG:colcon.colcon_core.verb:Building package 'ros_tcp_endpoint' with the following arguments: {'ament_cmake_args': None, 'build_base': '/home/cobos/Documents/Movement/build/ros_tcp_endpoint', 'catkin_cmake_args': None, 'catkin_skip_building_tests': False, 'cmake_args': None, 'cmake_clean_cache': False, 'cmake_clean_first': False, 'cmake_force_configure': False, 'cmake_target': None, 'cmake_target_skip_unavailable': False, 'install_base': '/home/cobos/Documents/Movement/install/ros_tcp_endpoint', 'merge_install': False, 'path': '/home/cobos/Documents/Movement/src/ROS-TCP-Endpoint', 'symlink_install': True, 'test_result_base': None}
[0.290s] Level 5:colcon.colcon_core.verb:set package 'sim_ros2_interface' build argument 'cmake_args' from command line to 'None'
[0.290s] Level 5:colcon.colcon_core.verb:set package 'sim_ros2_interface' build argument 'cmake_target' from command line to 'None'
[0.290s] Level 5:colcon.colcon_core.verb:set package 'sim_ros2_interface' build argument 'cmake_target_skip_unavailable' from command line to 'False'
[0.290s] Level 5:colcon.colcon_core.verb:set package 'sim_ros2_interface' build argument 'cmake_clean_cache' from command line to 'False'
[0.290s] Level 5:colcon.colcon_core.verb:set package 'sim_ros2_interface' build argument 'cmake_clean_first' from command line to 'False'
[0.290s] Level 5:colcon.colcon_core.verb:set package 'sim_ros2_interface' build argument 'cmake_force_configure' from command line to 'False'
[0.290s] Level 5:colcon.colcon_core.verb:set package 'sim_ros2_interface' build argument 'ament_cmake_args' from command line to 'None'
[0.290s] Level 5:colcon.colcon_core.verb:set package 'sim_ros2_interface' build argument 'catkin_cmake_args' from command line to 'None'
[0.290s] Level 5:colcon.colcon_core.verb:set package 'sim_ros2_interface' build argument 'catkin_skip_building_tests' from command line to 'False'
[0.290s] DEBUG:colcon.colcon_core.verb:Building package 'sim_ros2_interface' with the following arguments: {'ament_cmake_args': None, 'build_base': '/home/cobos/Documents/Movement/build/sim_ros2_interface', 'catkin_cmake_args': None, 'catkin_skip_building_tests': False, 'cmake_args': None, 'cmake_clean_cache': False, 'cmake_clean_first': False, 'cmake_force_configure': False, 'cmake_target': None, 'cmake_target_skip_unavailable': False, 'install_base': '/home/cobos/Documents/Movement/install/sim_ros2_interface', 'merge_install': False, 'path': '/home/cobos/Documents/Movement/src/sim_ros2_interface', 'symlink_install': True, 'test_result_base': None}
[0.290s] Level 5:colcon.colcon_core.verb:set package 'unity_robotics_demo' build argument 'cmake_args' from command line to 'None'
[0.290s] Level 5:colcon.colcon_core.verb:set package 'unity_robotics_demo' build argument 'cmake_target' from command line to 'None'
[0.290s] Level 5:colcon.colcon_core.verb:set package 'unity_robotics_demo' build argument 'cmake_target_skip_unavailable' from command line to 'False'
[0.290s] Level 5:colcon.colcon_core.verb:set package 'unity_robotics_demo' build argument 'cmake_clean_cache' from command line to 'False'
[0.290s] Level 5:colcon.colcon_core.verb:set package 'unity_robotics_demo' build argument 'cmake_clean_first' from command line to 'False'
[0.290s] Level 5:colcon.colcon_core.verb:set package 'unity_robotics_demo' build argument 'cmake_force_configure' from command line to 'False'
[0.290s] Level 5:colcon.colcon_core.verb:set package 'unity_robotics_demo' build argument 'ament_cmake_args' from command line to 'None'
[0.290s] Level 5:colcon.colcon_core.verb:set package 'unity_robotics_demo' build argument 'catkin_cmake_args' from command line to 'None'
[0.291s] Level 5:colcon.colcon_core.verb:set package 'unity_robotics_demo' build argument 'catkin_skip_building_tests' from command line to 'False'
[0.291s] DEBUG:colcon.colcon_core.verb:Building package 'unity_robotics_demo' with the following arguments: {'ament_cmake_args': None, 'build_base': '/home/cobos/Documents/Movement/build/unity_robotics_demo', 'catkin_cmake_args': None, 'catkin_skip_building_tests': False, 'cmake_args': None, 'cmake_clean_cache': False, 'cmake_clean_first': False, 'cmake_force_configure': False, 'cmake_target': None, 'cmake_target_skip_unavailable': False, 'install_base': '/home/cobos/Documents/Movement/install/unity_robotics_demo', 'merge_install': False, 'path': '/home/cobos/Documents/Movement/src/unity_robotics_demo', 'symlink_install': True, 'test_result_base': None}
[0.291s] Level 5:colcon.colcon_core.verb:set package 'unity_robotics_demo_msgs' build argument 'cmake_args' from command line to 'None'
[0.291s] Level 5:colcon.colcon_core.verb:set package 'unity_robotics_demo_msgs' build argument 'cmake_target' from command line to 'None'
[0.291s] Level 5:colcon.colcon_core.verb:set package 'unity_robotics_demo_msgs' build argument 'cmake_target_skip_unavailable' from command line to 'False'
[0.291s] Level 5:colcon.colcon_core.verb:set package 'unity_robotics_demo_msgs' build argument 'cmake_clean_cache' from command line to 'False'
[0.291s] Level 5:colcon.colcon_core.verb:set package 'unity_robotics_demo_msgs' build argument 'cmake_clean_first' from command line to 'False'
[0.291s] Level 5:colcon.colcon_core.verb:set package 'unity_robotics_demo_msgs' build argument 'cmake_force_configure' from command line to 'False'
[0.291s] Level 5:colcon.colcon_core.verb:set package 'unity_robotics_demo_msgs' build argument 'ament_cmake_args' from command line to 'None'
[0.291s] Level 5:colcon.colcon_core.verb:set package 'unity_robotics_demo_msgs' build argument 'catkin_cmake_args' from command line to 'None'
[0.291s] Level 5:colcon.colcon_core.verb:set package 'unity_robotics_demo_msgs' build argument 'catkin_skip_building_tests' from command line to 'False'
[0.291s] DEBUG:colcon.colcon_core.verb:Building package 'unity_robotics_demo_msgs' with the following arguments: {'ament_cmake_args': None, 'build_base': '/home/cobos/Documents/Movement/build/unity_robotics_demo_msgs', 'catkin_cmake_args': None, 'catkin_skip_building_tests': False, 'cmake_args': None, 'cmake_clean_cache': False, 'cmake_clean_first': False, 'cmake_force_configure': False, 'cmake_target': None, 'cmake_target_skip_unavailable': False, 'install_base': '/home/cobos/Documents/Movement/install/unity_robotics_demo_msgs', 'merge_install': False, 'path': '/home/cobos/Documents/Movement/src/unity_robotics_demo_msgs', 'symlink_install': True, 'test_result_base': None}
[0.291s] INFO:colcon.colcon_core.executor:Executing jobs using 'parallel' executor
[0.292s] DEBUG:colcon.colcon_parallel_executor.executor.parallel:run_until_complete
[0.292s] INFO:colcon.colcon_ros.task.ament_python.build:Building ROS package in '/home/cobos/Documents/Movement/src/drive_robot' with build type 'ament_python'
[0.293s] Level 1:colcon.colcon_core.shell:create_environment_hook('drive_robot', 'ament_prefix_path')
[0.297s] INFO:colcon.colcon_core.plugin_system:Skipping extension 'colcon_core.shell.bat': Not used on non-Windows systems
[0.297s] INFO:colcon.colcon_core.shell:Creating environment hook '/home/cobos/Documents/Movement/install/drive_robot/share/drive_robot/hook/ament_prefix_path.ps1'
[0.298s] INFO:colcon.colcon_core.shell:Creating environment descriptor '/home/cobos/Documents/Movement/install/drive_robot/share/drive_robot/hook/ament_prefix_path.dsv'
[0.298s] INFO:colcon.colcon_core.shell:Creating environment hook '/home/cobos/Documents/Movement/install/drive_robot/share/drive_robot/hook/ament_prefix_path.sh'
[0.299s] INFO:colcon.colcon_core.shell:Skip shell extension 'powershell' for command environment: Not usable outside of PowerShell
[0.299s] DEBUG:colcon.colcon_core.shell:Skip shell extension 'dsv' for command environment
[0.302s] INFO:colcon.colcon_ros.task.ament_python.build:Building ROS package in '/home/cobos/Documents/Movement/src/my_robot' with build type 'ament_python'
[0.303s] Level 1:colcon.colcon_core.shell:create_environment_hook('my_robot', 'ament_prefix_path')
[0.303s] INFO:colcon.colcon_core.shell:Creating environment hook '/home/cobos/Documents/Movement/install/my_robot/share/my_robot/hook/ament_prefix_path.ps1'
[0.304s] INFO:colcon.colcon_core.shell:Creating environment descriptor '/home/cobos/Documents/Movement/install/my_robot/share/my_robot/hook/ament_prefix_path.dsv'
[0.304s] INFO:colcon.colcon_core.shell:Creating environment hook '/home/cobos/Documents/Movement/install/my_robot/share/my_robot/hook/ament_prefix_path.sh'
[0.305s] INFO:colcon.colcon_core.shell:Skip shell extension 'powershell' for command environment: Not usable outside of PowerShell
[0.305s] DEBUG:colcon.colcon_core.shell:Skip shell extension 'dsv' for command environment
[0.309s] INFO:colcon.colcon_ros.task.ament_cmake.build:Building ROS package in '/home/cobos/Documents/Movement/src/ros2_bubble_rob' with build type 'ament_cmake'
[0.309s] INFO:colcon.colcon_cmake.task.cmake.build:Building CMake package in '/home/cobos/Documents/Movement/src/ros2_bubble_rob'
[0.309s] INFO:colcon.colcon_core.shell:Skip shell extension 'powershell' for command environment: Not usable outside of PowerShell
[0.309s] DEBUG:colcon.colcon_core.shell:Skip shell extension 'dsv' for command environment
[0.313s] INFO:colcon.colcon_ros.task.ament_python.build:Building ROS package in '/home/cobos/Documents/Movement/src/ROS-TCP-Endpoint' with build type 'ament_python'
[0.313s] Level 1:colcon.colcon_core.shell:create_environment_hook('ros_tcp_endpoint', 'ament_prefix_path')
[0.314s] INFO:colcon.colcon_core.shell:Creating environment hook '/home/cobos/Documents/Movement/install/ros_tcp_endpoint/share/ros_tcp_endpoint/hook/ament_prefix_path.ps1'
[0.314s] INFO:colcon.colcon_core.shell:Creating environment descriptor '/home/cobos/Documents/Movement/install/ros_tcp_endpoint/share/ros_tcp_endpoint/hook/ament_prefix_path.dsv'
[0.315s] INFO:colcon.colcon_core.shell:Creating environment hook '/home/cobos/Documents/Movement/install/ros_tcp_endpoint/share/ros_tcp_endpoint/hook/ament_prefix_path.sh'
[0.315s] INFO:colcon.colcon_core.shell:Skip shell extension 'powershell' for command environment: Not usable outside of PowerShell
[0.315s] DEBUG:colcon.colcon_core.shell:Skip shell extension 'dsv' for command environment
[0.318s] INFO:colcon.colcon_ros.task.ament_cmake.build:Building ROS package in '/home/cobos/Documents/Movement/src/sim_ros2_interface' with build type 'ament_cmake'
[0.318s] INFO:colcon.colcon_cmake.task.cmake.build:Building CMake package in '/home/cobos/Documents/Movement/src/sim_ros2_interface'
[0.319s] INFO:colcon.colcon_core.shell:Skip shell extension 'powershell' for command environment: Not usable outside of PowerShell
[0.319s] DEBUG:colcon.colcon_core.shell:Skip shell extension 'dsv' for command environment
[0.322s] INFO:colcon.colcon_ros.task.ament_python.build:Building ROS package in '/home/cobos/Documents/Movement/src/unity_robotics_demo' with build type 'ament_python'
[0.323s] Level 1:colcon.colcon_core.shell:create_environment_hook('unity_robotics_demo', 'ament_prefix_path')
[0.323s] INFO:colcon.colcon_core.shell:Creating environment hook '/home/cobos/Documents/Movement/install/unity_robotics_demo/share/unity_robotics_demo/hook/ament_prefix_path.ps1'
[0.324s] INFO:colcon.colcon_core.shell:Creating environment descriptor '/home/cobos/Documents/Movement/install/unity_robotics_demo/share/unity_robotics_demo/hook/ament_prefix_path.dsv'
[0.324s] INFO:colcon.colcon_core.shell:Creating environment hook '/home/cobos/Documents/Movement/install/unity_robotics_demo/share/unity_robotics_demo/hook/ament_prefix_path.sh'
[0.325s] INFO:colcon.colcon_core.shell:Skip shell extension 'powershell' for command environment: Not usable outside of PowerShell
[0.325s] DEBUG:colcon.colcon_core.shell:Skip shell extension 'dsv' for command environment
[0.328s] INFO:colcon.colcon_ros.task.ament_cmake.build:Building ROS package in '/home/cobos/Documents/Movement/src/unity_robotics_demo_msgs' with build type 'ament_cmake'
[0.329s] INFO:colcon.colcon_cmake.task.cmake.build:Building CMake package in '/home/cobos/Documents/Movement/src/unity_robotics_demo_msgs'
[0.329s] INFO:colcon.colcon_core.shell:Skip shell extension 'powershell' for command environment: Not usable outside of PowerShell
[0.329s] DEBUG:colcon.colcon_core.shell:Skip shell extension 'dsv' for command environment
[0.574s] INFO:colcon.colcon_core.task.python.build:Building Python package in '/home/cobos/Documents/Movement/src/drive_robot'
[0.574s] INFO:colcon.colcon_core.shell:Skip shell extension 'powershell' for command environment: Not usable outside of PowerShell
[0.574s] DEBUG:colcon.colcon_core.shell:Skip shell extension 'dsv' for command environment
[0.812s] INFO:colcon.colcon_core.task.python.build:Building Python package in '/home/cobos/Documents/Movement/src/my_robot'
[0.812s] INFO:colcon.colcon_core.shell:Skip shell extension 'powershell' for command environment: Not usable outside of PowerShell
[0.812s] DEBUG:colcon.colcon_core.shell:Skip shell extension 'dsv' for command environment
[0.819s] DEBUG:colcon.colcon_core.event_handler.log_command:Invoking command in '/home/cobos/Documents/Movement/build/ros2_bubble_rob': CMAKE_PREFIX_PATH=${CMAKE_PREFIX_PATH}:/home/cobos/Documents/Movement/install/unity_robotics_demo:/home/cobos/Documents/Movement/install/ros_tcp_endpoint:/home/cobos/Documents/Movement/install/my_robot:/home/cobos/Documents/Movement/install/drive_robot:/opt/ros/humble /usr/bin/cmake --build /home/cobos/Documents/Movement/build/ros2_bubble_rob -- -j12 -l12
[1.052s] INFO:colcon.colcon_core.task.python.build:Building Python package in '/home/cobos/Documents/Movement/src/ROS-TCP-Endpoint'
[1.053s] INFO:colcon.colcon_core.shell:Skip shell extension 'powershell' for command environment: Not usable outside of PowerShell
[1.053s] DEBUG:colcon.colcon_core.shell:Skip shell extension 'dsv' for command environment
[1.060s] DEBUG:colcon.colcon_core.event_handler.log_command:Invoking command in '/home/cobos/Documents/Movement/build/sim_ros2_interface': CMAKE_PREFIX_PATH=${CMAKE_PREFIX_PATH}:/home/cobos/Documents/Movement/install/unity_robotics_demo:/home/cobos/Documents/Movement/install/ros_tcp_endpoint:/home/cobos/Documents/Movement/install/my_robot:/home/cobos/Documents/Movement/install/drive_robot:/opt/ros/humble /usr/bin/cmake --build /home/cobos/Documents/Movement/build/sim_ros2_interface -- -j12 -l12
[1.295s] INFO:colcon.colcon_core.task.python.build:Building Python package in '/home/cobos/Documents/Movement/src/unity_robotics_demo'
[1.295s] INFO:colcon.colcon_core.shell:Skip shell extension 'powershell' for command environment: Not usable outside of PowerShell
[1.295s] DEBUG:colcon.colcon_core.shell:Skip shell extension 'dsv' for command environment
[1.304s] DEBUG:colcon.colcon_core.event_handler.log_command:Invoking command in '/home/cobos/Documents/Movement/build/unity_robotics_demo_msgs': CMAKE_PREFIX_PATH=${CMAKE_PREFIX_PATH}:/home/cobos/Documents/Movement/install/unity_robotics_demo:/home/cobos/Documents/Movement/install/ros_tcp_endpoint:/home/cobos/Documents/Movement/install/my_robot:/home/cobos/Documents/Movement/install/drive_robot:/opt/ros/humble /usr/bin/cmake --build /home/cobos/Documents/Movement/build/unity_robotics_demo_msgs -- -j12 -l12
[1.306s] DEBUG:colcon.colcon_core.event_handler.log_command:Invoked command in '/home/cobos/Documents/Movement/build/ros2_bubble_rob' returned '0': CMAKE_PREFIX_PATH=${CMAKE_PREFIX_PATH}:/home/cobos/Documents/Movement/install/unity_robotics_demo:/home/cobos/Documents/Movement/install/ros_tcp_endpoint:/home/cobos/Documents/Movement/install/my_robot:/home/cobos/Documents/Movement/install/drive_robot:/opt/ros/humble /usr/bin/cmake --build /home/cobos/Documents/Movement/build/ros2_bubble_rob -- -j12 -l12
[1.307s] DEBUG:colcon.colcon_core.event_handler.log_command:Invoked command in '/home/cobos/Documents/Movement/build/sim_ros2_interface' returned '0': CMAKE_PREFIX_PATH=${CMAKE_PREFIX_PATH}:/home/cobos/Documents/Movement/install/unity_robotics_demo:/home/cobos/Documents/Movement/install/ros_tcp_endpoint:/home/cobos/Documents/Movement/install/my_robot:/home/cobos/Documents/Movement/install/drive_robot:/opt/ros/humble /usr/bin/cmake --build /home/cobos/Documents/Movement/build/sim_ros2_interface -- -j12 -l12
[1.341s] DEBUG:colcon.colcon_core.event_handler.log_command:Invoking command in '/home/cobos/Documents/Movement/build/ros2_bubble_rob': CMAKE_PREFIX_PATH=${CMAKE_PREFIX_PATH}:/home/cobos/Documents/Movement/install/unity_robotics_demo:/home/cobos/Documents/Movement/install/ros_tcp_endpoint:/home/cobos/Documents/Movement/install/my_robot:/home/cobos/Documents/Movement/install/drive_robot:/opt/ros/humble /usr/bin/cmake --install /home/cobos/Documents/Movement/build/ros2_bubble_rob
[1.345s] DEBUG:colcon.colcon_core.event_handler.log_command:Invoking command in '/home/cobos/Documents/Movement/build/sim_ros2_interface': CMAKE_PREFIX_PATH=${CMAKE_PREFIX_PATH}:/home/cobos/Documents/Movement/install/unity_robotics_demo:/home/cobos/Documents/Movement/install/ros_tcp_endpoint:/home/cobos/Documents/Movement/install/my_robot:/home/cobos/Documents/Movement/install/drive_robot:/opt/ros/humble /usr/bin/cmake --install /home/cobos/Documents/Movement/build/sim_ros2_interface
[1.365s] Level 1:colcon.colcon_core.environment:create_environment_scripts_only(ros2_bubble_rob)
[1.366s] DEBUG:colcon.colcon_core.event_handler.log_command:Invoked command in '/home/cobos/Documents/Movement/build/ros2_bubble_rob' returned '0': CMAKE_PREFIX_PATH=${CMAKE_PREFIX_PATH}:/home/cobos/Documents/Movement/install/unity_robotics_demo:/home/cobos/Documents/Movement/install/ros_tcp_endpoint:/home/cobos/Documents/Movement/install/my_robot:/home/cobos/Documents/Movement/install/drive_robot:/opt/ros/humble /usr/bin/cmake --install /home/cobos/Documents/Movement/build/ros2_bubble_rob
[1.373s] Level 1:colcon.colcon_core.environment:checking '/home/cobos/Documents/Movement/install/ros2_bubble_rob' for CMake module files
[1.374s] Level 1:colcon.colcon_core.environment:checking '/home/cobos/Documents/Movement/install/ros2_bubble_rob' for CMake config files
[1.375s] Level 1:colcon.colcon_core.shell:create_environment_hook('ros2_bubble_rob', 'cmake_prefix_path')
[1.375s] INFO:colcon.colcon_core.shell:Creating environment hook '/home/cobos/Documents/Movement/install/ros2_bubble_rob/share/ros2_bubble_rob/hook/cmake_prefix_path.ps1'
[1.376s] INFO:colcon.colcon_core.shell:Creating environment descriptor '/home/cobos/Documents/Movement/install/ros2_bubble_rob/share/ros2_bubble_rob/hook/cmake_prefix_path.dsv'
[1.377s] INFO:colcon.colcon_core.shell:Creating environment hook '/home/cobos/Documents/Movement/install/ros2_bubble_rob/share/ros2_bubble_rob/hook/cmake_prefix_path.sh'
[1.378s] Level 1:colcon.colcon_core.environment:checking '/home/cobos/Documents/Movement/install/ros2_bubble_rob/lib'
[1.378s] Level 1:colcon.colcon_core.environment:checking '/home/cobos/Documents/Movement/install/ros2_bubble_rob/bin'
[1.378s] Level 1:colcon.colcon_core.environment:checking '/home/cobos/Documents/Movement/install/ros2_bubble_rob/lib/pkgconfig/ros2_bubble_rob.pc'
[1.379s] Level 1:colcon.colcon_core.environment:checking '/home/cobos/Documents/Movement/install/ros2_bubble_rob/lib/python3.10/site-packages'
[1.379s] Level 1:colcon.colcon_core.environment:checking '/home/cobos/Documents/Movement/install/ros2_bubble_rob/bin'
[1.380s] INFO:colcon.colcon_core.shell:Creating package script '/home/cobos/Documents/Movement/install/ros2_bubble_rob/share/ros2_bubble_rob/package.ps1'
[1.381s] INFO:colcon.colcon_core.shell:Creating package descriptor '/home/cobos/Documents/Movement/install/ros2_bubble_rob/share/ros2_bubble_rob/package.dsv'
[1.383s] INFO:colcon.colcon_core.shell:Creating package script '/home/cobos/Documents/Movement/install/ros2_bubble_rob/share/ros2_bubble_rob/package.sh'
[1.384s] INFO:colcon.colcon_core.shell:Creating package script '/home/cobos/Documents/Movement/install/ros2_bubble_rob/share/ros2_bubble_rob/package.bash'
[1.386s] INFO:colcon.colcon_core.shell:Creating package script '/home/cobos/Documents/Movement/install/ros2_bubble_rob/share/ros2_bubble_rob/package.zsh'
[1.387s] Level 1:colcon.colcon_core.environment:create_file_with_runtime_dependencies(/home/cobos/Documents/Movement/install/ros2_bubble_rob/share/colcon-core/packages/ros2_bubble_rob)
[1.390s] Level 1:colcon.colcon_core.environment:create_environment_scripts_only(sim_ros2_interface)
[1.390s] Level 1:colcon.colcon_core.environment:checking '/home/cobos/Documents/Movement/install/sim_ros2_interface' for CMake module files
[1.391s] DEBUG:colcon.colcon_core.event_handler.log_command:Invoked command in '/home/cobos/Documents/Movement/build/sim_ros2_interface' returned '0': CMAKE_PREFIX_PATH=${CMAKE_PREFIX_PATH}:/home/cobos/Documents/Movement/install/unity_robotics_demo:/home/cobos/Documents/Movement/install/ros_tcp_endpoint:/home/cobos/Documents/Movement/install/my_robot:/home/cobos/Documents/Movement/install/drive_robot:/opt/ros/humble /usr/bin/cmake --install /home/cobos/Documents/Movement/build/sim_ros2_interface
[1.392s] Level 1:colcon.colcon_core.environment:checking '/home/cobos/Documents/Movement/install/sim_ros2_interface' for CMake config files
[1.392s] Level 1:colcon.colcon_core.shell:create_environment_hook('sim_ros2_interface', 'cmake_prefix_path')
[1.392s] INFO:colcon.colcon_core.shell:Creating environment hook '/home/cobos/Documents/Movement/install/sim_ros2_interface/share/sim_ros2_interface/hook/cmake_prefix_path.ps1'
[1.393s] INFO:colcon.colcon_core.shell:Creating environment descriptor '/home/cobos/Documents/Movement/install/sim_ros2_interface/share/sim_ros2_interface/hook/cmake_prefix_path.dsv'
[1.394s] INFO:colcon.colcon_core.shell:Creating environment hook '/home/cobos/Documents/Movement/install/sim_ros2_interface/share/sim_ros2_interface/hook/cmake_prefix_path.sh'
[1.395s] Level 1:colcon.colcon_core.environment:checking '/home/cobos/Documents/Movement/install/sim_ros2_interface/bin'
[1.395s] Level 1:colcon.colcon_core.environment:checking '/home/cobos/Documents/Movement/install/sim_ros2_interface/lib/pkgconfig/sim_ros2_interface.pc'
[1.395s] Level 1:colcon.colcon_core.environment:checking '/home/cobos/Documents/Movement/install/sim_ros2_interface/lib/python3.10/site-packages'
[1.396s] Level 1:colcon.colcon_core.environment:checking '/home/cobos/Documents/Movement/install/sim_ros2_interface/bin'
[1.397s] INFO:colcon.colcon_core.shell:Creating package script '/home/cobos/Documents/Movement/install/sim_ros2_interface/share/sim_ros2_interface/package.ps1'
[1.398s] INFO:colcon.colcon_core.shell:Creating package descriptor '/home/cobos/Documents/Movement/install/sim_ros2_interface/share/sim_ros2_interface/package.dsv'
[1.399s] INFO:colcon.colcon_core.shell:Creating package script '/home/cobos/Documents/Movement/install/sim_ros2_interface/share/sim_ros2_interface/package.sh'
[1.399s] INFO:colcon.colcon_core.shell:Creating package script '/home/cobos/Documents/Movement/install/sim_ros2_interface/share/sim_ros2_interface/package.bash'
[1.400s] INFO:colcon.colcon_core.shell:Creating package script '/home/cobos/Documents/Movement/install/sim_ros2_interface/share/sim_ros2_interface/package.zsh'
[1.401s] Level 1:colcon.colcon_core.environment:create_file_with_runtime_dependencies(/home/cobos/Documents/Movement/install/sim_ros2_interface/share/colcon-core/packages/sim_ros2_interface)
[1.412s] Level 1:colcon.colcon_core.environment:create_environment_scripts_only(ros2_bubble_rob)
[1.413s] Level 1:colcon.colcon_core.environment:checking '/home/cobos/Documents/Movement/install/ros2_bubble_rob' for CMake module files
[1.413s] Level 1:colcon.colcon_core.environment:checking '/home/cobos/Documents/Movement/install/ros2_bubble_rob' for CMake config files
[1.414s] Level 1:colcon.colcon_core.shell:create_environment_hook('ros2_bubble_rob', 'cmake_prefix_path')
[1.414s] INFO:colcon.colcon_core.shell:Creating environment hook '/home/cobos/Documents/Movement/install/ros2_bubble_rob/share/ros2_bubble_rob/hook/cmake_prefix_path.ps1'
[1.414s] INFO:colcon.colcon_core.shell:Creating environment descriptor '/home/cobos/Documents/Movement/install/ros2_bubble_rob/share/ros2_bubble_rob/hook/cmake_prefix_path.dsv'
[1.415s] INFO:colcon.colcon_core.shell:Creating environment hook '/home/cobos/Documents/Movement/install/ros2_bubble_rob/share/ros2_bubble_rob/hook/cmake_prefix_path.sh'
[1.415s] Level 1:colcon.colcon_core.environment:checking '/home/cobos/Documents/Movement/install/ros2_bubble_rob/lib'
[1.416s] Level 1:colcon.colcon_core.environment:checking '/home/cobos/Documents/Movement/install/ros2_bubble_rob/bin'
[1.416s] Level 1:colcon.colcon_core.environment:checking '/home/cobos/Documents/Movement/install/ros2_bubble_rob/lib/pkgconfig/ros2_bubble_rob.pc'
[1.416s] Level 1:colcon.colcon_core.environment:checking '/home/cobos/Documents/Movement/install/ros2_bubble_rob/lib/python3.10/site-packages'
[1.416s] Level 1:colcon.colcon_core.environment:checking '/home/cobos/Documents/Movement/install/ros2_bubble_rob/bin'
[1.417s] INFO:colcon.colcon_core.shell:Creating package script '/home/cobos/Documents/Movement/install/ros2_bubble_rob/share/ros2_bubble_rob/package.ps1'
[1.417s] INFO:colcon.colcon_core.shell:Creating package descriptor '/home/cobos/Documents/Movement/install/ros2_bubble_rob/share/ros2_bubble_rob/package.dsv'
[1.418s] INFO:colcon.colcon_core.shell:Creating package script '/home/cobos/Documents/Movement/install/ros2_bubble_rob/share/ros2_bubble_rob/package.sh'
[1.418s] INFO:colcon.colcon_core.shell:Creating package script '/home/cobos/Documents/Movement/install/ros2_bubble_rob/share/ros2_bubble_rob/package.bash'
[1.419s] INFO:colcon.colcon_core.shell:Creating package script '/home/cobos/Documents/Movement/install/ros2_bubble_rob/share/ros2_bubble_rob/package.zsh'
[1.419s] Level 1:colcon.colcon_core.environment:create_file_with_runtime_dependencies(/home/cobos/Documents/Movement/install/ros2_bubble_rob/share/colcon-core/packages/ros2_bubble_rob)
[1.443s] Level 1:colcon.colcon_core.environment:create_environment_scripts_only(sim_ros2_interface)
[1.443s] Level 1:colcon.colcon_core.environment:checking '/home/cobos/Documents/Movement/install/sim_ros2_interface' for CMake module files
[1.444s] Level 1:colcon.colcon_core.environment:checking '/home/cobos/Documents/Movement/install/sim_ros2_interface' for CMake config files
[1.444s] Level 1:colcon.colcon_core.shell:create_environment_hook('sim_ros2_interface', 'cmake_prefix_path')
[1.444s] INFO:colcon.colcon_core.shell:Creating environment hook '/home/cobos/Documents/Movement/install/sim_ros2_interface/share/sim_ros2_interface/hook/cmake_prefix_path.ps1'
[1.445s] INFO:colcon.colcon_core.shell:Creating environment descriptor '/home/cobos/Documents/Movement/install/sim_ros2_interface/share/sim_ros2_interface/hook/cmake_prefix_path.dsv'
[1.445s] INFO:colcon.colcon_core.shell:Creating environment hook '/home/cobos/Documents/Movement/install/sim_ros2_interface/share/sim_ros2_interface/hook/cmake_prefix_path.sh'
[1.446s] Level 1:colcon.colcon_core.environment:checking '/home/cobos/Documents/Movement/install/sim_ros2_interface/bin'
[1.446s] Level 1:colcon.colcon_core.environment:checking '/home/cobos/Documents/Movement/install/sim_ros2_interface/lib/pkgconfig/sim_ros2_interface.pc'
[1.446s] Level 1:colcon.colcon_core.environment:checking '/home/cobos/Documents/Movement/install/sim_ros2_interface/lib/python3.10/site-packages'
[1.447s] Level 1:colcon.colcon_core.environment:checking '/home/cobos/Documents/Movement/install/sim_ros2_interface/bin'
[1.447s] INFO:colcon.colcon_core.shell:Creating package script '/home/cobos/Documents/Movement/install/sim_ros2_interface/share/sim_ros2_interface/package.ps1'
[1.447s] INFO:colcon.colcon_core.shell:Creating package descriptor '/home/cobos/Documents/Movement/install/sim_ros2_interface/share/sim_ros2_interface/package.dsv'
[1.448s] INFO:colcon.colcon_core.shell:Creating package script '/home/cobos/Documents/Movement/install/sim_ros2_interface/share/sim_ros2_interface/package.sh'
[1.449s] INFO:colcon.colcon_core.shell:Creating package script '/home/cobos/Documents/Movement/install/sim_ros2_interface/share/sim_ros2_interface/package.bash'
[1.449s] INFO:colcon.colcon_core.shell:Creating package script '/home/cobos/Documents/Movement/install/sim_ros2_interface/share/sim_ros2_interface/package.zsh'
[1.450s] Level 1:colcon.colcon_core.environment:create_file_with_runtime_dependencies(/home/cobos/Documents/Movement/install/sim_ros2_interface/share/colcon-core/packages/sim_ros2_interface)
[2.187s] DEBUG:colcon.colcon_core.event_handler.log_command:Invoking command in '/home/cobos/Documents/Movement/build/my_robot': PYTHONPATH=/home/cobos/Documents/Movement/build/my_robot/prefix_override:/usr/lib/python3/dist-packages/colcon_core/task/python/colcon_distutils_commands:/home/cobos/Documents/Movement/install/my_robot/lib/python3.10/site-packages:${PYTHONPATH} /usr/bin/python3 -W ignore:setup.py install is deprecated setup.py develop --editable --build-directory /home/cobos/Documents/Movement/build/my_robot/build --no-deps symlink_data
[2.191s] DEBUG:colcon.colcon_core.event_handler.log_command:Invoking command in '/home/cobos/Documents/Movement/build/unity_robotics_demo': PYTHONPATH=/home/cobos/Documents/Movement/build/unity_robotics_demo/prefix_override:/usr/lib/python3/dist-packages/colcon_core/task/python/colcon_distutils_commands:/home/cobos/Documents/Movement/install/unity_robotics_demo/lib/python3.10/site-packages:${PYTHONPATH} /usr/bin/python3 -W ignore:setup.py install is deprecated setup.py develop --editable --build-directory /home/cobos/Documents/Movement/build/unity_robotics_demo/build --no-deps symlink_data
[2.192s] DEBUG:colcon.colcon_core.event_handler.log_command:Invoking command in '/home/cobos/Documents/Movement/build/ros_tcp_endpoint': PYTHONPATH=/home/cobos/Documents/Movement/build/ros_tcp_endpoint/prefix_override:/usr/lib/python3/dist-packages/colcon_core/task/python/colcon_distutils_commands:/home/cobos/Documents/Movement/install/ros_tcp_endpoint/lib/python3.10/site-packages:${PYTHONPATH} /usr/bin/python3 -W ignore:setup.py install is deprecated setup.py develop --editable --build-directory /home/cobos/Documents/Movement/build/ros_tcp_endpoint/build --no-deps symlink_data
[2.201s] DEBUG:colcon.colcon_core.event_handler.log_command:Invoking command in '/home/cobos/Documents/Movement/build/drive_robot': PYTHONPATH=/home/cobos/Documents/Movement/build/drive_robot/prefix_override:/usr/lib/python3/dist-packages/colcon_core/task/python/colcon_distutils_commands:/home/cobos/Documents/Movement/install/drive_robot/lib/python3.10/site-packages:${PYTHONPATH} /usr/bin/python3 -W ignore:setup.py install is deprecated setup.py develop --editable --build-directory /home/cobos/Documents/Movement/build/drive_robot/build --no-deps symlink_data
[3.126s] Level 1:colcon.colcon_core.shell:create_environment_hook('ros_tcp_endpoint', 'pythonpath_develop')
[3.127s] INFO:colcon.colcon_core.shell:Creating environment hook '/home/cobos/Documents/Movement/build/ros_tcp_endpoint/share/ros_tcp_endpoint/hook/pythonpath_develop.ps1'
[3.128s] DEBUG:colcon.colcon_core.event_handler.log_command:Invoked command in '/home/cobos/Documents/Movement/build/ros_tcp_endpoint' returned '0': PYTHONPATH=/home/cobos/Documents/Movement/build/ros_tcp_endpoint/prefix_override:/usr/lib/python3/dist-packages/colcon_core/task/python/colcon_distutils_commands:/home/cobos/Documents/Movement/install/ros_tcp_endpoint/lib/python3.10/site-packages:${PYTHONPATH} /usr/bin/python3 -W ignore:setup.py install is deprecated setup.py develop --editable --build-directory /home/cobos/Documents/Movement/build/ros_tcp_endpoint/build --no-deps symlink_data
[3.128s] INFO:colcon.colcon_core.shell:Creating environment descriptor '/home/cobos/Documents/Movement/build/ros_tcp_endpoint/share/ros_tcp_endpoint/hook/pythonpath_develop.dsv'
[3.129s] INFO:colcon.colcon_core.shell:Creating environment hook '/home/cobos/Documents/Movement/build/ros_tcp_endpoint/share/ros_tcp_endpoint/hook/pythonpath_develop.sh'
[3.130s] Level 1:colcon.colcon_core.environment:checking '/home/cobos/Documents/Movement/install/ros_tcp_endpoint' for CMake module files
[3.131s] Level 1:colcon.colcon_core.environment:checking '/home/cobos/Documents/Movement/install/ros_tcp_endpoint' for CMake config files
[3.132s] Level 1:colcon.colcon_core.environment:checking '/home/cobos/Documents/Movement/install/ros_tcp_endpoint/lib'
[3.132s] Level 1:colcon.colcon_core.environment:checking '/home/cobos/Documents/Movement/install/ros_tcp_endpoint/bin'
[3.132s] Level 1:colcon.colcon_core.environment:checking '/home/cobos/Documents/Movement/install/ros_tcp_endpoint/lib/pkgconfig/ros_tcp_endpoint.pc'
[3.133s] Level 1:colcon.colcon_core.environment:checking '/home/cobos/Documents/Movement/install/ros_tcp_endpoint/lib/python3.10/site-packages'
[3.133s] Level 1:colcon.colcon_core.shell:create_environment_hook('ros_tcp_endpoint', 'pythonpath')
[3.133s] INFO:colcon.colcon_core.shell:Creating environment hook '/home/cobos/Documents/Movement/install/ros_tcp_endpoint/share/ros_tcp_endpoint/hook/pythonpath.ps1'
[3.134s] INFO:colcon.colcon_core.shell:Creating environment descriptor '/home/cobos/Documents/Movement/install/ros_tcp_endpoint/share/ros_tcp_endpoint/hook/pythonpath.dsv'
[3.134s] INFO:colcon.colcon_core.shell:Creating environment hook '/home/cobos/Documents/Movement/install/ros_tcp_endpoint/share/ros_tcp_endpoint/hook/pythonpath.sh'
[3.135s] Level 1:colcon.colcon_core.environment:checking '/home/cobos/Documents/Movement/install/ros_tcp_endpoint/bin'
[3.135s] Level 1:colcon.colcon_core.environment:create_environment_scripts_only(ros_tcp_endpoint)
[3.136s] INFO:colcon.colcon_core.shell:Creating package script '/home/cobos/Documents/Movement/install/ros_tcp_endpoint/share/ros_tcp_endpoint/package.ps1'
[3.137s] INFO:colcon.colcon_core.shell:Creating package descriptor '/home/cobos/Documents/Movement/install/ros_tcp_endpoint/share/ros_tcp_endpoint/package.dsv'
[3.137s] INFO:colcon.colcon_core.shell:Creating package script '/home/cobos/Documents/Movement/install/ros_tcp_endpoint/share/ros_tcp_endpoint/package.sh'
[3.138s] INFO:colcon.colcon_core.shell:Creating package script '/home/cobos/Documents/Movement/install/ros_tcp_endpoint/share/ros_tcp_endpoint/package.bash'
[3.139s] INFO:colcon.colcon_core.shell:Creating package script '/home/cobos/Documents/Movement/install/ros_tcp_endpoint/share/ros_tcp_endpoint/package.zsh'
[3.139s] Level 1:colcon.colcon_core.environment:create_file_with_runtime_dependencies(/home/cobos/Documents/Movement/install/ros_tcp_endpoint/share/colcon-core/packages/ros_tcp_endpoint)
[3.141s] Level 1:colcon.colcon_core.shell:create_environment_hook('my_robot', 'pythonpath_develop')
[3.141s] INFO:colcon.colcon_core.shell:Creating environment hook '/home/cobos/Documents/Movement/build/my_robot/share/my_robot/hook/pythonpath_develop.ps1'
[3.142s] DEBUG:colcon.colcon_core.event_handler.log_command:Invoked command in '/home/cobos/Documents/Movement/build/my_robot' returned '0': PYTHONPATH=/home/cobos/Documents/Movement/build/my_robot/prefix_override:/usr/lib/python3/dist-packages/colcon_core/task/python/colcon_distutils_commands:/home/cobos/Documents/Movement/install/my_robot/lib/python3.10/site-packages:${PYTHONPATH} /usr/bin/python3 -W ignore:setup.py install is deprecated setup.py develop --editable --build-directory /home/cobos/Documents/Movement/build/my_robot/build --no-deps symlink_data
[3.143s] INFO:colcon.colcon_core.shell:Creating environment descriptor '/home/cobos/Documents/Movement/build/my_robot/share/my_robot/hook/pythonpath_develop.dsv'
[3.143s] INFO:colcon.colcon_core.shell:Creating environment hook '/home/cobos/Documents/Movement/build/my_robot/share/my_robot/hook/pythonpath_develop.sh'
[3.144s] Level 1:colcon.colcon_core.environment:checking '/home/cobos/Documents/Movement/install/my_robot' for CMake module files
[3.144s] Level 1:colcon.colcon_core.environment:checking '/home/cobos/Documents/Movement/install/my_robot' for CMake config files
[3.145s] Level 1:colcon.colcon_core.environment:checking '/home/cobos/Documents/Movement/install/my_robot/lib'
[3.145s] Level 1:colcon.colcon_core.environment:checking '/home/cobos/Documents/Movement/install/my_robot/bin'
[3.146s] Level 1:colcon.colcon_core.environment:checking '/home/cobos/Documents/Movement/install/my_robot/lib/pkgconfig/my_robot.pc'
[3.146s] Level 1:colcon.colcon_core.environment:checking '/home/cobos/Documents/Movement/install/my_robot/lib/python3.10/site-packages'
[3.146s] Level 1:colcon.colcon_core.shell:create_environment_hook('my_robot', 'pythonpath')
[3.146s] INFO:colcon.colcon_core.shell:Creating environment hook '/home/cobos/Documents/Movement/install/my_robot/share/my_robot/hook/pythonpath.ps1'
[3.147s] INFO:colcon.colcon_core.shell:Creating environment descriptor '/home/cobos/Documents/Movement/install/my_robot/share/my_robot/hook/pythonpath.dsv'
[3.147s] INFO:colcon.colcon_core.shell:Creating environment hook '/home/cobos/Documents/Movement/install/my_robot/share/my_robot/hook/pythonpath.sh'
[3.148s] Level 1:colcon.colcon_core.environment:checking '/home/cobos/Documents/Movement/install/my_robot/bin'
[3.148s] Level 1:colcon.colcon_core.environment:create_environment_scripts_only(my_robot)
[3.149s] INFO:colcon.colcon_core.shell:Creating package script '/home/cobos/Documents/Movement/install/my_robot/share/my_robot/package.ps1'
[3.149s] INFO:colcon.colcon_core.shell:Creating package descriptor '/home/cobos/Documents/Movement/install/my_robot/share/my_robot/package.dsv'
[3.150s] INFO:colcon.colcon_core.shell:Creating package script '/home/cobos/Documents/Movement/install/my_robot/share/my_robot/package.sh'
[3.151s] INFO:colcon.colcon_core.shell:Creating package script '/home/cobos/Documents/Movement/install/my_robot/share/my_robot/package.bash'
[3.151s] INFO:colcon.colcon_core.shell:Creating package script '/home/cobos/Documents/Movement/install/my_robot/share/my_robot/package.zsh'
[3.152s] Level 1:colcon.colcon_core.environment:create_file_with_runtime_dependencies(/home/cobos/Documents/Movement/install/my_robot/share/colcon-core/packages/my_robot)
[3.152s] Level 1:colcon.colcon_core.shell:create_environment_hook('drive_robot', 'pythonpath_develop')
[3.152s] INFO:colcon.colcon_core.shell:Creating environment hook '/home/cobos/Documents/Movement/build/drive_robot/share/drive_robot/hook/pythonpath_develop.ps1'
[3.153s] INFO:colcon.colcon_core.shell:Creating environment descriptor '/home/cobos/Documents/Movement/build/drive_robot/share/drive_robot/hook/pythonpath_develop.dsv'
[3.153s] DEBUG:colcon.colcon_core.event_handler.log_command:Invoked command in '/home/cobos/Documents/Movement/build/drive_robot' returned '0': PYTHONPATH=/home/cobos/Documents/Movement/build/drive_robot/prefix_override:/usr/lib/python3/dist-packages/colcon_core/task/python/colcon_distutils_commands:/home/cobos/Documents/Movement/install/drive_robot/lib/python3.10/site-packages:${PYTHONPATH} /usr/bin/python3 -W ignore:setup.py install is deprecated setup.py develop --editable --build-directory /home/cobos/Documents/Movement/build/drive_robot/build --no-deps symlink_data
[3.154s] INFO:colcon.colcon_core.shell:Creating environment hook '/home/cobos/Documents/Movement/build/drive_robot/share/drive_robot/hook/pythonpath_develop.sh'
[3.155s] Level 1:colcon.colcon_core.environment:checking '/home/cobos/Documents/Movement/install/drive_robot' for CMake module files
[3.155s] Level 1:colcon.colcon_core.environment:checking '/home/cobos/Documents/Movement/install/drive_robot' for CMake config files
[3.156s] Level 1:colcon.colcon_core.environment:checking '/home/cobos/Documents/Movement/install/drive_robot/lib'
[3.156s] Level 1:colcon.colcon_core.environment:checking '/home/cobos/Documents/Movement/install/drive_robot/bin'
[3.156s] Level 1:colcon.colcon_core.environment:checking '/home/cobos/Documents/Movement/install/drive_robot/lib/pkgconfig/drive_robot.pc'
[3.156s] Level 1:colcon.colcon_core.environment:checking '/home/cobos/Documents/Movement/install/drive_robot/lib/python3.10/site-packages'
[3.157s] Level 1:colcon.colcon_core.shell:create_environment_hook('drive_robot', 'pythonpath')
[3.157s] INFO:colcon.colcon_core.shell:Creating environment hook '/home/cobos/Documents/Movement/install/drive_robot/share/drive_robot/hook/pythonpath.ps1'
[3.157s] INFO:colcon.colcon_core.shell:Creating environment descriptor '/home/cobos/Documents/Movement/install/drive_robot/share/drive_robot/hook/pythonpath.dsv'
[3.158s] INFO:colcon.colcon_core.shell:Creating environment hook '/home/cobos/Documents/Movement/install/drive_robot/share/drive_robot/hook/pythonpath.sh'
[3.158s] Level 1:colcon.colcon_core.environment:checking '/home/cobos/Documents/Movement/install/drive_robot/bin'
[3.159s] Level 1:colcon.colcon_core.environment:create_environment_scripts_only(drive_robot)
[3.159s] INFO:colcon.colcon_core.shell:Creating package script '/home/cobos/Documents/Movement/install/drive_robot/share/drive_robot/package.ps1'
[3.160s] INFO:colcon.colcon_core.shell:Creating package descriptor '/home/cobos/Documents/Movement/install/drive_robot/share/drive_robot/package.dsv'
[3.161s] INFO:colcon.colcon_core.shell:Creating package script '/home/cobos/Documents/Movement/install/drive_robot/share/drive_robot/package.sh'
[3.162s] INFO:colcon.colcon_core.shell:Creating package script '/home/cobos/Documents/Movement/install/drive_robot/share/drive_robot/package.bash'
[3.162s] INFO:colcon.colcon_core.shell:Creating package script '/home/cobos/Documents/Movement/install/drive_robot/share/drive_robot/package.zsh'
[3.163s] Level 1:colcon.colcon_core.environment:create_file_with_runtime_dependencies(/home/cobos/Documents/Movement/install/drive_robot/share/colcon-core/packages/drive_robot)
[3.164s] Level 1:colcon.colcon_core.shell:create_environment_hook('unity_robotics_demo', 'pythonpath_develop')
[3.165s] INFO:colcon.colcon_core.shell:Creating environment hook '/home/cobos/Documents/Movement/build/unity_robotics_demo/share/unity_robotics_demo/hook/pythonpath_develop.ps1'
[3.166s] INFO:colcon.colcon_core.shell:Creating environment descriptor '/home/cobos/Documents/Movement/build/unity_robotics_demo/share/unity_robotics_demo/hook/pythonpath_develop.dsv'
[3.168s] DEBUG:colcon.colcon_core.event_handler.log_command:Invoked command in '/home/cobos/Documents/Movement/build/unity_robotics_demo' returned '0': PYTHONPATH=/home/cobos/Documents/Movement/build/unity_robotics_demo/prefix_override:/usr/lib/python3/dist-packages/colcon_core/task/python/colcon_distutils_commands:/home/cobos/Documents/Movement/install/unity_robotics_demo/lib/python3.10/site-packages:${PYTHONPATH} /usr/bin/python3 -W ignore:setup.py install is deprecated setup.py develop --editable --build-directory /home/cobos/Documents/Movement/build/unity_robotics_demo/build --no-deps symlink_data
[3.168s] INFO:colcon.colcon_core.shell:Creating environment hook '/home/cobos/Documents/Movement/build/unity_robotics_demo/share/unity_robotics_demo/hook/pythonpath_develop.sh'
[3.170s] Level 1:colcon.colcon_core.environment:checking '/home/cobos/Documents/Movement/install/unity_robotics_demo' for CMake module files
[3.171s] Level 1:colcon.colcon_core.environment:checking '/home/cobos/Documents/Movement/install/unity_robotics_demo' for CMake config files
[3.172s] Level 1:colcon.colcon_core.environment:checking '/home/cobos/Documents/Movement/install/unity_robotics_demo/lib'
[3.172s] Level 1:colcon.colcon_core.environment:checking '/home/cobos/Documents/Movement/install/unity_robotics_demo/bin'
[3.172s] Level 1:colcon.colcon_core.environment:checking '/home/cobos/Documents/Movement/install/unity_robotics_demo/lib/pkgconfig/unity_robotics_demo.pc'
[3.173s] Level 1:colcon.colcon_core.environment:checking '/home/cobos/Documents/Movement/install/unity_robotics_demo/lib/python3.10/site-packages'
[3.173s] Level 1:colcon.colcon_core.shell:create_environment_hook('unity_robotics_demo', 'pythonpath')
[3.173s] INFO:colcon.colcon_core.shell:Creating environment hook '/home/cobos/Documents/Movement/install/unity_robotics_demo/share/unity_robotics_demo/hook/pythonpath.ps1'
[3.174s] INFO:colcon.colcon_core.shell:Creating environment descriptor '/home/cobos/Documents/Movement/install/unity_robotics_demo/share/unity_robotics_demo/hook/pythonpath.dsv'
[3.175s] INFO:colcon.colcon_core.shell:Creating environment hook '/home/cobos/Documents/Movement/install/unity_robotics_demo/share/unity_robotics_demo/hook/pythonpath.sh'
[3.176s] Level 1:colcon.colcon_core.environment:checking '/home/cobos/Documents/Movement/install/unity_robotics_demo/bin'
[3.176s] Level 1:colcon.colcon_core.environment:create_environment_scripts_only(unity_robotics_demo)
[3.177s] INFO:colcon.colcon_core.shell:Creating package script '/home/cobos/Documents/Movement/install/unity_robotics_demo/share/unity_robotics_demo/package.ps1'
[3.178s] INFO:colcon.colcon_core.shell:Creating package descriptor '/home/cobos/Documents/Movement/install/unity_robotics_demo/share/unity_robotics_demo/package.dsv'
[3.179s] INFO:colcon.colcon_core.shell:Creating package script '/home/cobos/Documents/Movement/install/unity_robotics_demo/share/unity_robotics_demo/package.sh'
[3.180s] INFO:colcon.colcon_core.shell:Creating package script '/home/cobos/Documents/Movement/install/unity_robotics_demo/share/unity_robotics_demo/package.bash'
[3.181s] INFO:colcon.colcon_core.shell:Creating package script '/home/cobos/Documents/Movement/install/unity_robotics_demo/share/unity_robotics_demo/package.zsh'
[3.181s] Level 1:colcon.colcon_core.environment:create_file_with_runtime_dependencies(/home/cobos/Documents/Movement/install/unity_robotics_demo/share/colcon-core/packages/unity_robotics_demo)
[3.538s] DEBUG:colcon.colcon_core.event_handler.log_command:Invoked command in '/home/cobos/Documents/Movement/build/unity_robotics_demo_msgs' returned '0': CMAKE_PREFIX_PATH=${CMAKE_PREFIX_PATH}:/home/cobos/Documents/Movement/install/unity_robotics_demo:/home/cobos/Documents/Movement/install/ros_tcp_endpoint:/home/cobos/Documents/Movement/install/my_robot:/home/cobos/Documents/Movement/install/drive_robot:/opt/ros/humble /usr/bin/cmake --build /home/cobos/Documents/Movement/build/unity_robotics_demo_msgs -- -j12 -l12
[3.629s] DEBUG:colcon.colcon_core.event_handler.log_command:Invoking command in '/home/cobos/Documents/Movement/build/unity_robotics_demo_msgs': CMAKE_PREFIX_PATH=${CMAKE_PREFIX_PATH}:/home/cobos/Documents/Movement/install/unity_robotics_demo:/home/cobos/Documents/Movement/install/ros_tcp_endpoint:/home/cobos/Documents/Movement/install/my_robot:/home/cobos/Documents/Movement/install/drive_robot:/opt/ros/humble /usr/bin/cmake --install /home/cobos/Documents/Movement/build/unity_robotics_demo_msgs
[3.713s] Level 1:colcon.colcon_core.environment:create_environment_scripts_only(unity_robotics_demo_msgs)
[3.713s] Level 1:colcon.colcon_core.environment:checking '/home/cobos/Documents/Movement/install/unity_robotics_demo_msgs' for CMake module files
[3.714s] DEBUG:colcon.colcon_core.event_handler.log_command:Invoked command in '/home/cobos/Documents/Movement/build/unity_robotics_demo_msgs' returned '0': CMAKE_PREFIX_PATH=${CMAKE_PREFIX_PATH}:/home/cobos/Documents/Movement/install/unity_robotics_demo:/home/cobos/Documents/Movement/install/ros_tcp_endpoint:/home/cobos/Documents/Movement/install/my_robot:/home/cobos/Documents/Movement/install/drive_robot:/opt/ros/humble /usr/bin/cmake --install /home/cobos/Documents/Movement/build/unity_robotics_demo_msgs
[3.714s] Level 1:colcon.colcon_core.environment:checking '/home/cobos/Documents/Movement/install/unity_robotics_demo_msgs' for CMake config files
[3.715s] Level 1:colcon.colcon_core.shell:create_environment_hook('unity_robotics_demo_msgs', 'cmake_prefix_path')
[3.715s] INFO:colcon.colcon_core.shell:Creating environment hook '/home/cobos/Documents/Movement/install/unity_robotics_demo_msgs/share/unity_robotics_demo_msgs/hook/cmake_prefix_path.ps1'
[3.716s] INFO:colcon.colcon_core.shell:Creating environment descriptor '/home/cobos/Documents/Movement/install/unity_robotics_demo_msgs/share/unity_robotics_demo_msgs/hook/cmake_prefix_path.dsv'
[3.716s] INFO:colcon.colcon_core.shell:Creating environment hook '/home/cobos/Documents/Movement/install/unity_robotics_demo_msgs/share/unity_robotics_demo_msgs/hook/cmake_prefix_path.sh'
[3.717s] Level 1:colcon.colcon_core.environment:checking '/home/cobos/Documents/Movement/install/unity_robotics_demo_msgs/lib'
[3.717s] Level 1:colcon.colcon_core.shell:create_environment_hook('unity_robotics_demo_msgs', 'ld_library_path_lib')
[3.717s] INFO:colcon.colcon_core.shell:Creating environment hook '/home/cobos/Documents/Movement/install/unity_robotics_demo_msgs/share/unity_robotics_demo_msgs/hook/ld_library_path_lib.ps1'
[3.717s] INFO:colcon.colcon_core.shell:Creating environment descriptor '/home/cobos/Documents/Movement/install/unity_robotics_demo_msgs/share/unity_robotics_demo_msgs/hook/ld_library_path_lib.dsv'
[3.718s] INFO:colcon.colcon_core.shell:Creating environment hook '/home/cobos/Documents/Movement/install/unity_robotics_demo_msgs/share/unity_robotics_demo_msgs/hook/ld_library_path_lib.sh'
[3.718s] Level 1:colcon.colcon_core.environment:checking '/home/cobos/Documents/Movement/install/unity_robotics_demo_msgs/bin'
[3.718s] Level 1:colcon.colcon_core.environment:checking '/home/cobos/Documents/Movement/install/unity_robotics_demo_msgs/lib/pkgconfig/unity_robotics_demo_msgs.pc'
[3.718s] Level 1:colcon.colcon_core.environment:checking '/home/cobos/Documents/Movement/install/unity_robotics_demo_msgs/lib/python3.10/site-packages'
[3.719s] Level 1:colcon.colcon_core.environment:checking '/home/cobos/Documents/Movement/install/unity_robotics_demo_msgs/bin'
[3.719s] INFO:colcon.colcon_core.shell:Creating package script '/home/cobos/Documents/Movement/install/unity_robotics_demo_msgs/share/unity_robotics_demo_msgs/package.ps1'
[3.719s] INFO:colcon.colcon_core.shell:Creating package descriptor '/home/cobos/Documents/Movement/install/unity_robotics_demo_msgs/share/unity_robotics_demo_msgs/package.dsv'
[3.720s] INFO:colcon.colcon_core.shell:Creating package script '/home/cobos/Documents/Movement/install/unity_robotics_demo_msgs/share/unity_robotics_demo_msgs/package.sh'
[3.720s] INFO:colcon.colcon_core.shell:Creating package script '/home/cobos/Documents/Movement/install/unity_robotics_demo_msgs/share/unity_robotics_demo_msgs/package.bash'
[3.721s] INFO:colcon.colcon_core.shell:Creating package script '/home/cobos/Documents/Movement/install/unity_robotics_demo_msgs/share/unity_robotics_demo_msgs/package.zsh'
[3.721s] Level 1:colcon.colcon_core.environment:create_file_with_runtime_dependencies(/home/cobos/Documents/Movement/install/unity_robotics_demo_msgs/share/colcon-core/packages/unity_robotics_demo_msgs)
[3.810s] Level 1:colcon.colcon_core.environment:create_environment_scripts_only(unity_robotics_demo_msgs)
[3.810s] Level 1:colcon.colcon_core.environment:checking '/home/cobos/Documents/Movement/install/unity_robotics_demo_msgs' for CMake module files
[3.811s] Level 1:colcon.colcon_core.environment:checking '/home/cobos/Documents/Movement/install/unity_robotics_demo_msgs' for CMake config files
[3.811s] Level 1:colcon.colcon_core.shell:create_environment_hook('unity_robotics_demo_msgs', 'cmake_prefix_path')
[3.812s] INFO:colcon.colcon_core.shell:Creating environment hook '/home/cobos/Documents/Movement/install/unity_robotics_demo_msgs/share/unity_robotics_demo_msgs/hook/cmake_prefix_path.ps1'
[3.812s] INFO:colcon.colcon_core.shell:Creating environment descriptor '/home/cobos/Documents/Movement/install/unity_robotics_demo_msgs/share/unity_robotics_demo_msgs/hook/cmake_prefix_path.dsv'
[3.812s] INFO:colcon.colcon_core.shell:Creating environment hook '/home/cobos/Documents/Movement/install/unity_robotics_demo_msgs/share/unity_robotics_demo_msgs/hook/cmake_prefix_path.sh'
[3.813s] Level 1:colcon.colcon_core.environment:checking '/home/cobos/Documents/Movement/install/unity_robotics_demo_msgs/lib'
[3.813s] Level 1:colcon.colcon_core.shell:create_environment_hook('unity_robotics_demo_msgs', 'ld_library_path_lib')
[3.813s] INFO:colcon.colcon_core.shell:Creating environment hook '/home/cobos/Documents/Movement/install/unity_robotics_demo_msgs/share/unity_robotics_demo_msgs/hook/ld_library_path_lib.ps1'
[3.814s] INFO:colcon.colcon_core.shell:Creating environment descriptor '/home/cobos/Documents/Movement/install/unity_robotics_demo_msgs/share/unity_robotics_demo_msgs/hook/ld_library_path_lib.dsv'
[3.814s] INFO:colcon.colcon_core.shell:Creating environment hook '/home/cobos/Documents/Movement/install/unity_robotics_demo_msgs/share/unity_robotics_demo_msgs/hook/ld_library_path_lib.sh'
[3.815s] Level 1:colcon.colcon_core.environment:checking '/home/cobos/Documents/Movement/install/unity_robotics_demo_msgs/bin'
[3.815s] Level 1:colcon.colcon_core.environment:checking '/home/cobos/Documents/Movement/install/unity_robotics_demo_msgs/lib/pkgconfig/unity_robotics_demo_msgs.pc'
[3.815s] Level 1:colcon.colcon_core.environment:checking '/home/cobos/Documents/Movement/install/unity_robotics_demo_msgs/lib/python3.10/site-packages'
[3.815s] Level 1:colcon.colcon_core.environment:checking '/home/cobos/Documents/Movement/install/unity_robotics_demo_msgs/bin'
[3.815s] INFO:colcon.colcon_core.shell:Creating package script '/home/cobos/Documents/Movement/install/unity_robotics_demo_msgs/share/unity_robotics_demo_msgs/package.ps1'
[3.816s] INFO:colcon.colcon_core.shell:Creating package descriptor '/home/cobos/Documents/Movement/install/unity_robotics_demo_msgs/share/unity_robotics_demo_msgs/package.dsv'
[3.817s] INFO:colcon.colcon_core.shell:Creating package script '/home/cobos/Documents/Movement/install/unity_robotics_demo_msgs/share/unity_robotics_demo_msgs/package.sh'
[3.817s] INFO:colcon.colcon_core.shell:Creating package script '/home/cobos/Documents/Movement/install/unity_robotics_demo_msgs/share/unity_robotics_demo_msgs/package.bash'
[3.817s] INFO:colcon.colcon_core.shell:Creating package script '/home/cobos/Documents/Movement/install/unity_robotics_demo_msgs/share/unity_robotics_demo_msgs/package.zsh'
[3.818s] Level 1:colcon.colcon_core.environment:create_file_with_runtime_dependencies(/home/cobos/Documents/Movement/install/unity_robotics_demo_msgs/share/colcon-core/packages/unity_robotics_demo_msgs)
[3.818s] DEBUG:colcon.colcon_parallel_executor.executor.parallel:closing loop
[3.818s] DEBUG:colcon.colcon_parallel_executor.executor.parallel:loop closed
[3.819s] DEBUG:colcon.colcon_parallel_executor.executor.parallel:run_until_complete finished with '0'
[3.819s] DEBUG:colcon.colcon_core.event_reactor:joining thread
[3.825s] INFO:colcon.colcon_core.plugin_system:Skipping extension 'colcon_notification.desktop_notification.terminal_notifier': Not used on non-Darwin systems
[3.825s] INFO:colcon.colcon_core.plugin_system:Skipping extension 'colcon_notification.desktop_notification.win32': Not used on non-Windows systems
[3.825s] INFO:colcon.colcon_notification.desktop_notification:Sending desktop notification using 'notify2'
[3.838s] DEBUG:colcon.colcon_core.event_reactor:joined thread
[3.838s] INFO:colcon.colcon_core.shell:Creating prefix script '/home/cobos/Documents/Movement/install/local_setup.ps1'
[3.839s] INFO:colcon.colcon_core.shell:Creating prefix util module '/home/cobos/Documents/Movement/install/_local_setup_util_ps1.py'
[3.841s] INFO:colcon.colcon_core.shell:Creating prefix chain script '/home/cobos/Documents/Movement/install/setup.ps1'
[3.843s] INFO:colcon.colcon_core.shell:Creating prefix script '/home/cobos/Documents/Movement/install/local_setup.sh'
[3.844s] INFO:colcon.colcon_core.shell:Creating prefix util module '/home/cobos/Documents/Movement/install/_local_setup_util_sh.py'
[3.845s] INFO:colcon.colcon_core.shell:Creating prefix chain script '/home/cobos/Documents/Movement/install/setup.sh'
[3.846s] INFO:colcon.colcon_core.shell:Creating prefix script '/home/cobos/Documents/Movement/install/local_setup.bash'
[3.847s] INFO:colcon.colcon_core.shell:Creating prefix chain script '/home/cobos/Documents/Movement/install/setup.bash'
[3.849s] INFO:colcon.colcon_core.shell:Creating prefix script '/home/cobos/Documents/Movement/install/local_setup.zsh'
[3.849s] INFO:colcon.colcon_core.shell:Creating prefix chain script '/home/cobos/Documents/Movement/install/setup.zsh'
