/home/cobos/.local/lib/python3.10/site-packages/setuptools/dist.py:488: SetuptoolsDeprecationWarning: Invalid dash-separated options
!!

        ********************************************************************************
        Usage of dash-separated 'script-dir' will not be supported in future
        versions. Please use the underscore name 'script_dir' instead.

        By 2025-Mar-03, you need to update your project and remove deprecated calls
        or your builds will no longer be supported.

        See https://setuptools.pypa.io/en/latest/userguide/declarative_config.html for details.
        ********************************************************************************

!!
  opt = self.warn_dash_deprecation(opt, section)
/home/cobos/.local/lib/python3.10/site-packages/setuptools/_distutils/dist.py:261: UserWarning: Unknown distribution option: 'tests_require'
  warnings.warn(msg)
running develop
/home/cobos/.local/lib/python3.10/site-packages/setuptools/command/develop.py:41: EasyInstallDeprecationWarning: easy_install command is deprecated.
!!

        ********************************************************************************
        Please avoid running ``setup.py`` and ``easy_install``.
        Instead, use pypa/build, pypa/installer or other
        standards-based tools.

        See https://github.com/pypa/setuptools/issues/917 for details.
        ********************************************************************************

!!
  easy_install.initialize_options(self)
running egg_info
creating unity_robotics_demo.egg-info
writing unity_robotics_demo.egg-info/PKG-INFO
writing dependency_links to unity_robotics_demo.egg-info/dependency_links.txt
writing entry points to unity_robotics_demo.egg-info/entry_points.txt
writing requirements to unity_robotics_demo.egg-info/requires.txt
writing top-level names to unity_robotics_demo.egg-info/top_level.txt
writing manifest file 'unity_robotics_demo.egg-info/SOURCES.txt'
reading manifest file 'unity_robotics_demo.egg-info/SOURCES.txt'
writing manifest file 'unity_robotics_demo.egg-info/SOURCES.txt'
running build_ext
Creating /home/cobos/Documents/Movement/install/unity_robotics_demo/lib/python3.10/site-packages/unity-robotics-demo.egg-link (link to .)
Installing color_publisher script to /home/cobos/Documents/Movement/install/unity_robotics_demo/lib/unity_robotics_demo
Installing position_service script to /home/cobos/Documents/Movement/install/unity_robotics_demo/lib/unity_robotics_demo

Installed /home/cobos/Documents/Movement/build/unity_robotics_demo
running symlink_data
creating /home/cobos/Documents/Movement/install/unity_robotics_demo/share/ament_index/resource_index/packages
symbolically linking /home/cobos/Documents/Movement/build/unity_robotics_demo/resource/unity_robotics_demo -> /home/cobos/Documents/Movement/install/unity_robotics_demo/share/ament_index/resource_index/packages
symbolically linking /home/cobos/Documents/Movement/build/unity_robotics_demo/package.xml -> /home/cobos/Documents/Movement/install/unity_robotics_demo/share/unity_robotics_demo
