[0.092s] DEBUG:colcon:Command line arguments: ['/usr/bin/colcon', 'build', '--symlink-install']
[0.092s] DEBUG:colcon:Parsed command line arguments: Namespace(log_base=None, log_level=None, verb_name='build', build_base='build', install_base='install', merge_install=False, symlink_install=True, test_result_base=None, continue_on_error=False, executor='parallel', parallel_workers=12, event_handlers=None, ignore_user_meta=False, metas=['./colcon.meta'], base_paths=['.'], packages_ignore=None, packages_ignore_regex=None, paths=None, packages_up_to=None, packages_up_to_regex=None, packages_above=None, packages_above_and_dependencies=None, packages_above_depth=None, packages_select_by_dep=None, packages_skip_by_dep=None, packages_skip_up_to=None, packages_select_build_failed=False, packages_skip_build_finished=False, packages_select_test_failures=False, packages_skip_test_passed=False, packages_select=None, packages_skip=None, packages_select_regex=None, packages_skip_regex=None, packages_start=None, packages_end=None, allow_overriding=[], cmake_args=None, cmake_target=None, cmake_target_skip_unavailable=False, cmake_clean_cache=False, cmake_clean_first=False, cmake_force_configure=False, ament_cmake_args=None, catkin_cmake_args=None, catkin_skip_building_tests=False, verb_parser=<colcon_defaults.argument_parser.defaults.DefaultArgumentsDecorator object at 0x75fffc13af20>, verb_extension=<colcon_core.verb.build.BuildVerb object at 0x75fffc2ab3d0>, main=<bound method BuildVerb.main of <colcon_core.verb.build.BuildVerb object at 0x75fffc2ab3d0>>)
[0.125s] Level 1:colcon.colcon_core.package_discovery:discover_packages(colcon_meta) check parameters
[0.125s] Level 1:colcon.colcon_core.package_discovery:discover_packages(recursive) check parameters
[0.125s] Level 1:colcon.colcon_core.package_discovery:discover_packages(ignore) check parameters
[0.125s] Level 1:colcon.colcon_core.package_discovery:discover_packages(path) check parameters
[0.125s] Level 1:colcon.colcon_core.package_discovery:discover_packages(colcon_meta) discover
[0.125s] Level 1:colcon.colcon_core.package_discovery:discover_packages(recursive) discover
[0.125s] INFO:colcon.colcon_core.package_discovery:Crawling recursively for packages in '/home/cobos/Documents/Movement'
[0.125s] Level 1:colcon.colcon_core.package_identification:_identify(.) by extensions ['ignore', 'ignore_ament_install']
[0.125s] Level 1:colcon.colcon_core.package_identification:_identify(.) by extension 'ignore'
[0.125s] Level 1:colcon.colcon_core.package_identification:_identify(.) by extension 'ignore_ament_install'
[0.125s] Level 1:colcon.colcon_core.package_identification:_identify(.) by extensions ['colcon_pkg']
[0.125s] Level 1:colcon.colcon_core.package_identification:_identify(.) by extension 'colcon_pkg'
[0.125s] Level 1:colcon.colcon_core.package_identification:_identify(.) by extensions ['colcon_meta']
[0.125s] Level 1:colcon.colcon_core.package_identification:_identify(.) by extension 'colcon_meta'
[0.125s] Level 1:colcon.colcon_core.package_identification:_identify(.) by extensions ['ros']
[0.125s] Level 1:colcon.colcon_core.package_identification:_identify(.) by extension 'ros'
[0.138s] Level 1:colcon.colcon_core.package_identification:_identify(.) by extensions ['cmake', 'python']
[0.138s] Level 1:colcon.colcon_core.package_identification:_identify(.) by extension 'cmake'
[0.138s] Level 1:colcon.colcon_core.package_identification:_identify(.) by extension 'python'
[0.138s] Level 1:colcon.colcon_core.package_identification:_identify(.) by extensions ['python_setup_py']
[0.138s] Level 1:colcon.colcon_core.package_identification:_identify(.) by extension 'python_setup_py'
[0.138s] Level 1:colcon.colcon_core.package_identification:_identify(build) by extensions ['ignore', 'ignore_ament_install']
[0.138s] Level 1:colcon.colcon_core.package_identification:_identify(build) by extension 'ignore'
[0.138s] Level 1:colcon.colcon_core.package_identification:_identify(build) ignored
[0.138s] Level 1:colcon.colcon_core.package_identification:_identify(install) by extensions ['ignore', 'ignore_ament_install']
[0.138s] Level 1:colcon.colcon_core.package_identification:_identify(install) by extension 'ignore'
[0.138s] Level 1:colcon.colcon_core.package_identification:_identify(install) ignored
[0.139s] Level 1:colcon.colcon_core.package_identification:_identify(log) by extensions ['ignore', 'ignore_ament_install']
[0.139s] Level 1:colcon.colcon_core.package_identification:_identify(log) by extension 'ignore'
[0.139s] Level 1:colcon.colcon_core.package_identification:_identify(log) ignored
[0.139s] Level 1:colcon.colcon_core.package_identification:_identify(src) by extensions ['ignore', 'ignore_ament_install']
[0.139s] Level 1:colcon.colcon_core.package_identification:_identify(src) by extension 'ignore'
[0.139s] Level 1:colcon.colcon_core.package_identification:_identify(src) by extension 'ignore_ament_install'
[0.139s] Level 1:colcon.colcon_core.package_identification:_identify(src) by extensions ['colcon_pkg']
[0.139s] Level 1:colcon.colcon_core.package_identification:_identify(src) by extension 'colcon_pkg'
[0.139s] Level 1:colcon.colcon_core.package_identification:_identify(src) by extensions ['colcon_meta']
[0.139s] Level 1:colcon.colcon_core.package_identification:_identify(src) by extension 'colcon_meta'
[0.139s] Level 1:colcon.colcon_core.package_identification:_identify(src) by extensions ['ros']
[0.139s] Level 1:colcon.colcon_core.package_identification:_identify(src) by extension 'ros'
[0.139s] Level 1:colcon.colcon_core.package_identification:_identify(src) by extensions ['cmake', 'python']
[0.139s] Level 1:colcon.colcon_core.package_identification:_identify(src) by extension 'cmake'
[0.139s] Level 1:colcon.colcon_core.package_identification:_identify(src) by extension 'python'
[0.139s] Level 1:colcon.colcon_core.package_identification:_identify(src) by extensions ['python_setup_py']
[0.139s] Level 1:colcon.colcon_core.package_identification:_identify(src) by extension 'python_setup_py'
[0.139s] Level 1:colcon.colcon_core.package_identification:_identify(src/ROS-TCP-Endpoint) by extensions ['ignore', 'ignore_ament_install']
[0.139s] Level 1:colcon.colcon_core.package_identification:_identify(src/ROS-TCP-Endpoint) by extension 'ignore'
[0.139s] Level 1:colcon.colcon_core.package_identification:_identify(src/ROS-TCP-Endpoint) by extension 'ignore_ament_install'
[0.140s] Level 1:colcon.colcon_core.package_identification:_identify(src/ROS-TCP-Endpoint) by extensions ['colcon_pkg']
[0.140s] Level 1:colcon.colcon_core.package_identification:_identify(src/ROS-TCP-Endpoint) by extension 'colcon_pkg'
[0.140s] Level 1:colcon.colcon_core.package_identification:_identify(src/ROS-TCP-Endpoint) by extensions ['colcon_meta']
[0.140s] Level 1:colcon.colcon_core.package_identification:_identify(src/ROS-TCP-Endpoint) by extension 'colcon_meta'
[0.140s] Level 1:colcon.colcon_core.package_identification:_identify(src/ROS-TCP-Endpoint) by extensions ['ros']
[0.140s] Level 1:colcon.colcon_core.package_identification:_identify(src/ROS-TCP-Endpoint) by extension 'ros'
[0.141s] DEBUG:colcon.colcon_core.package_identification:Package 'src/ROS-TCP-Endpoint' with type 'ros.ament_python' and name 'ros_tcp_endpoint'
[0.142s] Level 1:colcon.colcon_core.package_identification:_identify(src/drive_robot) by extensions ['ignore', 'ignore_ament_install']
[0.142s] Level 1:colcon.colcon_core.package_identification:_identify(src/drive_robot) by extension 'ignore'
[0.142s] Level 1:colcon.colcon_core.package_identification:_identify(src/drive_robot) by extension 'ignore_ament_install'
[0.142s] Level 1:colcon.colcon_core.package_identification:_identify(src/drive_robot) by extensions ['colcon_pkg']
[0.142s] Level 1:colcon.colcon_core.package_identification:_identify(src/drive_robot) by extension 'colcon_pkg'
[0.142s] Level 1:colcon.colcon_core.package_identification:_identify(src/drive_robot) by extensions ['colcon_meta']
[0.142s] Level 1:colcon.colcon_core.package_identification:_identify(src/drive_robot) by extension 'colcon_meta'
[0.142s] Level 1:colcon.colcon_core.package_identification:_identify(src/drive_robot) by extensions ['ros']
[0.142s] Level 1:colcon.colcon_core.package_identification:_identify(src/drive_robot) by extension 'ros'
[0.142s] DEBUG:colcon.colcon_core.package_identification:Package 'src/drive_robot' with type 'ros.ament_python' and name 'drive_robot'
[0.143s] Level 1:colcon.colcon_core.package_identification:_identify(src/my_robot) by extensions ['ignore', 'ignore_ament_install']
[0.143s] Level 1:colcon.colcon_core.package_identification:_identify(src/my_robot) by extension 'ignore'
[0.143s] Level 1:colcon.colcon_core.package_identification:_identify(src/my_robot) by extension 'ignore_ament_install'
[0.143s] Level 1:colcon.colcon_core.package_identification:_identify(src/my_robot) by extensions ['colcon_pkg']
[0.143s] Level 1:colcon.colcon_core.package_identification:_identify(src/my_robot) by extension 'colcon_pkg'
[0.143s] Level 1:colcon.colcon_core.package_identification:_identify(src/my_robot) by extensions ['colcon_meta']
[0.143s] Level 1:colcon.colcon_core.package_identification:_identify(src/my_robot) by extension 'colcon_meta'
[0.143s] Level 1:colcon.colcon_core.package_identification:_identify(src/my_robot) by extensions ['ros']
[0.143s] Level 1:colcon.colcon_core.package_identification:_identify(src/my_robot) by extension 'ros'
[0.143s] DEBUG:colcon.colcon_core.package_identification:Package 'src/my_robot' with type 'ros.ament_python' and name 'my_robot'
[0.143s] Level 1:colcon.colcon_core.package_identification:_identify(src/ros2_bubble_rob) by extensions ['ignore', 'ignore_ament_install']
[0.143s] Level 1:colcon.colcon_core.package_identification:_identify(src/ros2_bubble_rob) by extension 'ignore'
[0.144s] Level 1:colcon.colcon_core.package_identification:_identify(src/ros2_bubble_rob) by extension 'ignore_ament_install'
[0.144s] Level 1:colcon.colcon_core.package_identification:_identify(src/ros2_bubble_rob) by extensions ['colcon_pkg']
[0.144s] Level 1:colcon.colcon_core.package_identification:_identify(src/ros2_bubble_rob) by extension 'colcon_pkg'
[0.144s] Level 1:colcon.colcon_core.package_identification:_identify(src/ros2_bubble_rob) by extensions ['colcon_meta']
[0.144s] Level 1:colcon.colcon_core.package_identification:_identify(src/ros2_bubble_rob) by extension 'colcon_meta'
[0.144s] Level 1:colcon.colcon_core.package_identification:_identify(src/ros2_bubble_rob) by extensions ['ros']
[0.144s] Level 1:colcon.colcon_core.package_identification:_identify(src/ros2_bubble_rob) by extension 'ros'
[0.144s] DEBUG:colcon.colcon_core.package_identification:Package 'src/ros2_bubble_rob' with type 'ros.ament_cmake' and name 'ros2_bubble_rob'
[0.144s] Level 1:colcon.colcon_core.package_identification:_identify(src/sim_ros2_interface) by extensions ['ignore', 'ignore_ament_install']
[0.144s] Level 1:colcon.colcon_core.package_identification:_identify(src/sim_ros2_interface) by extension 'ignore'
[0.144s] Level 1:colcon.colcon_core.package_identification:_identify(src/sim_ros2_interface) by extension 'ignore_ament_install'
[0.144s] Level 1:colcon.colcon_core.package_identification:_identify(src/sim_ros2_interface) by extensions ['colcon_pkg']
[0.144s] Level 1:colcon.colcon_core.package_identification:_identify(src/sim_ros2_interface) by extension 'colcon_pkg'
[0.145s] Level 1:colcon.colcon_core.package_identification:_identify(src/sim_ros2_interface) by extensions ['colcon_meta']
[0.145s] Level 1:colcon.colcon_core.package_identification:_identify(src/sim_ros2_interface) by extension 'colcon_meta'
[0.145s] Level 1:colcon.colcon_core.package_identification:_identify(src/sim_ros2_interface) by extensions ['ros']
[0.145s] Level 1:colcon.colcon_core.package_identification:_identify(src/sim_ros2_interface) by extension 'ros'
[0.146s] DEBUG:colcon.colcon_core.package_identification:Package 'src/sim_ros2_interface' with type 'ros.ament_cmake' and name 'sim_ros2_interface'
[0.146s] Level 1:colcon.colcon_core.package_identification:_identify(src/unity_robotics_demo) by extensions ['ignore', 'ignore_ament_install']
[0.146s] Level 1:colcon.colcon_core.package_identification:_identify(src/unity_robotics_demo) by extension 'ignore'
[0.147s] Level 1:colcon.colcon_core.package_identification:_identify(src/unity_robotics_demo) by extension 'ignore_ament_install'
[0.147s] Level 1:colcon.colcon_core.package_identification:_identify(src/unity_robotics_demo) by extensions ['colcon_pkg']
[0.147s] Level 1:colcon.colcon_core.package_identification:_identify(src/unity_robotics_demo) by extension 'colcon_pkg'
[0.147s] Level 1:colcon.colcon_core.package_identification:_identify(src/unity_robotics_demo) by extensions ['colcon_meta']
[0.147s] Level 1:colcon.colcon_core.package_identification:_identify(src/unity_robotics_demo) by extension 'colcon_meta'
[0.147s] Level 1:colcon.colcon_core.package_identification:_identify(src/unity_robotics_demo) by extensions ['ros']
[0.147s] Level 1:colcon.colcon_core.package_identification:_identify(src/unity_robotics_demo) by extension 'ros'
[0.147s] DEBUG:colcon.colcon_core.package_identification:Package 'src/unity_robotics_demo' with type 'ros.ament_python' and name 'unity_robotics_demo'
[0.147s] Level 1:colcon.colcon_core.package_identification:_identify(src/unity_robotics_demo_msgs) by extensions ['ignore', 'ignore_ament_install']
[0.147s] Level 1:colcon.colcon_core.package_identification:_identify(src/unity_robotics_demo_msgs) by extension 'ignore'
[0.147s] Level 1:colcon.colcon_core.package_identification:_identify(src/unity_robotics_demo_msgs) by extension 'ignore_ament_install'
[0.147s] Level 1:colcon.colcon_core.package_identification:_identify(src/unity_robotics_demo_msgs) by extensions ['colcon_pkg']
[0.148s] Level 1:colcon.colcon_core.package_identification:_identify(src/unity_robotics_demo_msgs) by extension 'colcon_pkg'
[0.148s] Level 1:colcon.colcon_core.package_identification:_identify(src/unity_robotics_demo_msgs) by extensions ['colcon_meta']
[0.148s] Level 1:colcon.colcon_core.package_identification:_identify(src/unity_robotics_demo_msgs) by extension 'colcon_meta'
[0.148s] Level 1:colcon.colcon_core.package_identification:_identify(src/unity_robotics_demo_msgs) by extensions ['ros']
[0.148s] Level 1:colcon.colcon_core.package_identification:_identify(src/unity_robotics_demo_msgs) by extension 'ros'
[0.148s] DEBUG:colcon.colcon_core.package_identification:Package 'src/unity_robotics_demo_msgs' with type 'ros.ament_cmake' and name 'unity_robotics_demo_msgs'
[0.148s] Level 1:colcon.colcon_core.package_discovery:discover_packages(recursive) using defaults
[0.148s] Level 1:colcon.colcon_core.package_discovery:discover_packages(ignore) discover
[0.148s] Level 1:colcon.colcon_core.package_discovery:discover_packages(ignore) using defaults
[0.148s] Level 1:colcon.colcon_core.package_discovery:discover_packages(path) discover
[0.148s] Level 1:colcon.colcon_core.package_discovery:discover_packages(path) using defaults
[0.166s] Level 1:colcon.colcon_core.package_discovery:discover_packages(prefix_path) check parameters
[0.166s] Level 1:colcon.colcon_core.package_discovery:discover_packages(prefix_path) discover
[0.167s] DEBUG:colcon.colcon_installed_package_information.package_discovery:Found 5 installed packages in /home/cobos/Documents/Movement/install
[0.168s] DEBUG:colcon.colcon_installed_package_information.package_discovery:Found 325 installed packages in /opt/ros/humble
[0.169s] Level 1:colcon.colcon_core.package_discovery:discover_packages(prefix_path) using defaults
[0.204s] Level 5:colcon.colcon_core.verb:set package 'drive_robot' build argument 'cmake_args' from command line to 'None'
[0.204s] Level 5:colcon.colcon_core.verb:set package 'drive_robot' build argument 'cmake_target' from command line to 'None'
[0.204s] Level 5:colcon.colcon_core.verb:set package 'drive_robot' build argument 'cmake_target_skip_unavailable' from command line to 'False'
[0.204s] Level 5:colcon.colcon_core.verb:set package 'drive_robot' build argument 'cmake_clean_cache' from command line to 'False'
[0.204s] Level 5:colcon.colcon_core.verb:set package 'drive_robot' build argument 'cmake_clean_first' from command line to 'False'
[0.204s] Level 5:colcon.colcon_core.verb:set package 'drive_robot' build argument 'cmake_force_configure' from command line to 'False'
[0.204s] Level 5:colcon.colcon_core.verb:set package 'drive_robot' build argument 'ament_cmake_args' from command line to 'None'
[0.204s] Level 5:colcon.colcon_core.verb:set package 'drive_robot' build argument 'catkin_cmake_args' from command line to 'None'
[0.204s] Level 5:colcon.colcon_core.verb:set package 'drive_robot' build argument 'catkin_skip_building_tests' from command line to 'False'
[0.204s] DEBUG:colcon.colcon_core.verb:Building package 'drive_robot' with the following arguments: {'ament_cmake_args': None, 'build_base': '/home/cobos/Documents/Movement/build/drive_robot', 'catkin_cmake_args': None, 'catkin_skip_building_tests': False, 'cmake_args': None, 'cmake_clean_cache': False, 'cmake_clean_first': False, 'cmake_force_configure': False, 'cmake_target': None, 'cmake_target_skip_unavailable': False, 'install_base': '/home/cobos/Documents/Movement/install/drive_robot', 'merge_install': False, 'path': '/home/cobos/Documents/Movement/src/drive_robot', 'symlink_install': True, 'test_result_base': None}
[0.205s] Level 5:colcon.colcon_core.verb:set package 'my_robot' build argument 'cmake_args' from command line to 'None'
[0.205s] Level 5:colcon.colcon_core.verb:set package 'my_robot' build argument 'cmake_target' from command line to 'None'
[0.205s] Level 5:colcon.colcon_core.verb:set package 'my_robot' build argument 'cmake_target_skip_unavailable' from command line to 'False'
[0.205s] Level 5:colcon.colcon_core.verb:set package 'my_robot' build argument 'cmake_clean_cache' from command line to 'False'
[0.205s] Level 5:colcon.colcon_core.verb:set package 'my_robot' build argument 'cmake_clean_first' from command line to 'False'
[0.205s] Level 5:colcon.colcon_core.verb:set package 'my_robot' build argument 'cmake_force_configure' from command line to 'False'
[0.205s] Level 5:colcon.colcon_core.verb:set package 'my_robot' build argument 'ament_cmake_args' from command line to 'None'
[0.205s] Level 5:colcon.colcon_core.verb:set package 'my_robot' build argument 'catkin_cmake_args' from command line to 'None'
[0.205s] Level 5:colcon.colcon_core.verb:set package 'my_robot' build argument 'catkin_skip_building_tests' from command line to 'False'
[0.205s] DEBUG:colcon.colcon_core.verb:Building package 'my_robot' with the following arguments: {'ament_cmake_args': None, 'build_base': '/home/cobos/Documents/Movement/build/my_robot', 'catkin_cmake_args': None, 'catkin_skip_building_tests': False, 'cmake_args': None, 'cmake_clean_cache': False, 'cmake_clean_first': False, 'cmake_force_configure': False, 'cmake_target': None, 'cmake_target_skip_unavailable': False, 'install_base': '/home/cobos/Documents/Movement/install/my_robot', 'merge_install': False, 'path': '/home/cobos/Documents/Movement/src/my_robot', 'symlink_install': True, 'test_result_base': None}
[0.205s] Level 5:colcon.colcon_core.verb:set package 'ros2_bubble_rob' build argument 'cmake_args' from command line to 'None'
[0.205s] Level 5:colcon.colcon_core.verb:set package 'ros2_bubble_rob' build argument 'cmake_target' from command line to 'None'
[0.205s] Level 5:colcon.colcon_core.verb:set package 'ros2_bubble_rob' build argument 'cmake_target_skip_unavailable' from command line to 'False'
[0.205s] Level 5:colcon.colcon_core.verb:set package 'ros2_bubble_rob' build argument 'cmake_clean_cache' from command line to 'False'
[0.205s] Level 5:colcon.colcon_core.verb:set package 'ros2_bubble_rob' build argument 'cmake_clean_first' from command line to 'False'
[0.205s] Level 5:colcon.colcon_core.verb:set package 'ros2_bubble_rob' build argument 'cmake_force_configure' from command line to 'False'
[0.205s] Level 5:colcon.colcon_core.verb:set package 'ros2_bubble_rob' build argument 'ament_cmake_args' from command line to 'None'
[0.205s] Level 5:colcon.colcon_core.verb:set package 'ros2_bubble_rob' build argument 'catkin_cmake_args' from command line to 'None'
[0.205s] Level 5:colcon.colcon_core.verb:set package 'ros2_bubble_rob' build argument 'catkin_skip_building_tests' from command line to 'False'
[0.205s] DEBUG:colcon.colcon_core.verb:Building package 'ros2_bubble_rob' with the following arguments: {'ament_cmake_args': None, 'build_base': '/home/cobos/Documents/Movement/build/ros2_bubble_rob', 'catkin_cmake_args': None, 'catkin_skip_building_tests': False, 'cmake_args': None, 'cmake_clean_cache': False, 'cmake_clean_first': False, 'cmake_force_configure': False, 'cmake_target': None, 'cmake_target_skip_unavailable': False, 'install_base': '/home/cobos/Documents/Movement/install/ros2_bubble_rob', 'merge_install': False, 'path': '/home/cobos/Documents/Movement/src/ros2_bubble_rob', 'symlink_install': True, 'test_result_base': None}
[0.206s] Level 5:colcon.colcon_core.verb:set package 'ros_tcp_endpoint' build argument 'cmake_args' from command line to 'None'
[0.206s] Level 5:colcon.colcon_core.verb:set package 'ros_tcp_endpoint' build argument 'cmake_target' from command line to 'None'
[0.206s] Level 5:colcon.colcon_core.verb:set package 'ros_tcp_endpoint' build argument 'cmake_target_skip_unavailable' from command line to 'False'
[0.206s] Level 5:colcon.colcon_core.verb:set package 'ros_tcp_endpoint' build argument 'cmake_clean_cache' from command line to 'False'
[0.206s] Level 5:colcon.colcon_core.verb:set package 'ros_tcp_endpoint' build argument 'cmake_clean_first' from command line to 'False'
[0.206s] Level 5:colcon.colcon_core.verb:set package 'ros_tcp_endpoint' build argument 'cmake_force_configure' from command line to 'False'
[0.206s] Level 5:colcon.colcon_core.verb:set package 'ros_tcp_endpoint' build argument 'ament_cmake_args' from command line to 'None'
[0.206s] Level 5:colcon.colcon_core.verb:set package 'ros_tcp_endpoint' build argument 'catkin_cmake_args' from command line to 'None'
[0.206s] Level 5:colcon.colcon_core.verb:set package 'ros_tcp_endpoint' build argument 'catkin_skip_building_tests' from command line to 'False'
[0.206s] DEBUG:colcon.colcon_core.verb:Building package 'ros_tcp_endpoint' with the following arguments: {'ament_cmake_args': None, 'build_base': '/home/cobos/Documents/Movement/build/ros_tcp_endpoint', 'catkin_cmake_args': None, 'catkin_skip_building_tests': False, 'cmake_args': None, 'cmake_clean_cache': False, 'cmake_clean_first': False, 'cmake_force_configure': False, 'cmake_target': None, 'cmake_target_skip_unavailable': False, 'install_base': '/home/cobos/Documents/Movement/install/ros_tcp_endpoint', 'merge_install': False, 'path': '/home/cobos/Documents/Movement/src/ROS-TCP-Endpoint', 'symlink_install': True, 'test_result_base': None}
[0.206s] Level 5:colcon.colcon_core.verb:set package 'sim_ros2_interface' build argument 'cmake_args' from command line to 'None'
[0.206s] Level 5:colcon.colcon_core.verb:set package 'sim_ros2_interface' build argument 'cmake_target' from command line to 'None'
[0.206s] Level 5:colcon.colcon_core.verb:set package 'sim_ros2_interface' build argument 'cmake_target_skip_unavailable' from command line to 'False'
[0.206s] Level 5:colcon.colcon_core.verb:set package 'sim_ros2_interface' build argument 'cmake_clean_cache' from command line to 'False'
[0.206s] Level 5:colcon.colcon_core.verb:set package 'sim_ros2_interface' build argument 'cmake_clean_first' from command line to 'False'
[0.206s] Level 5:colcon.colcon_core.verb:set package 'sim_ros2_interface' build argument 'cmake_force_configure' from command line to 'False'
[0.206s] Level 5:colcon.colcon_core.verb:set package 'sim_ros2_interface' build argument 'ament_cmake_args' from command line to 'None'
[0.206s] Level 5:colcon.colcon_core.verb:set package 'sim_ros2_interface' build argument 'catkin_cmake_args' from command line to 'None'
[0.206s] Level 5:colcon.colcon_core.verb:set package 'sim_ros2_interface' build argument 'catkin_skip_building_tests' from command line to 'False'
[0.206s] DEBUG:colcon.colcon_core.verb:Building package 'sim_ros2_interface' with the following arguments: {'ament_cmake_args': None, 'build_base': '/home/cobos/Documents/Movement/build/sim_ros2_interface', 'catkin_cmake_args': None, 'catkin_skip_building_tests': False, 'cmake_args': None, 'cmake_clean_cache': False, 'cmake_clean_first': False, 'cmake_force_configure': False, 'cmake_target': None, 'cmake_target_skip_unavailable': False, 'install_base': '/home/cobos/Documents/Movement/install/sim_ros2_interface', 'merge_install': False, 'path': '/home/cobos/Documents/Movement/src/sim_ros2_interface', 'symlink_install': True, 'test_result_base': None}
[0.207s] Level 5:colcon.colcon_core.verb:set package 'unity_robotics_demo' build argument 'cmake_args' from command line to 'None'
[0.207s] Level 5:colcon.colcon_core.verb:set package 'unity_robotics_demo' build argument 'cmake_target' from command line to 'None'
[0.207s] Level 5:colcon.colcon_core.verb:set package 'unity_robotics_demo' build argument 'cmake_target_skip_unavailable' from command line to 'False'
[0.207s] Level 5:colcon.colcon_core.verb:set package 'unity_robotics_demo' build argument 'cmake_clean_cache' from command line to 'False'
[0.207s] Level 5:colcon.colcon_core.verb:set package 'unity_robotics_demo' build argument 'cmake_clean_first' from command line to 'False'
[0.207s] Level 5:colcon.colcon_core.verb:set package 'unity_robotics_demo' build argument 'cmake_force_configure' from command line to 'False'
[0.207s] Level 5:colcon.colcon_core.verb:set package 'unity_robotics_demo' build argument 'ament_cmake_args' from command line to 'None'
[0.207s] Level 5:colcon.colcon_core.verb:set package 'unity_robotics_demo' build argument 'catkin_cmake_args' from command line to 'None'
[0.207s] Level 5:colcon.colcon_core.verb:set package 'unity_robotics_demo' build argument 'catkin_skip_building_tests' from command line to 'False'
[0.207s] DEBUG:colcon.colcon_core.verb:Building package 'unity_robotics_demo' with the following arguments: {'ament_cmake_args': None, 'build_base': '/home/cobos/Documents/Movement/build/unity_robotics_demo', 'catkin_cmake_args': None, 'catkin_skip_building_tests': False, 'cmake_args': None, 'cmake_clean_cache': False, 'cmake_clean_first': False, 'cmake_force_configure': False, 'cmake_target': None, 'cmake_target_skip_unavailable': False, 'install_base': '/home/cobos/Documents/Movement/install/unity_robotics_demo', 'merge_install': False, 'path': '/home/cobos/Documents/Movement/src/unity_robotics_demo', 'symlink_install': True, 'test_result_base': None}
[0.207s] Level 5:colcon.colcon_core.verb:set package 'unity_robotics_demo_msgs' build argument 'cmake_args' from command line to 'None'
[0.207s] Level 5:colcon.colcon_core.verb:set package 'unity_robotics_demo_msgs' build argument 'cmake_target' from command line to 'None'
[0.207s] Level 5:colcon.colcon_core.verb:set package 'unity_robotics_demo_msgs' build argument 'cmake_target_skip_unavailable' from command line to 'False'
[0.207s] Level 5:colcon.colcon_core.verb:set package 'unity_robotics_demo_msgs' build argument 'cmake_clean_cache' from command line to 'False'
[0.207s] Level 5:colcon.colcon_core.verb:set package 'unity_robotics_demo_msgs' build argument 'cmake_clean_first' from command line to 'False'
[0.207s] Level 5:colcon.colcon_core.verb:set package 'unity_robotics_demo_msgs' build argument 'cmake_force_configure' from command line to 'False'
[0.207s] Level 5:colcon.colcon_core.verb:set package 'unity_robotics_demo_msgs' build argument 'ament_cmake_args' from command line to 'None'
[0.207s] Level 5:colcon.colcon_core.verb:set package 'unity_robotics_demo_msgs' build argument 'catkin_cmake_args' from command line to 'None'
[0.207s] Level 5:colcon.colcon_core.verb:set package 'unity_robotics_demo_msgs' build argument 'catkin_skip_building_tests' from command line to 'False'
[0.207s] DEBUG:colcon.colcon_core.verb:Building package 'unity_robotics_demo_msgs' with the following arguments: {'ament_cmake_args': None, 'build_base': '/home/cobos/Documents/Movement/build/unity_robotics_demo_msgs', 'catkin_cmake_args': None, 'catkin_skip_building_tests': False, 'cmake_args': None, 'cmake_clean_cache': False, 'cmake_clean_first': False, 'cmake_force_configure': False, 'cmake_target': None, 'cmake_target_skip_unavailable': False, 'install_base': '/home/cobos/Documents/Movement/install/unity_robotics_demo_msgs', 'merge_install': False, 'path': '/home/cobos/Documents/Movement/src/unity_robotics_demo_msgs', 'symlink_install': True, 'test_result_base': None}
[0.207s] INFO:colcon.colcon_core.executor:Executing jobs using 'parallel' executor
[0.208s] DEBUG:colcon.colcon_parallel_executor.executor.parallel:run_until_complete
[0.208s] INFO:colcon.colcon_ros.task.ament_python.build:Building ROS package in '/home/cobos/Documents/Movement/src/drive_robot' with build type 'ament_python'
[0.209s] Level 1:colcon.colcon_core.shell:create_environment_hook('drive_robot', 'ament_prefix_path')
[0.210s] INFO:colcon.colcon_core.plugin_system:Skipping extension 'colcon_core.shell.bat': Not used on non-Windows systems
[0.210s] INFO:colcon.colcon_core.shell:Creating environment hook '/home/cobos/Documents/Movement/install/drive_robot/share/drive_robot/hook/ament_prefix_path.ps1'
[0.211s] INFO:colcon.colcon_core.shell:Creating environment descriptor '/home/cobos/Documents/Movement/install/drive_robot/share/drive_robot/hook/ament_prefix_path.dsv'
[0.211s] INFO:colcon.colcon_core.shell:Creating environment hook '/home/cobos/Documents/Movement/install/drive_robot/share/drive_robot/hook/ament_prefix_path.sh'
[0.212s] INFO:colcon.colcon_core.shell:Skip shell extension 'powershell' for command environment: Not usable outside of PowerShell
[0.212s] DEBUG:colcon.colcon_core.shell:Skip shell extension 'dsv' for command environment
[0.214s] INFO:colcon.colcon_ros.task.ament_python.build:Building ROS package in '/home/cobos/Documents/Movement/src/my_robot' with build type 'ament_python'
[0.214s] Level 1:colcon.colcon_core.shell:create_environment_hook('my_robot', 'ament_prefix_path')
[0.215s] INFO:colcon.colcon_core.shell:Creating environment hook '/home/cobos/Documents/Movement/install/my_robot/share/my_robot/hook/ament_prefix_path.ps1'
[0.215s] INFO:colcon.colcon_core.shell:Creating environment descriptor '/home/cobos/Documents/Movement/install/my_robot/share/my_robot/hook/ament_prefix_path.dsv'
[0.215s] INFO:colcon.colcon_core.shell:Creating environment hook '/home/cobos/Documents/Movement/install/my_robot/share/my_robot/hook/ament_prefix_path.sh'
[0.216s] INFO:colcon.colcon_core.shell:Skip shell extension 'powershell' for command environment: Not usable outside of PowerShell
[0.216s] DEBUG:colcon.colcon_core.shell:Skip shell extension 'dsv' for command environment
[0.218s] INFO:colcon.colcon_ros.task.ament_cmake.build:Building ROS package in '/home/cobos/Documents/Movement/src/ros2_bubble_rob' with build type 'ament_cmake'
[0.218s] INFO:colcon.colcon_cmake.task.cmake.build:Building CMake package in '/home/cobos/Documents/Movement/src/ros2_bubble_rob'
[0.218s] INFO:colcon.colcon_core.shell:Skip shell extension 'powershell' for command environment: Not usable outside of PowerShell
[0.218s] DEBUG:colcon.colcon_core.shell:Skip shell extension 'dsv' for command environment
[0.221s] INFO:colcon.colcon_ros.task.ament_python.build:Building ROS package in '/home/cobos/Documents/Movement/src/ROS-TCP-Endpoint' with build type 'ament_python'
[0.221s] Level 1:colcon.colcon_core.shell:create_environment_hook('ros_tcp_endpoint', 'ament_prefix_path')
[0.221s] INFO:colcon.colcon_core.shell:Creating environment hook '/home/cobos/Documents/Movement/install/ros_tcp_endpoint/share/ros_tcp_endpoint/hook/ament_prefix_path.ps1'
[0.221s] INFO:colcon.colcon_core.shell:Creating environment descriptor '/home/cobos/Documents/Movement/install/ros_tcp_endpoint/share/ros_tcp_endpoint/hook/ament_prefix_path.dsv'
[0.222s] INFO:colcon.colcon_core.shell:Creating environment hook '/home/cobos/Documents/Movement/install/ros_tcp_endpoint/share/ros_tcp_endpoint/hook/ament_prefix_path.sh'
[0.222s] INFO:colcon.colcon_core.shell:Skip shell extension 'powershell' for command environment: Not usable outside of PowerShell
[0.222s] DEBUG:colcon.colcon_core.shell:Skip shell extension 'dsv' for command environment
[0.225s] INFO:colcon.colcon_ros.task.ament_cmake.build:Building ROS package in '/home/cobos/Documents/Movement/src/sim_ros2_interface' with build type 'ament_cmake'
[0.225s] INFO:colcon.colcon_cmake.task.cmake.build:Building CMake package in '/home/cobos/Documents/Movement/src/sim_ros2_interface'
[0.225s] INFO:colcon.colcon_core.shell:Skip shell extension 'powershell' for command environment: Not usable outside of PowerShell
[0.225s] DEBUG:colcon.colcon_core.shell:Skip shell extension 'dsv' for command environment
[0.228s] INFO:colcon.colcon_ros.task.ament_python.build:Building ROS package in '/home/cobos/Documents/Movement/src/unity_robotics_demo' with build type 'ament_python'
[0.228s] Level 1:colcon.colcon_core.shell:create_environment_hook('unity_robotics_demo', 'ament_prefix_path')
[0.228s] INFO:colcon.colcon_core.shell:Creating environment hook '/home/cobos/Documents/Movement/install/unity_robotics_demo/share/unity_robotics_demo/hook/ament_prefix_path.ps1'
[0.228s] INFO:colcon.colcon_core.shell:Creating environment descriptor '/home/cobos/Documents/Movement/install/unity_robotics_demo/share/unity_robotics_demo/hook/ament_prefix_path.dsv'
[0.229s] INFO:colcon.colcon_core.shell:Creating environment hook '/home/cobos/Documents/Movement/install/unity_robotics_demo/share/unity_robotics_demo/hook/ament_prefix_path.sh'
[0.229s] INFO:colcon.colcon_core.shell:Skip shell extension 'powershell' for command environment: Not usable outside of PowerShell
[0.229s] DEBUG:colcon.colcon_core.shell:Skip shell extension 'dsv' for command environment
[0.232s] INFO:colcon.colcon_ros.task.ament_cmake.build:Building ROS package in '/home/cobos/Documents/Movement/src/unity_robotics_demo_msgs' with build type 'ament_cmake'
[0.232s] INFO:colcon.colcon_cmake.task.cmake.build:Building CMake package in '/home/cobos/Documents/Movement/src/unity_robotics_demo_msgs'
[0.232s] INFO:colcon.colcon_core.shell:Skip shell extension 'powershell' for command environment: Not usable outside of PowerShell
[0.232s] DEBUG:colcon.colcon_core.shell:Skip shell extension 'dsv' for command environment
[0.423s] INFO:colcon.colcon_core.task.python.build:Building Python package in '/home/cobos/Documents/Movement/src/drive_robot'
[0.423s] INFO:colcon.colcon_core.shell:Skip shell extension 'powershell' for command environment: Not usable outside of PowerShell
[0.423s] DEBUG:colcon.colcon_core.shell:Skip shell extension 'dsv' for command environment
[0.604s] INFO:colcon.colcon_core.task.python.build:Building Python package in '/home/cobos/Documents/Movement/src/my_robot'
[0.604s] INFO:colcon.colcon_core.shell:Skip shell extension 'powershell' for command environment: Not usable outside of PowerShell
[0.605s] DEBUG:colcon.colcon_core.shell:Skip shell extension 'dsv' for command environment
[0.610s] DEBUG:colcon.colcon_core.event_handler.log_command:Invoking command in '/home/cobos/Documents/Movement/build/ros2_bubble_rob': CMAKE_PREFIX_PATH=${CMAKE_PREFIX_PATH}:/home/cobos/Documents/Movement/install/ros_tcp_endpoint:/home/cobos/Documents/Movement/install/my_robot:/home/cobos/Documents/Movement/install/drive_robot:/opt/ros/humble /usr/bin/cmake --build /home/cobos/Documents/Movement/build/ros2_bubble_rob -- -j12 -l12
[0.795s] INFO:colcon.colcon_core.task.python.build:Building Python package in '/home/cobos/Documents/Movement/src/ROS-TCP-Endpoint'
[0.795s] INFO:colcon.colcon_core.shell:Skip shell extension 'powershell' for command environment: Not usable outside of PowerShell
[0.795s] DEBUG:colcon.colcon_core.shell:Skip shell extension 'dsv' for command environment
[0.800s] DEBUG:colcon.colcon_core.event_handler.log_command:Invoking command in '/home/cobos/Documents/Movement/build/sim_ros2_interface': CMAKE_PREFIX_PATH=${CMAKE_PREFIX_PATH}:/home/cobos/Documents/Movement/install/ros_tcp_endpoint:/home/cobos/Documents/Movement/install/my_robot:/home/cobos/Documents/Movement/install/drive_robot:/opt/ros/humble /usr/bin/cmake --build /home/cobos/Documents/Movement/build/sim_ros2_interface -- -j12 -l12
[0.989s] INFO:colcon.colcon_core.task.python.build:Building Python package in '/home/cobos/Documents/Movement/src/unity_robotics_demo'
[0.989s] INFO:colcon.colcon_core.shell:Skip shell extension 'powershell' for command environment: Not usable outside of PowerShell
[0.990s] DEBUG:colcon.colcon_core.shell:Skip shell extension 'dsv' for command environment
[0.995s] DEBUG:colcon.colcon_core.event_handler.log_command:Invoking command in '/home/cobos/Documents/Movement/build/unity_robotics_demo_msgs': CMAKE_PREFIX_PATH=${CMAKE_PREFIX_PATH}:/home/cobos/Documents/Movement/install/ros_tcp_endpoint:/home/cobos/Documents/Movement/install/my_robot:/home/cobos/Documents/Movement/install/drive_robot:/opt/ros/humble /usr/bin/cmake /home/cobos/Documents/Movement/src/unity_robotics_demo_msgs -DAMENT_CMAKE_SYMLINK_INSTALL=1 -DCMAKE_INSTALL_PREFIX=/home/cobos/Documents/Movement/install/unity_robotics_demo_msgs
[0.997s] DEBUG:colcon.colcon_core.event_handler.log_command:Invoked command in '/home/cobos/Documents/Movement/build/ros2_bubble_rob' returned '0': CMAKE_PREFIX_PATH=${CMAKE_PREFIX_PATH}:/home/cobos/Documents/Movement/install/ros_tcp_endpoint:/home/cobos/Documents/Movement/install/my_robot:/home/cobos/Documents/Movement/install/drive_robot:/opt/ros/humble /usr/bin/cmake --build /home/cobos/Documents/Movement/build/ros2_bubble_rob -- -j12 -l12
[0.998s] DEBUG:colcon.colcon_core.event_handler.log_command:Invoked command in '/home/cobos/Documents/Movement/build/sim_ros2_interface' returned '0': CMAKE_PREFIX_PATH=${CMAKE_PREFIX_PATH}:/home/cobos/Documents/Movement/install/ros_tcp_endpoint:/home/cobos/Documents/Movement/install/my_robot:/home/cobos/Documents/Movement/install/drive_robot:/opt/ros/humble /usr/bin/cmake --build /home/cobos/Documents/Movement/build/sim_ros2_interface -- -j12 -l12
[1.025s] DEBUG:colcon.colcon_core.event_handler.log_command:Invoking command in '/home/cobos/Documents/Movement/build/ros2_bubble_rob': CMAKE_PREFIX_PATH=${CMAKE_PREFIX_PATH}:/home/cobos/Documents/Movement/install/ros_tcp_endpoint:/home/cobos/Documents/Movement/install/my_robot:/home/cobos/Documents/Movement/install/drive_robot:/opt/ros/humble /usr/bin/cmake --install /home/cobos/Documents/Movement/build/ros2_bubble_rob
[1.028s] DEBUG:colcon.colcon_core.event_handler.log_command:Invoking command in '/home/cobos/Documents/Movement/build/sim_ros2_interface': CMAKE_PREFIX_PATH=${CMAKE_PREFIX_PATH}:/home/cobos/Documents/Movement/install/ros_tcp_endpoint:/home/cobos/Documents/Movement/install/my_robot:/home/cobos/Documents/Movement/install/drive_robot:/opt/ros/humble /usr/bin/cmake --install /home/cobos/Documents/Movement/build/sim_ros2_interface
[1.046s] Level 1:colcon.colcon_core.environment:create_environment_scripts_only(ros2_bubble_rob)
[1.047s] DEBUG:colcon.colcon_core.event_handler.log_command:Invoked command in '/home/cobos/Documents/Movement/build/ros2_bubble_rob' returned '0': CMAKE_PREFIX_PATH=${CMAKE_PREFIX_PATH}:/home/cobos/Documents/Movement/install/ros_tcp_endpoint:/home/cobos/Documents/Movement/install/my_robot:/home/cobos/Documents/Movement/install/drive_robot:/opt/ros/humble /usr/bin/cmake --install /home/cobos/Documents/Movement/build/ros2_bubble_rob
[1.050s] Level 1:colcon.colcon_core.environment:checking '/home/cobos/Documents/Movement/install/ros2_bubble_rob' for CMake module files
[1.050s] Level 1:colcon.colcon_core.environment:checking '/home/cobos/Documents/Movement/install/ros2_bubble_rob' for CMake config files
[1.051s] Level 1:colcon.colcon_core.shell:create_environment_hook('ros2_bubble_rob', 'cmake_prefix_path')
[1.051s] INFO:colcon.colcon_core.shell:Creating environment hook '/home/cobos/Documents/Movement/install/ros2_bubble_rob/share/ros2_bubble_rob/hook/cmake_prefix_path.ps1'
[1.051s] INFO:colcon.colcon_core.shell:Creating environment descriptor '/home/cobos/Documents/Movement/install/ros2_bubble_rob/share/ros2_bubble_rob/hook/cmake_prefix_path.dsv'
[1.052s] INFO:colcon.colcon_core.shell:Creating environment hook '/home/cobos/Documents/Movement/install/ros2_bubble_rob/share/ros2_bubble_rob/hook/cmake_prefix_path.sh'
[1.053s] Level 1:colcon.colcon_core.environment:checking '/home/cobos/Documents/Movement/install/ros2_bubble_rob/lib'
[1.053s] Level 1:colcon.colcon_core.environment:checking '/home/cobos/Documents/Movement/install/ros2_bubble_rob/bin'
[1.053s] Level 1:colcon.colcon_core.environment:checking '/home/cobos/Documents/Movement/install/ros2_bubble_rob/lib/pkgconfig/ros2_bubble_rob.pc'
[1.053s] Level 1:colcon.colcon_core.environment:checking '/home/cobos/Documents/Movement/install/ros2_bubble_rob/lib/python3.10/site-packages'
[1.054s] Level 1:colcon.colcon_core.environment:checking '/home/cobos/Documents/Movement/install/ros2_bubble_rob/bin'
[1.054s] INFO:colcon.colcon_core.shell:Creating package script '/home/cobos/Documents/Movement/install/ros2_bubble_rob/share/ros2_bubble_rob/package.ps1'
[1.055s] INFO:colcon.colcon_core.shell:Creating package descriptor '/home/cobos/Documents/Movement/install/ros2_bubble_rob/share/ros2_bubble_rob/package.dsv'
[1.056s] INFO:colcon.colcon_core.shell:Creating package script '/home/cobos/Documents/Movement/install/ros2_bubble_rob/share/ros2_bubble_rob/package.sh'
[1.057s] INFO:colcon.colcon_core.shell:Creating package script '/home/cobos/Documents/Movement/install/ros2_bubble_rob/share/ros2_bubble_rob/package.bash'
[1.058s] INFO:colcon.colcon_core.shell:Creating package script '/home/cobos/Documents/Movement/install/ros2_bubble_rob/share/ros2_bubble_rob/package.zsh'
[1.059s] Level 1:colcon.colcon_core.environment:create_file_with_runtime_dependencies(/home/cobos/Documents/Movement/install/ros2_bubble_rob/share/colcon-core/packages/ros2_bubble_rob)
[1.061s] Level 1:colcon.colcon_core.environment:create_environment_scripts_only(sim_ros2_interface)
[1.062s] Level 1:colcon.colcon_core.environment:checking '/home/cobos/Documents/Movement/install/sim_ros2_interface' for CMake module files
[1.062s] DEBUG:colcon.colcon_core.event_handler.log_command:Invoked command in '/home/cobos/Documents/Movement/build/sim_ros2_interface' returned '0': CMAKE_PREFIX_PATH=${CMAKE_PREFIX_PATH}:/home/cobos/Documents/Movement/install/ros_tcp_endpoint:/home/cobos/Documents/Movement/install/my_robot:/home/cobos/Documents/Movement/install/drive_robot:/opt/ros/humble /usr/bin/cmake --install /home/cobos/Documents/Movement/build/sim_ros2_interface
[1.063s] Level 1:colcon.colcon_core.environment:checking '/home/cobos/Documents/Movement/install/sim_ros2_interface' for CMake config files
[1.063s] Level 1:colcon.colcon_core.shell:create_environment_hook('sim_ros2_interface', 'cmake_prefix_path')
[1.063s] INFO:colcon.colcon_core.shell:Creating environment hook '/home/cobos/Documents/Movement/install/sim_ros2_interface/share/sim_ros2_interface/hook/cmake_prefix_path.ps1'
[1.064s] INFO:colcon.colcon_core.shell:Creating environment descriptor '/home/cobos/Documents/Movement/install/sim_ros2_interface/share/sim_ros2_interface/hook/cmake_prefix_path.dsv'
[1.064s] INFO:colcon.colcon_core.shell:Creating environment hook '/home/cobos/Documents/Movement/install/sim_ros2_interface/share/sim_ros2_interface/hook/cmake_prefix_path.sh'
[1.065s] Level 1:colcon.colcon_core.environment:checking '/home/cobos/Documents/Movement/install/sim_ros2_interface/bin'
[1.065s] Level 1:colcon.colcon_core.environment:checking '/home/cobos/Documents/Movement/install/sim_ros2_interface/lib/pkgconfig/sim_ros2_interface.pc'
[1.065s] Level 1:colcon.colcon_core.environment:checking '/home/cobos/Documents/Movement/install/sim_ros2_interface/lib/python3.10/site-packages'
[1.066s] Level 1:colcon.colcon_core.environment:checking '/home/cobos/Documents/Movement/install/sim_ros2_interface/bin'
[1.066s] INFO:colcon.colcon_core.shell:Creating package script '/home/cobos/Documents/Movement/install/sim_ros2_interface/share/sim_ros2_interface/package.ps1'
[1.067s] INFO:colcon.colcon_core.shell:Creating package descriptor '/home/cobos/Documents/Movement/install/sim_ros2_interface/share/sim_ros2_interface/package.dsv'
[1.067s] INFO:colcon.colcon_core.shell:Creating package script '/home/cobos/Documents/Movement/install/sim_ros2_interface/share/sim_ros2_interface/package.sh'
[1.068s] INFO:colcon.colcon_core.shell:Creating package script '/home/cobos/Documents/Movement/install/sim_ros2_interface/share/sim_ros2_interface/package.bash'
[1.068s] INFO:colcon.colcon_core.shell:Creating package script '/home/cobos/Documents/Movement/install/sim_ros2_interface/share/sim_ros2_interface/package.zsh'
[1.069s] Level 1:colcon.colcon_core.environment:create_file_with_runtime_dependencies(/home/cobos/Documents/Movement/install/sim_ros2_interface/share/colcon-core/packages/sim_ros2_interface)
[1.082s] Level 1:colcon.colcon_core.environment:create_environment_scripts_only(ros2_bubble_rob)
[1.082s] Level 1:colcon.colcon_core.environment:checking '/home/cobos/Documents/Movement/install/ros2_bubble_rob' for CMake module files
[1.083s] Level 1:colcon.colcon_core.environment:checking '/home/cobos/Documents/Movement/install/ros2_bubble_rob' for CMake config files
[1.083s] Level 1:colcon.colcon_core.shell:create_environment_hook('ros2_bubble_rob', 'cmake_prefix_path')
[1.084s] INFO:colcon.colcon_core.shell:Creating environment hook '/home/cobos/Documents/Movement/install/ros2_bubble_rob/share/ros2_bubble_rob/hook/cmake_prefix_path.ps1'
[1.084s] INFO:colcon.colcon_core.shell:Creating environment descriptor '/home/cobos/Documents/Movement/install/ros2_bubble_rob/share/ros2_bubble_rob/hook/cmake_prefix_path.dsv'
[1.085s] INFO:colcon.colcon_core.shell:Creating environment hook '/home/cobos/Documents/Movement/install/ros2_bubble_rob/share/ros2_bubble_rob/hook/cmake_prefix_path.sh'
[1.085s] Level 1:colcon.colcon_core.environment:checking '/home/cobos/Documents/Movement/install/ros2_bubble_rob/lib'
[1.086s] Level 1:colcon.colcon_core.environment:checking '/home/cobos/Documents/Movement/install/ros2_bubble_rob/bin'
[1.086s] Level 1:colcon.colcon_core.environment:checking '/home/cobos/Documents/Movement/install/ros2_bubble_rob/lib/pkgconfig/ros2_bubble_rob.pc'
[1.086s] Level 1:colcon.colcon_core.environment:checking '/home/cobos/Documents/Movement/install/ros2_bubble_rob/lib/python3.10/site-packages'
[1.086s] Level 1:colcon.colcon_core.environment:checking '/home/cobos/Documents/Movement/install/ros2_bubble_rob/bin'
[1.087s] INFO:colcon.colcon_core.shell:Creating package script '/home/cobos/Documents/Movement/install/ros2_bubble_rob/share/ros2_bubble_rob/package.ps1'
[1.087s] INFO:colcon.colcon_core.shell:Creating package descriptor '/home/cobos/Documents/Movement/install/ros2_bubble_rob/share/ros2_bubble_rob/package.dsv'
[1.088s] INFO:colcon.colcon_core.shell:Creating package script '/home/cobos/Documents/Movement/install/ros2_bubble_rob/share/ros2_bubble_rob/package.sh'
[1.088s] INFO:colcon.colcon_core.shell:Creating package script '/home/cobos/Documents/Movement/install/ros2_bubble_rob/share/ros2_bubble_rob/package.bash'
[1.089s] INFO:colcon.colcon_core.shell:Creating package script '/home/cobos/Documents/Movement/install/ros2_bubble_rob/share/ros2_bubble_rob/package.zsh'
[1.089s] Level 1:colcon.colcon_core.environment:create_file_with_runtime_dependencies(/home/cobos/Documents/Movement/install/ros2_bubble_rob/share/colcon-core/packages/ros2_bubble_rob)
[1.098s] Level 1:colcon.colcon_core.environment:create_environment_scripts_only(sim_ros2_interface)
[1.099s] Level 1:colcon.colcon_core.environment:checking '/home/cobos/Documents/Movement/install/sim_ros2_interface' for CMake module files
[1.099s] Level 1:colcon.colcon_core.environment:checking '/home/cobos/Documents/Movement/install/sim_ros2_interface' for CMake config files
[1.099s] Level 1:colcon.colcon_core.shell:create_environment_hook('sim_ros2_interface', 'cmake_prefix_path')
[1.099s] INFO:colcon.colcon_core.shell:Creating environment hook '/home/cobos/Documents/Movement/install/sim_ros2_interface/share/sim_ros2_interface/hook/cmake_prefix_path.ps1'
[1.100s] INFO:colcon.colcon_core.shell:Creating environment descriptor '/home/cobos/Documents/Movement/install/sim_ros2_interface/share/sim_ros2_interface/hook/cmake_prefix_path.dsv'
[1.100s] INFO:colcon.colcon_core.shell:Creating environment hook '/home/cobos/Documents/Movement/install/sim_ros2_interface/share/sim_ros2_interface/hook/cmake_prefix_path.sh'
[1.101s] Level 1:colcon.colcon_core.environment:checking '/home/cobos/Documents/Movement/install/sim_ros2_interface/bin'
[1.101s] Level 1:colcon.colcon_core.environment:checking '/home/cobos/Documents/Movement/install/sim_ros2_interface/lib/pkgconfig/sim_ros2_interface.pc'
[1.101s] Level 1:colcon.colcon_core.environment:checking '/home/cobos/Documents/Movement/install/sim_ros2_interface/lib/python3.10/site-packages'
[1.101s] Level 1:colcon.colcon_core.environment:checking '/home/cobos/Documents/Movement/install/sim_ros2_interface/bin'
[1.102s] INFO:colcon.colcon_core.shell:Creating package script '/home/cobos/Documents/Movement/install/sim_ros2_interface/share/sim_ros2_interface/package.ps1'
[1.102s] INFO:colcon.colcon_core.shell:Creating package descriptor '/home/cobos/Documents/Movement/install/sim_ros2_interface/share/sim_ros2_interface/package.dsv'
[1.102s] INFO:colcon.colcon_core.shell:Creating package script '/home/cobos/Documents/Movement/install/sim_ros2_interface/share/sim_ros2_interface/package.sh'
[1.103s] INFO:colcon.colcon_core.shell:Creating package script '/home/cobos/Documents/Movement/install/sim_ros2_interface/share/sim_ros2_interface/package.bash'
[1.103s] INFO:colcon.colcon_core.shell:Creating package script '/home/cobos/Documents/Movement/install/sim_ros2_interface/share/sim_ros2_interface/package.zsh'
[1.104s] Level 1:colcon.colcon_core.environment:create_file_with_runtime_dependencies(/home/cobos/Documents/Movement/install/sim_ros2_interface/share/colcon-core/packages/sim_ros2_interface)
[1.525s] DEBUG:colcon.colcon_core.event_handler.log_command:Invoking command in '/home/cobos/Documents/Movement/build/ros_tcp_endpoint': PYTHONPATH=/home/cobos/Documents/Movement/build/ros_tcp_endpoint/prefix_override:/usr/lib/python3/dist-packages/colcon_core/task/python/colcon_distutils_commands:/home/cobos/Documents/Movement/install/ros_tcp_endpoint/lib/python3.10/site-packages:${PYTHONPATH} /usr/bin/python3 -W ignore:setup.py install is deprecated setup.py develop --editable --build-directory /home/cobos/Documents/Movement/build/ros_tcp_endpoint/build --no-deps symlink_data
[1.533s] DEBUG:colcon.colcon_core.event_handler.log_command:Invoking command in '/home/cobos/Documents/Movement/build/drive_robot': PYTHONPATH=/home/cobos/Documents/Movement/build/drive_robot/prefix_override:/usr/lib/python3/dist-packages/colcon_core/task/python/colcon_distutils_commands:/home/cobos/Documents/Movement/install/drive_robot/lib/python3.10/site-packages:${PYTHONPATH} /usr/bin/python3 -W ignore:setup.py install is deprecated setup.py develop --editable --build-directory /home/cobos/Documents/Movement/build/drive_robot/build --no-deps symlink_data
[1.555s] DEBUG:colcon.colcon_core.event_handler.log_command:Invoking command in '/home/cobos/Documents/Movement/build/unity_robotics_demo': PYTHONPATH=/home/cobos/Documents/Movement/build/unity_robotics_demo/prefix_override:/usr/lib/python3/dist-packages/colcon_core/task/python/colcon_distutils_commands:/home/cobos/Documents/Movement/install/unity_robotics_demo/lib/python3.10/site-packages:${PYTHONPATH} /usr/bin/python3 -W ignore:setup.py install is deprecated setup.py develop --editable --build-directory /home/cobos/Documents/Movement/build/unity_robotics_demo/build --no-deps symlink_data
[1.557s] DEBUG:colcon.colcon_core.event_handler.log_command:Invoking command in '/home/cobos/Documents/Movement/build/my_robot': PYTHONPATH=/home/cobos/Documents/Movement/build/my_robot/prefix_override:/usr/lib/python3/dist-packages/colcon_core/task/python/colcon_distutils_commands:/home/cobos/Documents/Movement/install/my_robot/lib/python3.10/site-packages:${PYTHONPATH} /usr/bin/python3 -W ignore:setup.py install is deprecated setup.py develop --editable --build-directory /home/cobos/Documents/Movement/build/my_robot/build --no-deps symlink_data
[2.169s] Level 1:colcon.colcon_core.shell:create_environment_hook('ros_tcp_endpoint', 'pythonpath_develop')
[2.170s] INFO:colcon.colcon_core.shell:Creating environment hook '/home/cobos/Documents/Movement/build/ros_tcp_endpoint/share/ros_tcp_endpoint/hook/pythonpath_develop.ps1'
[2.170s] DEBUG:colcon.colcon_core.event_handler.log_command:Invoked command in '/home/cobos/Documents/Movement/build/ros_tcp_endpoint' returned '0': PYTHONPATH=/home/cobos/Documents/Movement/build/ros_tcp_endpoint/prefix_override:/usr/lib/python3/dist-packages/colcon_core/task/python/colcon_distutils_commands:/home/cobos/Documents/Movement/install/ros_tcp_endpoint/lib/python3.10/site-packages:${PYTHONPATH} /usr/bin/python3 -W ignore:setup.py install is deprecated setup.py develop --editable --build-directory /home/cobos/Documents/Movement/build/ros_tcp_endpoint/build --no-deps symlink_data
[2.171s] INFO:colcon.colcon_core.shell:Creating environment descriptor '/home/cobos/Documents/Movement/build/ros_tcp_endpoint/share/ros_tcp_endpoint/hook/pythonpath_develop.dsv'
[2.171s] INFO:colcon.colcon_core.shell:Creating environment hook '/home/cobos/Documents/Movement/build/ros_tcp_endpoint/share/ros_tcp_endpoint/hook/pythonpath_develop.sh'
[2.172s] Level 1:colcon.colcon_core.environment:checking '/home/cobos/Documents/Movement/install/ros_tcp_endpoint' for CMake module files
[2.172s] Level 1:colcon.colcon_core.environment:checking '/home/cobos/Documents/Movement/install/ros_tcp_endpoint' for CMake config files
[2.173s] Level 1:colcon.colcon_core.environment:checking '/home/cobos/Documents/Movement/install/ros_tcp_endpoint/lib'
[2.173s] Level 1:colcon.colcon_core.environment:checking '/home/cobos/Documents/Movement/install/ros_tcp_endpoint/bin'
[2.173s] Level 1:colcon.colcon_core.environment:checking '/home/cobos/Documents/Movement/install/ros_tcp_endpoint/lib/pkgconfig/ros_tcp_endpoint.pc'
[2.173s] Level 1:colcon.colcon_core.environment:checking '/home/cobos/Documents/Movement/install/ros_tcp_endpoint/lib/python3.10/site-packages'
[2.173s] Level 1:colcon.colcon_core.shell:create_environment_hook('ros_tcp_endpoint', 'pythonpath')
[2.173s] INFO:colcon.colcon_core.shell:Creating environment hook '/home/cobos/Documents/Movement/install/ros_tcp_endpoint/share/ros_tcp_endpoint/hook/pythonpath.ps1'
[2.174s] INFO:colcon.colcon_core.shell:Creating environment descriptor '/home/cobos/Documents/Movement/install/ros_tcp_endpoint/share/ros_tcp_endpoint/hook/pythonpath.dsv'
[2.174s] INFO:colcon.colcon_core.shell:Creating environment hook '/home/cobos/Documents/Movement/install/ros_tcp_endpoint/share/ros_tcp_endpoint/hook/pythonpath.sh'
[2.174s] Level 1:colcon.colcon_core.environment:checking '/home/cobos/Documents/Movement/install/ros_tcp_endpoint/bin'
[2.174s] Level 1:colcon.colcon_core.environment:create_environment_scripts_only(ros_tcp_endpoint)
[2.175s] INFO:colcon.colcon_core.shell:Creating package script '/home/cobos/Documents/Movement/install/ros_tcp_endpoint/share/ros_tcp_endpoint/package.ps1'
[2.175s] INFO:colcon.colcon_core.shell:Creating package descriptor '/home/cobos/Documents/Movement/install/ros_tcp_endpoint/share/ros_tcp_endpoint/package.dsv'
[2.176s] INFO:colcon.colcon_core.shell:Creating package script '/home/cobos/Documents/Movement/install/ros_tcp_endpoint/share/ros_tcp_endpoint/package.sh'
[2.176s] INFO:colcon.colcon_core.shell:Creating package script '/home/cobos/Documents/Movement/install/ros_tcp_endpoint/share/ros_tcp_endpoint/package.bash'
[2.176s] INFO:colcon.colcon_core.shell:Creating package script '/home/cobos/Documents/Movement/install/ros_tcp_endpoint/share/ros_tcp_endpoint/package.zsh'
[2.177s] Level 1:colcon.colcon_core.environment:create_file_with_runtime_dependencies(/home/cobos/Documents/Movement/install/ros_tcp_endpoint/share/colcon-core/packages/ros_tcp_endpoint)
[2.198s] Level 1:colcon.colcon_core.shell:create_environment_hook('drive_robot', 'pythonpath_develop')
[2.199s] INFO:colcon.colcon_core.shell:Creating environment hook '/home/cobos/Documents/Movement/build/drive_robot/share/drive_robot/hook/pythonpath_develop.ps1'
[2.199s] DEBUG:colcon.colcon_core.event_handler.log_command:Invoked command in '/home/cobos/Documents/Movement/build/drive_robot' returned '0': PYTHONPATH=/home/cobos/Documents/Movement/build/drive_robot/prefix_override:/usr/lib/python3/dist-packages/colcon_core/task/python/colcon_distutils_commands:/home/cobos/Documents/Movement/install/drive_robot/lib/python3.10/site-packages:${PYTHONPATH} /usr/bin/python3 -W ignore:setup.py install is deprecated setup.py develop --editable --build-directory /home/cobos/Documents/Movement/build/drive_robot/build --no-deps symlink_data
[2.200s] INFO:colcon.colcon_core.shell:Creating environment descriptor '/home/cobos/Documents/Movement/build/drive_robot/share/drive_robot/hook/pythonpath_develop.dsv'
[2.200s] INFO:colcon.colcon_core.shell:Creating environment hook '/home/cobos/Documents/Movement/build/drive_robot/share/drive_robot/hook/pythonpath_develop.sh'
[2.200s] Level 1:colcon.colcon_core.environment:checking '/home/cobos/Documents/Movement/install/drive_robot' for CMake module files
[2.201s] Level 1:colcon.colcon_core.environment:checking '/home/cobos/Documents/Movement/install/drive_robot' for CMake config files
[2.201s] Level 1:colcon.colcon_core.environment:checking '/home/cobos/Documents/Movement/install/drive_robot/lib'
[2.201s] Level 1:colcon.colcon_core.environment:checking '/home/cobos/Documents/Movement/install/drive_robot/bin'
[2.201s] Level 1:colcon.colcon_core.environment:checking '/home/cobos/Documents/Movement/install/drive_robot/lib/pkgconfig/drive_robot.pc'
[2.202s] Level 1:colcon.colcon_core.environment:checking '/home/cobos/Documents/Movement/install/drive_robot/lib/python3.10/site-packages'
[2.202s] Level 1:colcon.colcon_core.shell:create_environment_hook('drive_robot', 'pythonpath')
[2.202s] INFO:colcon.colcon_core.shell:Creating environment hook '/home/cobos/Documents/Movement/install/drive_robot/share/drive_robot/hook/pythonpath.ps1'
[2.202s] INFO:colcon.colcon_core.shell:Creating environment descriptor '/home/cobos/Documents/Movement/install/drive_robot/share/drive_robot/hook/pythonpath.dsv'
[2.203s] INFO:colcon.colcon_core.shell:Creating environment hook '/home/cobos/Documents/Movement/install/drive_robot/share/drive_robot/hook/pythonpath.sh'
[2.203s] Level 1:colcon.colcon_core.environment:checking '/home/cobos/Documents/Movement/install/drive_robot/bin'
[2.203s] Level 1:colcon.colcon_core.environment:create_environment_scripts_only(drive_robot)
[2.203s] INFO:colcon.colcon_core.shell:Creating package script '/home/cobos/Documents/Movement/install/drive_robot/share/drive_robot/package.ps1'
[2.204s] INFO:colcon.colcon_core.shell:Creating package descriptor '/home/cobos/Documents/Movement/install/drive_robot/share/drive_robot/package.dsv'
[2.204s] INFO:colcon.colcon_core.shell:Creating package script '/home/cobos/Documents/Movement/install/drive_robot/share/drive_robot/package.sh'
[2.205s] INFO:colcon.colcon_core.shell:Creating package script '/home/cobos/Documents/Movement/install/drive_robot/share/drive_robot/package.bash'
[2.205s] INFO:colcon.colcon_core.shell:Creating package script '/home/cobos/Documents/Movement/install/drive_robot/share/drive_robot/package.zsh'
[2.205s] Level 1:colcon.colcon_core.environment:create_file_with_runtime_dependencies(/home/cobos/Documents/Movement/install/drive_robot/share/colcon-core/packages/drive_robot)
[2.206s] Level 1:colcon.colcon_core.shell:create_environment_hook('unity_robotics_demo', 'pythonpath_develop')
[2.206s] INFO:colcon.colcon_core.shell:Creating environment hook '/home/cobos/Documents/Movement/build/unity_robotics_demo/share/unity_robotics_demo/hook/pythonpath_develop.ps1'
[2.207s] INFO:colcon.colcon_core.shell:Creating environment descriptor '/home/cobos/Documents/Movement/build/unity_robotics_demo/share/unity_robotics_demo/hook/pythonpath_develop.dsv'
[2.207s] DEBUG:colcon.colcon_core.event_handler.log_command:Invoked command in '/home/cobos/Documents/Movement/build/unity_robotics_demo' returned '0': PYTHONPATH=/home/cobos/Documents/Movement/build/unity_robotics_demo/prefix_override:/usr/lib/python3/dist-packages/colcon_core/task/python/colcon_distutils_commands:/home/cobos/Documents/Movement/install/unity_robotics_demo/lib/python3.10/site-packages:${PYTHONPATH} /usr/bin/python3 -W ignore:setup.py install is deprecated setup.py develop --editable --build-directory /home/cobos/Documents/Movement/build/unity_robotics_demo/build --no-deps symlink_data
[2.207s] INFO:colcon.colcon_core.shell:Creating environment hook '/home/cobos/Documents/Movement/build/unity_robotics_demo/share/unity_robotics_demo/hook/pythonpath_develop.sh'
[2.208s] Level 1:colcon.colcon_core.environment:checking '/home/cobos/Documents/Movement/install/unity_robotics_demo' for CMake module files
[2.208s] Level 1:colcon.colcon_core.environment:checking '/home/cobos/Documents/Movement/install/unity_robotics_demo' for CMake config files
[2.208s] Level 1:colcon.colcon_core.environment:checking '/home/cobos/Documents/Movement/install/unity_robotics_demo/lib'
[2.208s] Level 1:colcon.colcon_core.environment:checking '/home/cobos/Documents/Movement/install/unity_robotics_demo/bin'
[2.209s] Level 1:colcon.colcon_core.environment:checking '/home/cobos/Documents/Movement/install/unity_robotics_demo/lib/pkgconfig/unity_robotics_demo.pc'
[2.209s] Level 1:colcon.colcon_core.environment:checking '/home/cobos/Documents/Movement/install/unity_robotics_demo/lib/python3.10/site-packages'
[2.209s] Level 1:colcon.colcon_core.shell:create_environment_hook('unity_robotics_demo', 'pythonpath')
[2.209s] INFO:colcon.colcon_core.shell:Creating environment hook '/home/cobos/Documents/Movement/install/unity_robotics_demo/share/unity_robotics_demo/hook/pythonpath.ps1'
[2.209s] INFO:colcon.colcon_core.shell:Creating environment descriptor '/home/cobos/Documents/Movement/install/unity_robotics_demo/share/unity_robotics_demo/hook/pythonpath.dsv'
[2.210s] INFO:colcon.colcon_core.shell:Creating environment hook '/home/cobos/Documents/Movement/install/unity_robotics_demo/share/unity_robotics_demo/hook/pythonpath.sh'
[2.210s] Level 1:colcon.colcon_core.environment:checking '/home/cobos/Documents/Movement/install/unity_robotics_demo/bin'
[2.210s] Level 1:colcon.colcon_core.environment:create_environment_scripts_only(unity_robotics_demo)
[2.210s] INFO:colcon.colcon_core.shell:Creating package script '/home/cobos/Documents/Movement/install/unity_robotics_demo/share/unity_robotics_demo/package.ps1'
[2.211s] INFO:colcon.colcon_core.shell:Creating package descriptor '/home/cobos/Documents/Movement/install/unity_robotics_demo/share/unity_robotics_demo/package.dsv'
[2.211s] INFO:colcon.colcon_core.shell:Creating package script '/home/cobos/Documents/Movement/install/unity_robotics_demo/share/unity_robotics_demo/package.sh'
[2.212s] INFO:colcon.colcon_core.shell:Creating package script '/home/cobos/Documents/Movement/install/unity_robotics_demo/share/unity_robotics_demo/package.bash'
[2.212s] INFO:colcon.colcon_core.shell:Creating package script '/home/cobos/Documents/Movement/install/unity_robotics_demo/share/unity_robotics_demo/package.zsh'
[2.212s] Level 1:colcon.colcon_core.environment:create_file_with_runtime_dependencies(/home/cobos/Documents/Movement/install/unity_robotics_demo/share/colcon-core/packages/unity_robotics_demo)
[2.220s] Level 1:colcon.colcon_core.shell:create_environment_hook('my_robot', 'pythonpath_develop')
[2.220s] INFO:colcon.colcon_core.shell:Creating environment hook '/home/cobos/Documents/Movement/build/my_robot/share/my_robot/hook/pythonpath_develop.ps1'
[2.220s] DEBUG:colcon.colcon_core.event_handler.log_command:Invoked command in '/home/cobos/Documents/Movement/build/my_robot' returned '0': PYTHONPATH=/home/cobos/Documents/Movement/build/my_robot/prefix_override:/usr/lib/python3/dist-packages/colcon_core/task/python/colcon_distutils_commands:/home/cobos/Documents/Movement/install/my_robot/lib/python3.10/site-packages:${PYTHONPATH} /usr/bin/python3 -W ignore:setup.py install is deprecated setup.py develop --editable --build-directory /home/cobos/Documents/Movement/build/my_robot/build --no-deps symlink_data
[2.221s] INFO:colcon.colcon_core.shell:Creating environment descriptor '/home/cobos/Documents/Movement/build/my_robot/share/my_robot/hook/pythonpath_develop.dsv'
[2.221s] INFO:colcon.colcon_core.shell:Creating environment hook '/home/cobos/Documents/Movement/build/my_robot/share/my_robot/hook/pythonpath_develop.sh'
[2.222s] Level 1:colcon.colcon_core.environment:checking '/home/cobos/Documents/Movement/install/my_robot' for CMake module files
[2.222s] Level 1:colcon.colcon_core.environment:checking '/home/cobos/Documents/Movement/install/my_robot' for CMake config files
[2.222s] Level 1:colcon.colcon_core.environment:checking '/home/cobos/Documents/Movement/install/my_robot/lib'
[2.222s] Level 1:colcon.colcon_core.environment:checking '/home/cobos/Documents/Movement/install/my_robot/bin'
[2.223s] Level 1:colcon.colcon_core.environment:checking '/home/cobos/Documents/Movement/install/my_robot/lib/pkgconfig/my_robot.pc'
[2.223s] Level 1:colcon.colcon_core.environment:checking '/home/cobos/Documents/Movement/install/my_robot/lib/python3.10/site-packages'
[2.223s] Level 1:colcon.colcon_core.shell:create_environment_hook('my_robot', 'pythonpath')
[2.223s] INFO:colcon.colcon_core.shell:Creating environment hook '/home/cobos/Documents/Movement/install/my_robot/share/my_robot/hook/pythonpath.ps1'
[2.223s] INFO:colcon.colcon_core.shell:Creating environment descriptor '/home/cobos/Documents/Movement/install/my_robot/share/my_robot/hook/pythonpath.dsv'
[2.224s] INFO:colcon.colcon_core.shell:Creating environment hook '/home/cobos/Documents/Movement/install/my_robot/share/my_robot/hook/pythonpath.sh'
[2.224s] Level 1:colcon.colcon_core.environment:checking '/home/cobos/Documents/Movement/install/my_robot/bin'
[2.224s] Level 1:colcon.colcon_core.environment:create_environment_scripts_only(my_robot)
[2.224s] INFO:colcon.colcon_core.shell:Creating package script '/home/cobos/Documents/Movement/install/my_robot/share/my_robot/package.ps1'
[2.225s] INFO:colcon.colcon_core.shell:Creating package descriptor '/home/cobos/Documents/Movement/install/my_robot/share/my_robot/package.dsv'
[2.225s] INFO:colcon.colcon_core.shell:Creating package script '/home/cobos/Documents/Movement/install/my_robot/share/my_robot/package.sh'
[2.226s] INFO:colcon.colcon_core.shell:Creating package script '/home/cobos/Documents/Movement/install/my_robot/share/my_robot/package.bash'
[2.226s] INFO:colcon.colcon_core.shell:Creating package script '/home/cobos/Documents/Movement/install/my_robot/share/my_robot/package.zsh'
[2.226s] Level 1:colcon.colcon_core.environment:create_file_with_runtime_dependencies(/home/cobos/Documents/Movement/install/my_robot/share/colcon-core/packages/my_robot)
[2.889s] DEBUG:colcon.colcon_core.event_handler.log_command:Invoked command in '/home/cobos/Documents/Movement/build/unity_robotics_demo_msgs' returned '0': CMAKE_PREFIX_PATH=${CMAKE_PREFIX_PATH}:/home/cobos/Documents/Movement/install/ros_tcp_endpoint:/home/cobos/Documents/Movement/install/my_robot:/home/cobos/Documents/Movement/install/drive_robot:/opt/ros/humble /usr/bin/cmake /home/cobos/Documents/Movement/src/unity_robotics_demo_msgs -DAMENT_CMAKE_SYMLINK_INSTALL=1 -DCMAKE_INSTALL_PREFIX=/home/cobos/Documents/Movement/install/unity_robotics_demo_msgs
[2.890s] DEBUG:colcon.colcon_core.event_handler.log_command:Invoking command in '/home/cobos/Documents/Movement/build/unity_robotics_demo_msgs': CMAKE_PREFIX_PATH=${CMAKE_PREFIX_PATH}:/home/cobos/Documents/Movement/install/ros_tcp_endpoint:/home/cobos/Documents/Movement/install/my_robot:/home/cobos/Documents/Movement/install/drive_robot:/opt/ros/humble /usr/bin/cmake --build /home/cobos/Documents/Movement/build/unity_robotics_demo_msgs -- -j12 -l12
[6.661s] DEBUG:colcon.colcon_core.event_handler.log_command:Invoked command in '/home/cobos/Documents/Movement/build/unity_robotics_demo_msgs' returned '0': CMAKE_PREFIX_PATH=${CMAKE_PREFIX_PATH}:/home/cobos/Documents/Movement/install/ros_tcp_endpoint:/home/cobos/Documents/Movement/install/my_robot:/home/cobos/Documents/Movement/install/drive_robot:/opt/ros/humble /usr/bin/cmake --build /home/cobos/Documents/Movement/build/unity_robotics_demo_msgs -- -j12 -l12
[6.730s] DEBUG:colcon.colcon_core.event_handler.log_command:Invoking command in '/home/cobos/Documents/Movement/build/unity_robotics_demo_msgs': CMAKE_PREFIX_PATH=${CMAKE_PREFIX_PATH}:/home/cobos/Documents/Movement/install/ros_tcp_endpoint:/home/cobos/Documents/Movement/install/my_robot:/home/cobos/Documents/Movement/install/drive_robot:/opt/ros/humble /usr/bin/cmake --install /home/cobos/Documents/Movement/build/unity_robotics_demo_msgs
[7.441s] Level 1:colcon.colcon_core.environment:create_environment_scripts_only(unity_robotics_demo_msgs)
[7.441s] Level 1:colcon.colcon_core.environment:checking '/home/cobos/Documents/Movement/install/unity_robotics_demo_msgs' for CMake module files
[7.442s] DEBUG:colcon.colcon_core.event_handler.log_command:Invoked command in '/home/cobos/Documents/Movement/build/unity_robotics_demo_msgs' returned '0': CMAKE_PREFIX_PATH=${CMAKE_PREFIX_PATH}:/home/cobos/Documents/Movement/install/ros_tcp_endpoint:/home/cobos/Documents/Movement/install/my_robot:/home/cobos/Documents/Movement/install/drive_robot:/opt/ros/humble /usr/bin/cmake --install /home/cobos/Documents/Movement/build/unity_robotics_demo_msgs
[7.442s] Level 1:colcon.colcon_core.environment:checking '/home/cobos/Documents/Movement/install/unity_robotics_demo_msgs' for CMake config files
[7.443s] Level 1:colcon.colcon_core.shell:create_environment_hook('unity_robotics_demo_msgs', 'cmake_prefix_path')
[7.443s] INFO:colcon.colcon_core.shell:Creating environment hook '/home/cobos/Documents/Movement/install/unity_robotics_demo_msgs/share/unity_robotics_demo_msgs/hook/cmake_prefix_path.ps1'
[7.443s] INFO:colcon.colcon_core.shell:Creating environment descriptor '/home/cobos/Documents/Movement/install/unity_robotics_demo_msgs/share/unity_robotics_demo_msgs/hook/cmake_prefix_path.dsv'
[7.443s] INFO:colcon.colcon_core.shell:Creating environment hook '/home/cobos/Documents/Movement/install/unity_robotics_demo_msgs/share/unity_robotics_demo_msgs/hook/cmake_prefix_path.sh'
[7.444s] Level 1:colcon.colcon_core.environment:checking '/home/cobos/Documents/Movement/install/unity_robotics_demo_msgs/lib'
[7.444s] Level 1:colcon.colcon_core.shell:create_environment_hook('unity_robotics_demo_msgs', 'ld_library_path_lib')
[7.444s] INFO:colcon.colcon_core.shell:Creating environment hook '/home/cobos/Documents/Movement/install/unity_robotics_demo_msgs/share/unity_robotics_demo_msgs/hook/ld_library_path_lib.ps1'
[7.444s] INFO:colcon.colcon_core.shell:Creating environment descriptor '/home/cobos/Documents/Movement/install/unity_robotics_demo_msgs/share/unity_robotics_demo_msgs/hook/ld_library_path_lib.dsv'
[7.445s] INFO:colcon.colcon_core.shell:Creating environment hook '/home/cobos/Documents/Movement/install/unity_robotics_demo_msgs/share/unity_robotics_demo_msgs/hook/ld_library_path_lib.sh'
[7.445s] Level 1:colcon.colcon_core.environment:checking '/home/cobos/Documents/Movement/install/unity_robotics_demo_msgs/bin'
[7.445s] Level 1:colcon.colcon_core.environment:checking '/home/cobos/Documents/Movement/install/unity_robotics_demo_msgs/lib/pkgconfig/unity_robotics_demo_msgs.pc'
[7.445s] Level 1:colcon.colcon_core.environment:checking '/home/cobos/Documents/Movement/install/unity_robotics_demo_msgs/lib/python3.10/site-packages'
[7.445s] Level 1:colcon.colcon_core.environment:checking '/home/cobos/Documents/Movement/install/unity_robotics_demo_msgs/bin'
[7.446s] INFO:colcon.colcon_core.shell:Creating package script '/home/cobos/Documents/Movement/install/unity_robotics_demo_msgs/share/unity_robotics_demo_msgs/package.ps1'
[7.446s] INFO:colcon.colcon_core.shell:Creating package descriptor '/home/cobos/Documents/Movement/install/unity_robotics_demo_msgs/share/unity_robotics_demo_msgs/package.dsv'
[7.446s] INFO:colcon.colcon_core.shell:Creating package script '/home/cobos/Documents/Movement/install/unity_robotics_demo_msgs/share/unity_robotics_demo_msgs/package.sh'
[7.447s] INFO:colcon.colcon_core.shell:Creating package script '/home/cobos/Documents/Movement/install/unity_robotics_demo_msgs/share/unity_robotics_demo_msgs/package.bash'
[7.447s] INFO:colcon.colcon_core.shell:Creating package script '/home/cobos/Documents/Movement/install/unity_robotics_demo_msgs/share/unity_robotics_demo_msgs/package.zsh'
[7.447s] Level 1:colcon.colcon_core.environment:create_file_with_runtime_dependencies(/home/cobos/Documents/Movement/install/unity_robotics_demo_msgs/share/colcon-core/packages/unity_robotics_demo_msgs)
[7.516s] Level 1:colcon.colcon_core.environment:create_environment_scripts_only(unity_robotics_demo_msgs)
[7.516s] Level 1:colcon.colcon_core.environment:checking '/home/cobos/Documents/Movement/install/unity_robotics_demo_msgs' for CMake module files
[7.516s] Level 1:colcon.colcon_core.environment:checking '/home/cobos/Documents/Movement/install/unity_robotics_demo_msgs' for CMake config files
[7.517s] Level 1:colcon.colcon_core.shell:create_environment_hook('unity_robotics_demo_msgs', 'cmake_prefix_path')
[7.517s] INFO:colcon.colcon_core.shell:Creating environment hook '/home/cobos/Documents/Movement/install/unity_robotics_demo_msgs/share/unity_robotics_demo_msgs/hook/cmake_prefix_path.ps1'
[7.518s] INFO:colcon.colcon_core.shell:Creating environment descriptor '/home/cobos/Documents/Movement/install/unity_robotics_demo_msgs/share/unity_robotics_demo_msgs/hook/cmake_prefix_path.dsv'
[7.518s] INFO:colcon.colcon_core.shell:Creating environment hook '/home/cobos/Documents/Movement/install/unity_robotics_demo_msgs/share/unity_robotics_demo_msgs/hook/cmake_prefix_path.sh'
[7.518s] Level 1:colcon.colcon_core.environment:checking '/home/cobos/Documents/Movement/install/unity_robotics_demo_msgs/lib'
[7.518s] Level 1:colcon.colcon_core.shell:create_environment_hook('unity_robotics_demo_msgs', 'ld_library_path_lib')
[7.519s] INFO:colcon.colcon_core.shell:Creating environment hook '/home/cobos/Documents/Movement/install/unity_robotics_demo_msgs/share/unity_robotics_demo_msgs/hook/ld_library_path_lib.ps1'
[7.519s] INFO:colcon.colcon_core.shell:Creating environment descriptor '/home/cobos/Documents/Movement/install/unity_robotics_demo_msgs/share/unity_robotics_demo_msgs/hook/ld_library_path_lib.dsv'
[7.519s] INFO:colcon.colcon_core.shell:Creating environment hook '/home/cobos/Documents/Movement/install/unity_robotics_demo_msgs/share/unity_robotics_demo_msgs/hook/ld_library_path_lib.sh'
[7.519s] Level 1:colcon.colcon_core.environment:checking '/home/cobos/Documents/Movement/install/unity_robotics_demo_msgs/bin'
[7.520s] Level 1:colcon.colcon_core.environment:checking '/home/cobos/Documents/Movement/install/unity_robotics_demo_msgs/lib/pkgconfig/unity_robotics_demo_msgs.pc'
[7.520s] Level 1:colcon.colcon_core.environment:checking '/home/cobos/Documents/Movement/install/unity_robotics_demo_msgs/lib/python3.10/site-packages'
[7.520s] Level 1:colcon.colcon_core.environment:checking '/home/cobos/Documents/Movement/install/unity_robotics_demo_msgs/bin'
[7.520s] INFO:colcon.colcon_core.shell:Creating package script '/home/cobos/Documents/Movement/install/unity_robotics_demo_msgs/share/unity_robotics_demo_msgs/package.ps1'
[7.521s] INFO:colcon.colcon_core.shell:Creating package descriptor '/home/cobos/Documents/Movement/install/unity_robotics_demo_msgs/share/unity_robotics_demo_msgs/package.dsv'
[7.521s] INFO:colcon.colcon_core.shell:Creating package script '/home/cobos/Documents/Movement/install/unity_robotics_demo_msgs/share/unity_robotics_demo_msgs/package.sh'
[7.521s] INFO:colcon.colcon_core.shell:Creating package script '/home/cobos/Documents/Movement/install/unity_robotics_demo_msgs/share/unity_robotics_demo_msgs/package.bash'
[7.522s] INFO:colcon.colcon_core.shell:Creating package script '/home/cobos/Documents/Movement/install/unity_robotics_demo_msgs/share/unity_robotics_demo_msgs/package.zsh'
[7.522s] Level 1:colcon.colcon_core.environment:create_file_with_runtime_dependencies(/home/cobos/Documents/Movement/install/unity_robotics_demo_msgs/share/colcon-core/packages/unity_robotics_demo_msgs)
[7.522s] DEBUG:colcon.colcon_parallel_executor.executor.parallel:closing loop
[7.522s] DEBUG:colcon.colcon_parallel_executor.executor.parallel:loop closed
[7.522s] DEBUG:colcon.colcon_parallel_executor.executor.parallel:run_until_complete finished with '0'
[7.523s] DEBUG:colcon.colcon_core.event_reactor:joining thread
[7.527s] INFO:colcon.colcon_core.plugin_system:Skipping extension 'colcon_notification.desktop_notification.terminal_notifier': Not used on non-Darwin systems
[7.527s] INFO:colcon.colcon_core.plugin_system:Skipping extension 'colcon_notification.desktop_notification.win32': Not used on non-Windows systems
[7.527s] INFO:colcon.colcon_notification.desktop_notification:Sending desktop notification using 'notify2'
[7.536s] DEBUG:colcon.colcon_core.event_reactor:joined thread
[7.537s] INFO:colcon.colcon_core.shell:Creating prefix script '/home/cobos/Documents/Movement/install/local_setup.ps1'
[7.537s] INFO:colcon.colcon_core.shell:Creating prefix util module '/home/cobos/Documents/Movement/install/_local_setup_util_ps1.py'
[7.539s] INFO:colcon.colcon_core.shell:Creating prefix chain script '/home/cobos/Documents/Movement/install/setup.ps1'
[7.540s] INFO:colcon.colcon_core.shell:Creating prefix script '/home/cobos/Documents/Movement/install/local_setup.sh'
[7.540s] INFO:colcon.colcon_core.shell:Creating prefix util module '/home/cobos/Documents/Movement/install/_local_setup_util_sh.py'
[7.541s] INFO:colcon.colcon_core.shell:Creating prefix chain script '/home/cobos/Documents/Movement/install/setup.sh'
[7.542s] INFO:colcon.colcon_core.shell:Creating prefix script '/home/cobos/Documents/Movement/install/local_setup.bash'
[7.542s] INFO:colcon.colcon_core.shell:Creating prefix chain script '/home/cobos/Documents/Movement/install/setup.bash'
[7.544s] INFO:colcon.colcon_core.shell:Creating prefix script '/home/cobos/Documents/Movement/install/local_setup.zsh'
[7.544s] INFO:colcon.colcon_core.shell:Creating prefix chain script '/home/cobos/Documents/Movement/install/setup.zsh'
