[1.304s] Invoking command in '/home/cobos/Documents/Movement/build/ros_tcp_endpoint': PYTHONPATH=/home/cobos/Documents/Movement/build/ros_tcp_endpoint/prefix_override:/usr/lib/python3/dist-packages/colcon_core/task/python/colcon_distutils_commands:/home/cobos/Documents/Movement/install/ros_tcp_endpoint/lib/python3.10/site-packages:${PYTHONPATH} /usr/bin/python3 -W ignore:setup.py install is deprecated setup.py develop --editable --build-directory /home/cobos/Documents/Movement/build/ros_tcp_endpoint/build --no-deps symlink_data
[1.426s] /home/cobos/.local/lib/python3.10/site-packages/setuptools/dist.py:488: SetuptoolsDeprecationWarning: Invalid dash-separated options
[1.426s] !!
[1.426s] 
[1.426s]         ********************************************************************************
[1.426s]         Usage of dash-separated 'script-dir' will not be supported in future
[1.426s]         versions. Please use the underscore name 'script_dir' instead.
[1.426s] 
[1.426s]         By 2025-Mar-03, you need to update your project and remove deprecated calls
[1.426s]         or your builds will no longer be supported.
[1.426s] 
[1.427s]         See https://setuptools.pypa.io/en/latest/userguide/declarative_config.html for details.
[1.427s]         ********************************************************************************
[1.427s] 
[1.427s] !!
[1.427s]   opt = self.warn_dash_deprecation(opt, section)
[1.445s] /home/cobos/.local/lib/python3.10/site-packages/setuptools/_distutils/dist.py:261: UserWarning: Unknown distribution option: 'tests_require'
[1.445s]   warnings.warn(msg)
[1.613s] running develop
[1.613s] /home/cobos/.local/lib/python3.10/site-packages/setuptools/command/develop.py:41: EasyInstallDeprecationWarning: easy_install command is deprecated.
[1.613s] !!
[1.613s] 
[1.613s]         ********************************************************************************
[1.613s]         Please avoid running ``setup.py`` and ``easy_install``.
[1.613s]         Instead, use pypa/build, pypa/installer or other
[1.613s]         standards-based tools.
[1.613s] 
[1.613s]         See https://github.com/pypa/setuptools/issues/917 for details.
[1.613s]         ********************************************************************************
[1.613s] 
[1.614s] !!
[1.614s]   easy_install.initialize_options(self)
[1.833s] running egg_info
[1.849s] writing ros_tcp_endpoint.egg-info/PKG-INFO
[1.849s] writing dependency_links to ros_tcp_endpoint.egg-info/dependency_links.txt
[1.849s] writing entry points to ros_tcp_endpoint.egg-info/entry_points.txt
[1.850s] writing requirements to ros_tcp_endpoint.egg-info/requires.txt
[1.850s] writing top-level names to ros_tcp_endpoint.egg-info/top_level.txt
[1.883s] reading manifest file 'ros_tcp_endpoint.egg-info/SOURCES.txt'
[1.884s] writing manifest file 'ros_tcp_endpoint.egg-info/SOURCES.txt'
[1.902s] running build_ext
[1.903s] Creating /home/cobos/Documents/Movement/install/ros_tcp_endpoint/lib/python3.10/site-packages/ros-tcp-endpoint.egg-link (link to .)
[1.903s] Installing default_server_endpoint script to /home/cobos/Documents/Movement/install/ros_tcp_endpoint/lib/ros_tcp_endpoint
[1.904s] 
[1.904s] Installed /home/cobos/Documents/Movement/build/ros_tcp_endpoint
[1.904s] running symlink_data
[1.949s] Invoked command in '/home/cobos/Documents/Movement/build/ros_tcp_endpoint' returned '0': PYTHONPATH=/home/cobos/Documents/Movement/build/ros_tcp_endpoint/prefix_override:/usr/lib/python3/dist-packages/colcon_core/task/python/colcon_distutils_commands:/home/cobos/Documents/Movement/install/ros_tcp_endpoint/lib/python3.10/site-packages:${PYTHONPATH} /usr/bin/python3 -W ignore:setup.py install is deprecated setup.py develop --editable --build-directory /home/cobos/Documents/Movement/build/ros_tcp_endpoint/build --no-deps symlink_data
