[1.715s] Invoking command in '/home/cobos/Documents/Movement/build/ros_tcp_endpoint': PYTHONPATH=/home/cobos/Documents/Movement/build/ros_tcp_endpoint/prefix_override:/usr/lib/python3/dist-packages/colcon_core/task/python/colcon_distutils_commands:/home/cobos/Documents/Movement/install/ros_tcp_endpoint/lib/python3.10/site-packages:${PYTHONPATH} /usr/bin/python3 -W ignore:setup.py install is deprecated setup.py develop --editable --build-directory /home/cobos/Documents/Movement/build/ros_tcp_endpoint/build --no-deps symlink_data
[1.886s] /home/cobos/.local/lib/python3.10/site-packages/setuptools/dist.py:488: SetuptoolsDeprecationWarning: Invalid dash-separated options
[1.886s] !!
[1.887s] 
[1.887s]         ********************************************************************************
[1.887s]         Usage of dash-separated 'script-dir' will not be supported in future
[1.887s]         versions. Please use the underscore name 'script_dir' instead.
[1.887s] 
[1.887s]         By 2025-Mar-03, you need to update your project and remove deprecated calls
[1.888s]         or your builds will no longer be supported.
[1.888s] 
[1.888s]         See https://setuptools.pypa.io/en/latest/userguide/declarative_config.html for details.
[1.888s]         ********************************************************************************
[1.888s] 
[1.888s] !!
[1.888s]   opt = self.warn_dash_deprecation(opt, section)
[1.909s] /home/cobos/.local/lib/python3.10/site-packages/setuptools/_distutils/dist.py:261: UserWarning: Unknown distribution option: 'tests_require'
[1.909s]   warnings.warn(msg)
[2.124s] running develop
[2.124s] /home/cobos/.local/lib/python3.10/site-packages/setuptools/command/develop.py:41: EasyInstallDeprecationWarning: easy_install command is deprecated.
[2.124s] !!
[2.124s] 
[2.124s]         ********************************************************************************
[2.124s]         Please avoid running ``setup.py`` and ``easy_install``.
[2.124s]         Instead, use pypa/build, pypa/installer or other
[2.124s]         standards-based tools.
[2.124s] 
[2.124s]         See https://github.com/pypa/setuptools/issues/917 for details.
[2.124s]         ********************************************************************************
[2.125s] 
[2.125s] !!
[2.125s]   easy_install.initialize_options(self)
[2.409s] running egg_info
[2.431s] creating ros_tcp_endpoint.egg-info
[2.431s] writing ros_tcp_endpoint.egg-info/PKG-INFO
[2.432s] writing dependency_links to ros_tcp_endpoint.egg-info/dependency_links.txt
[2.432s] writing entry points to ros_tcp_endpoint.egg-info/entry_points.txt
[2.433s] writing requirements to ros_tcp_endpoint.egg-info/requires.txt
[2.433s] writing top-level names to ros_tcp_endpoint.egg-info/top_level.txt
[2.433s] writing manifest file 'ros_tcp_endpoint.egg-info/SOURCES.txt'
[2.477s] reading manifest file 'ros_tcp_endpoint.egg-info/SOURCES.txt'
[2.479s] writing manifest file 'ros_tcp_endpoint.egg-info/SOURCES.txt'
[2.504s] running build_ext
[2.504s] Creating /home/cobos/Documents/Movement/install/ros_tcp_endpoint/lib/python3.10/site-packages/ros-tcp-endpoint.egg-link (link to .)
[2.505s] Installing default_server_endpoint script to /home/cobos/Documents/Movement/install/ros_tcp_endpoint/lib/ros_tcp_endpoint
[2.506s] 
[2.506s] Installed /home/cobos/Documents/Movement/build/ros_tcp_endpoint
[2.506s] running symlink_data
[2.506s] creating /home/cobos/Documents/Movement/install/ros_tcp_endpoint/share/ament_index/resource_index/packages
[2.507s] symbolically linking /home/cobos/Documents/Movement/build/ros_tcp_endpoint/resource/ros_tcp_endpoint -> /home/cobos/Documents/Movement/install/ros_tcp_endpoint/share/ament_index/resource_index/packages
[2.507s] symbolically linking /home/cobos/Documents/Movement/build/ros_tcp_endpoint/package.xml -> /home/cobos/Documents/Movement/install/ros_tcp_endpoint/share/ros_tcp_endpoint
[2.508s] creating /home/cobos/Documents/Movement/install/ros_tcp_endpoint/share/ros_tcp_endpoint/launch
[2.508s] symbolically linking /home/cobos/Documents/Movement/build/ros_tcp_endpoint/launch/endpoint.py -> /home/cobos/Documents/Movement/install/ros_tcp_endpoint/share/ros_tcp_endpoint/launch
[2.643s] Invoked command in '/home/cobos/Documents/Movement/build/ros_tcp_endpoint' returned '0': PYTHONPATH=/home/cobos/Documents/Movement/build/ros_tcp_endpoint/prefix_override:/usr/lib/python3/dist-packages/colcon_core/task/python/colcon_distutils_commands:/home/cobos/Documents/Movement/install/ros_tcp_endpoint/lib/python3.10/site-packages:${PYTHONPATH} /usr/bin/python3 -W ignore:setup.py install is deprecated setup.py develop --editable --build-directory /home/cobos/Documents/Movement/build/ros_tcp_endpoint/build --no-deps symlink_data
