[1.327s] Invoking command in '/home/cobos/Documents/Movement/build/unity_robotics_demo': PYTHONPATH=/home/cobos/Documents/Movement/build/unity_robotics_demo/prefix_override:/usr/lib/python3/dist-packages/colcon_core/task/python/colcon_distutils_commands:/home/cobos/Documents/Movement/install/unity_robotics_demo/lib/python3.10/site-packages:${PYTHONPATH} /usr/bin/python3 -W ignore:setup.py install is deprecated setup.py develop --editable --build-directory /home/cobos/Documents/Movement/build/unity_robotics_demo/build --no-deps symlink_data
[1.447s] /home/cobos/.local/lib/python3.10/site-packages/setuptools/dist.py:488: SetuptoolsDeprecationWarning: Invalid dash-separated options
[1.447s] !!
[1.447s] 
[1.447s]         ********************************************************************************
[1.447s]         Usage of dash-separated 'script-dir' will not be supported in future
[1.447s]         versions. Please use the underscore name 'script_dir' instead.
[1.447s] 
[1.448s]         By 2025-Mar-03, you need to update your project and remove deprecated calls
[1.448s]         or your builds will no longer be supported.
[1.448s] 
[1.448s]         See https://setuptools.pypa.io/en/latest/userguide/declarative_config.html for details.
[1.448s]         ********************************************************************************
[1.448s] 
[1.448s] !!
[1.448s]   opt = self.warn_dash_deprecation(opt, section)
[1.464s] /home/cobos/.local/lib/python3.10/site-packages/setuptools/_distutils/dist.py:261: UserWarning: Unknown distribution option: 'tests_require'
[1.465s]   warnings.warn(msg)
[1.626s] running develop
[1.626s] /home/cobos/.local/lib/python3.10/site-packages/setuptools/command/develop.py:41: EasyInstallDeprecationWarning: easy_install command is deprecated.
[1.626s] !!
[1.626s] 
[1.626s]         ********************************************************************************
[1.626s]         Please avoid running ``setup.py`` and ``easy_install``.
[1.626s]         Instead, use pypa/build, pypa/installer or other
[1.626s]         standards-based tools.
[1.627s] 
[1.627s]         See https://github.com/pypa/setuptools/issues/917 for details.
[1.627s]         ********************************************************************************
[1.627s] 
[1.627s] !!
[1.627s]   easy_install.initialize_options(self)
[1.849s] running egg_info
[1.865s] creating unity_robotics_demo.egg-info
[1.865s] writing unity_robotics_demo.egg-info/PKG-INFO
[1.865s] writing dependency_links to unity_robotics_demo.egg-info/dependency_links.txt
[1.866s] writing entry points to unity_robotics_demo.egg-info/entry_points.txt
[1.866s] writing requirements to unity_robotics_demo.egg-info/requires.txt
[1.866s] writing top-level names to unity_robotics_demo.egg-info/top_level.txt
[1.866s] writing manifest file 'unity_robotics_demo.egg-info/SOURCES.txt'
[1.901s] reading manifest file 'unity_robotics_demo.egg-info/SOURCES.txt'
[1.901s] writing manifest file 'unity_robotics_demo.egg-info/SOURCES.txt'
[1.920s] running build_ext
[1.920s] Creating /home/cobos/Documents/Movement/install/unity_robotics_demo/lib/python3.10/site-packages/unity-robotics-demo.egg-link (link to .)
[1.921s] Installing color_publisher script to /home/cobos/Documents/Movement/install/unity_robotics_demo/lib/unity_robotics_demo
[1.921s] Installing position_service script to /home/cobos/Documents/Movement/install/unity_robotics_demo/lib/unity_robotics_demo
[1.921s] 
[1.922s] Installed /home/cobos/Documents/Movement/build/unity_robotics_demo
[1.922s] running symlink_data
[1.922s] creating /home/cobos/Documents/Movement/install/unity_robotics_demo/share/ament_index/resource_index/packages
[1.922s] symbolically linking /home/cobos/Documents/Movement/build/unity_robotics_demo/resource/unity_robotics_demo -> /home/cobos/Documents/Movement/install/unity_robotics_demo/share/ament_index/resource_index/packages
[1.923s] symbolically linking /home/cobos/Documents/Movement/build/unity_robotics_demo/package.xml -> /home/cobos/Documents/Movement/install/unity_robotics_demo/share/unity_robotics_demo
[1.979s] Invoked command in '/home/cobos/Documents/Movement/build/unity_robotics_demo' returned '0': PYTHONPATH=/home/cobos/Documents/Movement/build/unity_robotics_demo/prefix_override:/usr/lib/python3/dist-packages/colcon_core/task/python/colcon_distutils_commands:/home/cobos/Documents/Movement/install/unity_robotics_demo/lib/python3.10/site-packages:${PYTHONPATH} /usr/bin/python3 -W ignore:setup.py install is deprecated setup.py develop --editable --build-directory /home/cobos/Documents/Movement/build/unity_robotics_demo/build --no-deps symlink_data
