[0.351s] Invoking command in '/home/cobos/Documents/Movement/build/ros2_bubble_rob': CMAKE_PREFIX_PATH=${CMAKE_PREFIX_PATH}:/home/cobos/Documents/Movement/install/drive_robot:/opt/ros/humble /usr/bin/cmake /home/cobos/Documents/Movement/src/ros2_bubble_rob -DAMENT_CMAKE_SYMLINK_INSTALL=1 -DCMAKE_INSTALL_PREFIX=/home/cobos/Documents/Movement/install/ros2_bubble_rob
[0.430s] -- The C compiler identification is GNU 11.4.0
[0.515s] -- The CXX compiler identification is GNU 11.4.0
[0.522s] -- Detecting C compiler ABI info
[0.577s] -- Detecting C compiler ABI info - done
[0.583s] -- Check for working C compiler: /usr/bin/cc - skipped
[0.583s] -- Detecting C compile features
[0.584s] -- Detecting C compile features - done
[0.586s] -- Detecting CXX compiler ABI info
[0.646s] -- Detecting CXX compiler ABI info - done
[0.653s] -- Check for working CXX compiler: /usr/bin/c++ - skipped
[0.653s] -- Detecting CXX compile features
[0.654s] -- Detecting CXX compile features - done
[0.656s] -- Found ament_cmake: 1.3.10 (/opt/ros/humble/share/ament_cmake/cmake)
[0.974s] -- Found Python3: /usr/bin/python3 (found version "3.10.12") found components: Interpreter 
[1.025s] -- Override CMake install command with custom implementation using symlinks instead of copying resources
[1.050s] -- Found rclcpp: 16.0.10 (/opt/ros/humble/share/rclcpp/cmake)
[1.089s] -- Found rosidl_generator_c: 3.1.5 (/opt/ros/humble/share/rosidl_generator_c/cmake)
[1.093s] -- Found rosidl_adapter: 3.1.5 (/opt/ros/humble/share/rosidl_adapter/cmake)
[1.102s] -- Found rosidl_generator_cpp: 3.1.5 (/opt/ros/humble/share/rosidl_generator_cpp/cmake)
[1.115s] -- Using all available rosidl_typesupport_c: rosidl_typesupport_fastrtps_c;rosidl_typesupport_introspection_c
[1.129s] -- Using all available rosidl_typesupport_cpp: rosidl_typesupport_fastrtps_cpp;rosidl_typesupport_introspection_cpp
[1.171s] -- Found rmw_implementation_cmake: 6.1.2 (/opt/ros/humble/share/rmw_implementation_cmake/cmake)
[1.173s] -- Found rmw_fastrtps_cpp: 6.2.7 (/opt/ros/humble/share/rmw_fastrtps_cpp/cmake)
[1.243s] -- Found OpenSSL: /usr/lib/x86_64-linux-gnu/libcrypto.so (found version "3.0.2")  
[1.264s] -- Found FastRTPS: /opt/ros/humble/include  
[1.296s] -- Using RMW implementation 'rmw_fastrtps_cpp' as default
[1.303s] -- Looking for pthread.h
[1.360s] -- Looking for pthread.h - found
[1.360s] -- Performing Test CMAKE_HAVE_LIBC_PTHREAD
[1.415s] -- Performing Test CMAKE_HAVE_LIBC_PTHREAD - Success
[1.415s] -- Found Threads: TRUE  
[1.469s] -- Found Boost: /usr/lib/x86_64-linux-gnu/cmake/Boost-1.74.0/BoostConfig.cmake (found version "1.74.0")  
[1.471s] -- Found ament_lint_auto: 0.12.11 (/opt/ros/humble/share/ament_lint_auto/cmake)
[1.559s] -- Added test 'copyright' to check source files copyright and LICENSE
[1.560s] -- Added test 'cppcheck' to perform static code analysis on C / C++ code
[1.560s] -- Configured cppcheck include dirs: $<BUILD_INTERFACE:/home/cobos/Documents/Movement/src/ros2_bubble_rob/include>
[1.560s] -- Configured cppcheck exclude dirs and/or files: 
[1.560s] -- Added test 'cpplint' to check C / C++ code against the Google style
[1.560s] -- Configured cpplint exclude dirs and/or files: 
[1.561s] -- Added test 'lint_cmake' to check CMake code style
[1.562s] -- Added test 'uncrustify' to check C / C++ code style
[1.562s] -- Configured uncrustify additional arguments: 
[1.562s] -- Added test 'xmllint' to check XML markup files
[1.564s] -- Configuring done
[1.572s] -- Generating done
[1.574s] -- Build files have been written to: /home/cobos/Documents/Movement/build/ros2_bubble_rob
[1.585s] Invoked command in '/home/cobos/Documents/Movement/build/ros2_bubble_rob' returned '0': CMAKE_PREFIX_PATH=${CMAKE_PREFIX_PATH}:/home/cobos/Documents/Movement/install/drive_robot:/opt/ros/humble /usr/bin/cmake /home/cobos/Documents/Movement/src/ros2_bubble_rob -DAMENT_CMAKE_SYMLINK_INSTALL=1 -DCMAKE_INSTALL_PREFIX=/home/cobos/Documents/Movement/install/ros2_bubble_rob
[1.587s] Invoking command in '/home/cobos/Documents/Movement/build/ros2_bubble_rob': CMAKE_PREFIX_PATH=${CMAKE_PREFIX_PATH}:/home/cobos/Documents/Movement/install/drive_robot:/opt/ros/humble /usr/bin/cmake --build /home/cobos/Documents/Movement/build/ros2_bubble_rob -- -j12 -l12
[1.624s] [ 50%] [32mBuilding CXX object CMakeFiles/ros2BubbleRob.dir/src/ros2BubbleRob.cpp.o[0m
[12.233s] [100%] [32m[1mLinking CXX executable ros2BubbleRob[0m
[12.658s] [100%] Built target ros2BubbleRob
[12.666s] Invoked command in '/home/cobos/Documents/Movement/build/ros2_bubble_rob' returned '0': CMAKE_PREFIX_PATH=${CMAKE_PREFIX_PATH}:/home/cobos/Documents/Movement/install/drive_robot:/opt/ros/humble /usr/bin/cmake --build /home/cobos/Documents/Movement/build/ros2_bubble_rob -- -j12 -l12
[12.691s] Invoking command in '/home/cobos/Documents/Movement/build/ros2_bubble_rob': CMAKE_PREFIX_PATH=${CMAKE_PREFIX_PATH}:/home/cobos/Documents/Movement/install/drive_robot:/opt/ros/humble /usr/bin/cmake --install /home/cobos/Documents/Movement/build/ros2_bubble_rob
[12.697s] -- Install configuration: ""
[12.697s] -- Execute custom install script
[12.697s] -- Symlinking: /home/cobos/Documents/Movement/install/ros2_bubble_rob/share/ament_index/resource_index/package_run_dependencies/ros2_bubble_rob
[12.704s] -- Symlinking: /home/cobos/Documents/Movement/install/ros2_bubble_rob/share/ament_index/resource_index/parent_prefix_path/ros2_bubble_rob
[12.711s] -- Symlinking: /home/cobos/Documents/Movement/install/ros2_bubble_rob/share/ros2_bubble_rob/environment/ament_prefix_path.sh
[12.717s] -- Symlinking: /home/cobos/Documents/Movement/install/ros2_bubble_rob/share/ros2_bubble_rob/environment/ament_prefix_path.dsv
[12.723s] -- Symlinking: /home/cobos/Documents/Movement/install/ros2_bubble_rob/share/ros2_bubble_rob/environment/path.sh
[12.729s] -- Symlinking: /home/cobos/Documents/Movement/install/ros2_bubble_rob/share/ros2_bubble_rob/environment/path.dsv
[12.735s] -- Symlinking: /home/cobos/Documents/Movement/install/ros2_bubble_rob/share/ros2_bubble_rob/local_setup.bash
[12.741s] -- Symlinking: /home/cobos/Documents/Movement/install/ros2_bubble_rob/share/ros2_bubble_rob/local_setup.sh
[12.747s] -- Symlinking: /home/cobos/Documents/Movement/install/ros2_bubble_rob/share/ros2_bubble_rob/local_setup.zsh
[12.753s] -- Symlinking: /home/cobos/Documents/Movement/install/ros2_bubble_rob/share/ros2_bubble_rob/local_setup.dsv
[12.759s] -- Symlinking: /home/cobos/Documents/Movement/install/ros2_bubble_rob/share/ros2_bubble_rob/package.dsv
[12.765s] -- Symlinking: /home/cobos/Documents/Movement/install/ros2_bubble_rob/share/ament_index/resource_index/packages/ros2_bubble_rob
[12.771s] -- Symlinking: /home/cobos/Documents/Movement/install/ros2_bubble_rob/share/ros2_bubble_rob/cmake/ros2_bubble_robConfig.cmake
[12.777s] -- Symlinking: /home/cobos/Documents/Movement/install/ros2_bubble_rob/share/ros2_bubble_rob/cmake/ros2_bubble_robConfig-version.cmake
[12.783s] -- Symlinking: /home/cobos/Documents/Movement/install/ros2_bubble_rob/share/ros2_bubble_rob/package.xml
[12.789s] -- Installing: /home/cobos/Documents/Movement/install/ros2_bubble_rob/lib/ros2_bubble_rob/ros2BubbleRob
[12.792s] -- Set runtime path of "/home/cobos/Documents/Movement/install/ros2_bubble_rob/lib/ros2_bubble_rob/ros2BubbleRob" to ""
[12.794s] Invoked command in '/home/cobos/Documents/Movement/build/ros2_bubble_rob' returned '0': CMAKE_PREFIX_PATH=${CMAKE_PREFIX_PATH}:/home/cobos/Documents/Movement/install/drive_robot:/opt/ros/humble /usr/bin/cmake --install /home/cobos/Documents/Movement/build/ros2_bubble_rob
