[0.351s] Invoking command in '/home/cobos/Documents/Movement/build/sim_ros2_interface': CMAKE_PREFIX_PATH=${CMAKE_PREFIX_PATH}:/home/cobos/Documents/Movement/install/drive_robot:/opt/ros/humble /usr/bin/cmake /home/cobos/Documents/Movement/src/sim_ros2_interface -DAMENT_CMAKE_SYMLINK_INSTALL=1 -DCMAKE_INSTALL_PREFIX=/home/cobos/Documents/Movement/install/sim_ros2_interface
[0.427s] -- The C compiler identification is GNU 11.4.0
[0.513s] -- The CXX compiler identification is GNU 11.4.0
[0.520s] -- Detecting C compiler ABI info
[0.574s] -- Detecting C compiler ABI info - done
[0.585s] -- Check for working C compiler: /usr/bin/cc - skipped
[0.586s] -- Detecting C compile features
[0.586s] -- Detecting C compile features - done
[0.589s] -- Detecting CXX compiler ABI info
[0.650s] -- Detecting CXX compiler ABI info - done
[0.659s] -- Check for working CXX compiler: /usr/bin/c++ - skipped
[0.659s] -- Detecting CXX compile features
[0.659s] -- Detecting CXX compile features - done
[0.661s] -- Found ament_cmake: 1.3.10 (/opt/ros/humble/share/ament_cmake/cmake)
[0.968s] -- Found Python3: /usr/bin/python3 (found version "3.10.12") found components: Interpreter 
[1.023s] -- Override CMake install command with custom implementation using symlinks instead of copying resources
[1.047s] -- Found ament_cmake_ros: 0.10.0 (/opt/ros/humble/share/ament_cmake_ros/cmake)
[1.055s] -- Found diagnostic_msgs: 4.2.4 (/opt/ros/humble/share/diagnostic_msgs/cmake)
[1.087s] -- Found rosidl_generator_c: 3.1.5 (/opt/ros/humble/share/rosidl_generator_c/cmake)
[1.091s] -- Found rosidl_adapter: 3.1.5 (/opt/ros/humble/share/rosidl_adapter/cmake)
[1.099s] -- Found rosidl_generator_cpp: 3.1.5 (/opt/ros/humble/share/rosidl_generator_cpp/cmake)
[1.112s] -- Using all available rosidl_typesupport_c: rosidl_typesupport_fastrtps_c;rosidl_typesupport_introspection_c
[1.126s] -- Using all available rosidl_typesupport_cpp: rosidl_typesupport_fastrtps_cpp;rosidl_typesupport_introspection_cpp
[1.165s] -- Found geometry_msgs: 4.2.4 (/opt/ros/humble/share/geometry_msgs/cmake)
[1.178s] -- Found lifecycle_msgs: 1.2.1 (/opt/ros/humble/share/lifecycle_msgs/cmake)
[1.189s] -- Found map_msgs: 2.1.0 (/opt/ros/humble/share/map_msgs/cmake)
[1.244s] -- Found pendulum_msgs: 0.20.5 (/opt/ros/humble/share/pendulum_msgs/cmake)
[1.256s] -- Found rosgraph_msgs: 1.2.1 (/opt/ros/humble/share/rosgraph_msgs/cmake)
[1.269s] -- Found shape_msgs: 4.2.4 (/opt/ros/humble/share/shape_msgs/cmake)
[1.283s] -- Found stereo_msgs: 4.2.4 (/opt/ros/humble/share/stereo_msgs/cmake)
[1.300s] -- Found tf2_geometry_msgs: 0.25.8 (/opt/ros/humble/share/tf2_geometry_msgs/cmake)
[1.310s] -- Found eigen3_cmake_module: 0.1.1 (/opt/ros/humble/share/eigen3_cmake_module/cmake)
[1.312s] -- Found Eigen3: TRUE (found version "3.4.0") 
[1.312s] -- Ensuring Eigen3 include directory is part of orocos-kdl CMake target
[1.378s] -- Found rmw_implementation_cmake: 6.1.2 (/opt/ros/humble/share/rmw_implementation_cmake/cmake)
[1.380s] -- Found rmw_fastrtps_cpp: 6.2.7 (/opt/ros/humble/share/rmw_fastrtps_cpp/cmake)
[1.450s] -- Found OpenSSL: /usr/lib/x86_64-linux-gnu/libcrypto.so (found version "3.0.2")  
[1.472s] -- Found FastRTPS: /opt/ros/humble/include  
[1.506s] -- Using RMW implementation 'rmw_fastrtps_cpp' as default
[1.512s] -- Looking for pthread.h
[1.566s] -- Looking for pthread.h - found
[1.566s] -- Performing Test CMAKE_HAVE_LIBC_PTHREAD
[1.621s] -- Performing Test CMAKE_HAVE_LIBC_PTHREAD - Success
[1.622s] -- Found Threads: TRUE  
[1.712s] -- Found trajectory_msgs: 4.2.4 (/opt/ros/humble/share/trajectory_msgs/cmake)
[1.730s] -- Found visualization_msgs: 4.2.4 (/opt/ros/humble/share/visualization_msgs/cmake)
[1.749s] -- Found std_srvs: 4.2.4 (/opt/ros/humble/share/std_srvs/cmake)
[1.764s] -- Found example_interfaces: 0.9.3 (/opt/ros/humble/share/example_interfaces/cmake)
[1.784s] -- Found image_transport: 3.1.9 (/opt/ros/humble/share/image_transport/cmake)
[1.800s] -- CoppeliaSim: COPPELIASIM_INCLUDE_DIR: /home/cobos/Documents/Coppeliasim/CoppeliaSim_Edu_V4_8_0_rev0_Ubuntu22_04/programming/include
[1.800s] -- CoppeliaSim: COPPELIASIM_ROOT_DIR: /home/cobos/Documents/Coppeliasim/CoppeliaSim_Edu_V4_8_0_rev0_Ubuntu22_04
[1.800s] -- Checking CoppeliaSim header version...
[2.059s] -- CoppeliaSim headers version 4.8.0 rev0
[2.059s] -- CoppeliaSim: COPPELIASIM_RESOURCES_DIR: /home/cobos/Documents/Coppeliasim/CoppeliaSim_Edu_V4_8_0_rev0_Ubuntu22_04
[2.059s] -- CoppeliaSim: COPPELIASIM_PLUGINS_DIR: /home/cobos/Documents/Coppeliasim/CoppeliaSim_Edu_V4_8_0_rev0_Ubuntu22_04
[2.059s] -- CoppeliaSim: COPPELIASIM_EXECUTABLES_DIR: /home/cobos/Documents/Coppeliasim/CoppeliaSim_Edu_V4_8_0_rev0_Ubuntu22_04
[2.059s] -- CoppeliaSim: COPPELIASIM_LIBRARIES_DIR: /home/cobos/Documents/Coppeliasim/CoppeliaSim_Edu_V4_8_0_rev0_Ubuntu22_04
[2.059s] -- CoppeliaSim: COPPELIASIM_ADDONS_DIR: /home/cobos/Documents/Coppeliasim/CoppeliaSim_Edu_V4_8_0_rev0_Ubuntu22_04/addOns
[2.059s] -- CoppeliaSim: COPPELIASIM_MANUAL_DIR: /home/cobos/Documents/Coppeliasim/CoppeliaSim_Edu_V4_8_0_rev0_Ubuntu22_04/manual
[2.059s] -- CoppeliaSim: COPPELIASIM_MODELS_DIR: /home/cobos/Documents/Coppeliasim/CoppeliaSim_Edu_V4_8_0_rev0_Ubuntu22_04/models
[2.059s] -- CoppeliaSim: COPPELIASIM_SCENES_DIR: /home/cobos/Documents/Coppeliasim/CoppeliaSim_Edu_V4_8_0_rev0_Ubuntu22_04/scenes
[2.060s] -- CoppeliaSim: COPPELIASIM_LUA_DIR: /home/cobos/Documents/Coppeliasim/CoppeliaSim_Edu_V4_8_0_rev0_Ubuntu22_04/lua
[2.060s] -- CoppeliaSim: COPPELIASIM_PYTHON_DIR: /home/cobos/Documents/Coppeliasim/CoppeliaSim_Edu_V4_8_0_rev0_Ubuntu22_04/python
[2.060s] -- CoppeliaSim: COPPELIASIM_EXECUTABLE: /home/cobos/Documents/Coppeliasim/CoppeliaSim_Edu_V4_8_0_rev0_Ubuntu22_04/coppeliaSim
[2.067s] -- Found Boost: /usr/lib/x86_64-linux-gnu/cmake/Boost-1.74.0/BoostConfig.cmake (found version "1.74.0") found components: regex 
[2.071s] -- Found Git: /usr/bin/git (found version "2.34.1") 
[2.118s] -- Found Boost: /usr/lib/x86_64-linux-gnu/cmake/Boost-1.74.0/BoostConfig.cmake (found version "1.74.0")  
[2.119s] -- Adding simStubsGen command...
[2.164s] -- Reading plugin metadata...
[2.840s] -- Plugin: simROS2
[2.925s] -- Configuring done
[2.946s] -- Generating done
[2.947s] -- Build files have been written to: /home/cobos/Documents/Movement/build/sim_ros2_interface
[2.958s] Invoked command in '/home/cobos/Documents/Movement/build/sim_ros2_interface' returned '0': CMAKE_PREFIX_PATH=${CMAKE_PREFIX_PATH}:/home/cobos/Documents/Movement/install/drive_robot:/opt/ros/humble /usr/bin/cmake /home/cobos/Documents/Movement/src/sim_ros2_interface -DAMENT_CMAKE_SYMLINK_INSTALL=1 -DCMAKE_INSTALL_PREFIX=/home/cobos/Documents/Movement/install/sim_ros2_interface
[2.959s] Invoking command in '/home/cobos/Documents/Movement/build/sim_ros2_interface': CMAKE_PREFIX_PATH=${CMAKE_PREFIX_PATH}:/home/cobos/Documents/Movement/install/drive_robot:/opt/ros/humble /usr/bin/cmake --build /home/cobos/Documents/Movement/build/sim_ros2_interface -- -j12 -l12
[3.000s] [  7%] [34m[1mGenerating generated/actcli_sendGoal.cpp[0m
[3.000s] [ 10%] [34m[1mGenerating generated/actcli_cancelLastGoal.cpp[0m
[3.000s] [  7%] [34m[1mGenerating generated/actcli_new.cpp[0m
[3.000s] [ 10%] [34m[1mGenerating generated/actcli_del.cpp[0m
[3.000s] [ 12%] [34m[1mGenerating generated/actsrv_action_is_active.cpp[0m
[3.001s] [ 17%] [34m[1mGenerating generated/actsrv_action_abort.cpp[0m
[3.001s] [ 20%] [34m[1mGenerating generated/actsrv_action_is_executing.cpp[0m
[3.001s] [ 25%] [34m[1mGenerating generated/actsrv_action_publish_feedback.cpp[0m
[3.002s] [ 25%] [34m[1mGenerating generated/actsrv_action_execute.cpp[0m
[3.002s] [ 25%] [34m[1mGenerating generated/actsrv_action_is_canceling.cpp[0m
[3.008s] [ 27%] [34m[1mGenerating generated/actsrv_action_canceled.cpp[0m
[3.008s] [ 30%] [34m[1mGenerating generated/actsrv_action_succeed.cpp[0m
[3.291s] [ 32%] [34m[1mGenerating generated/actsrv_new.cpp[0m
[3.291s] [ 35%] [34m[1mGenerating generated/actsrv_del.cpp[0m
[3.296s] [ 37%] [34m[1mGenerating generated/callbacks.cpp[0m
[3.299s] [ 40%] [34m[1mGenerating generated/callbacks.h[0m
[3.303s] [ 42%] [34m[1mGenerating generated/cli_call.cpp[0m
[3.317s] [ 45%] [34m[1mGenerating generated/cli_del.cpp[0m
[3.321s] [ 47%] [34m[1mGenerating generated/cli_new.cpp[0m
[3.321s] [ 50%] [34m[1mGenerating generated/cli_wait.cpp[0m
[3.325s] [ 52%] [34m[1mGenerating generated/if_const.cpp[0m
[3.330s] [ 55%] [34m[1mGenerating generated/if_list.cpp[0m
[3.330s] [ 57%] [34m[1mGenerating generated/if_new.cpp[0m
[3.333s] [ 60%] [34m[1mGenerating generated/pub_del.cpp[0m
[3.588s] [ 62%] [34m[1mGenerating generated/pub_publish.cpp[0m
[3.589s] [ 65%] [34m[1mGenerating generated/pub_new.cpp[0m
[3.590s] [ 67%] [34m[1mGenerating generated/srv_del.cpp[0m
[3.601s] [ 70%] [34m[1mGenerating generated/srv_new.cpp[0m
[3.602s] [ 72%] [34m[1mGenerating generated/sub_del.cpp[0m
[3.606s] [ 75%] [34m[1mGenerating generated/sub_new.cpp[0m
[3.825s] [ 75%] Built target generate_ros_code
[3.833s] [ 77%] [34m[1mGenerating generated/stubs.cpp, generated/stubs.h, generated/plugin.h, generated/stubsPlusPlus.cpp, generated/index.json, generated/reference.html, generated/typecheck.lua[0m
[3.860s] /home/cobos/Documents/Coppeliasim/CoppeliaSim_Edu_V4_8_0_rev0_Ubuntu22_04/programming/include/simStubsGen/generate.py --verbose --xml-file /home/cobos/Documents/Movement/src/sim_ros2_interface/meta/callbacks.xml --gen-all /home/cobos/Documents/Movement/build/sim_ros2_interface/generated --lua-file /home/cobos/Documents/Movement/src/sim_ros2_interface/lua/simROS2.lua
[4.132s] /usr/bin/python3 /home/cobos/Documents/Coppeliasim/CoppeliaSim_Edu_V4_8_0_rev0_Ubuntu22_04/programming/include/simStubsGen/generate_lua_xml.py /home/cobos/Documents/Movement/src/sim_ros2_interface/meta/callbacks.xml /home/cobos/Documents/Movement/src/sim_ros2_interface/lua/simROS2.lua /home/cobos/Documents/Movement/build/sim_ros2_interface/generated/lua.xml
[4.449s] /usr/bin/python3 /home/cobos/Documents/Coppeliasim/CoppeliaSim_Edu_V4_8_0_rev0_Ubuntu22_04/programming/include/simStubsGen/merge_xml.py /home/cobos/Documents/Movement/src/sim_ros2_interface/meta/callbacks.xml /home/cobos/Documents/Movement/build/sim_ros2_interface/generated/lua.xml /home/cobos/Documents/Movement/build/sim_ros2_interface/generated/reference.xml
[4.476s] xsltproc -o /home/cobos/Documents/Movement/build/sim_ros2_interface/generated/reference.html /home/cobos/Documents/Coppeliasim/CoppeliaSim_Edu_V4_8_0_rev0_Ubuntu22_04/programming/include/simStubsGen/xsl/reference.xsl /home/cobos/Documents/Movement/build/sim_ros2_interface/generated/reference.xml
[4.495s] /usr/bin/python3 /home/cobos/Documents/Coppeliasim/CoppeliaSim_Edu_V4_8_0_rev0_Ubuntu22_04/programming/include/simStubsGen/generate_lua_typechecker.py /home/cobos/Documents/Movement/src/sim_ros2_interface/meta/callbacks.xml /home/cobos/Documents/Movement/src/sim_ros2_interface/lua/simROS2.lua /home/cobos/Documents/Movement/build/sim_ros2_interface/generated/lua.xml /home/cobos/Documents/Movement/build/sim_ros2_interface/generated/typecheck.lua
[4.836s] /usr/bin/python3 /home/cobos/Documents/Coppeliasim/CoppeliaSim_Edu_V4_8_0_rev0_Ubuntu22_04/programming/include/simStubsGen/generate_api_index.py /home/cobos/Documents/Movement/build/sim_ros2_interface/generated/reference.xml /home/cobos/Documents/Movement/build/sim_ros2_interface/generated/index.json
[5.152s] /usr/bin/python3 /home/cobos/Documents/Coppeliasim/CoppeliaSim_Edu_V4_8_0_rev0_Ubuntu22_04/programming/include/simStubsGen/generate_ce.py /home/cobos/Documents/Movement/build/sim_ros2_interface/generated/reference.xml /home/cobos/Documents/Movement/build/sim_ros2_interface/generated/ce.lua
[5.467s] /usr/bin/python3 /home/cobos/Documents/Coppeliasim/CoppeliaSim_Edu_V4_8_0_rev0_Ubuntu22_04/programming/include/simStubsGen/external/pycpp/pycpp.py -p xml_file=/home/cobos/Documents/Movement/src/sim_ros2_interface/meta/callbacks.xml -P /home/cobos/Documents/Coppeliasim/CoppeliaSim_Edu_V4_8_0_rev0_Ubuntu22_04/programming/include/simStubsGen -i /home/cobos/Documents/Coppeliasim/CoppeliaSim_Edu_V4_8_0_rev0_Ubuntu22_04/programming/include/simStubsGen/cpp/stubs.cpp -o /home/cobos/Documents/Movement/build/sim_ros2_interface/generated/stubs.cpp
[5.795s] /usr/bin/python3 /home/cobos/Documents/Coppeliasim/CoppeliaSim_Edu_V4_8_0_rev0_Ubuntu22_04/programming/include/simStubsGen/external/pycpp/pycpp.py -p xml_file=/home/cobos/Documents/Movement/src/sim_ros2_interface/meta/callbacks.xml -P /home/cobos/Documents/Coppeliasim/CoppeliaSim_Edu_V4_8_0_rev0_Ubuntu22_04/programming/include/simStubsGen -i /home/cobos/Documents/Coppeliasim/CoppeliaSim_Edu_V4_8_0_rev0_Ubuntu22_04/programming/include/simStubsGen/cpp/stubs.h -o /home/cobos/Documents/Movement/build/sim_ros2_interface/generated/stubs.h
[6.125s] /usr/bin/python3 /home/cobos/Documents/Coppeliasim/CoppeliaSim_Edu_V4_8_0_rev0_Ubuntu22_04/programming/include/simStubsGen/external/pycpp/pycpp.py -p xml_file=/home/cobos/Documents/Movement/src/sim_ros2_interface/meta/callbacks.xml -P /home/cobos/Documents/Coppeliasim/CoppeliaSim_Edu_V4_8_0_rev0_Ubuntu22_04/programming/include/simStubsGen -i /home/cobos/Documents/Coppeliasim/CoppeliaSim_Edu_V4_8_0_rev0_Ubuntu22_04/programming/include/simStubsGen/cpp/plugin.h -o /home/cobos/Documents/Movement/build/sim_ros2_interface/generated/plugin.h
[6.460s] /usr/bin/python3 /home/cobos/Documents/Coppeliasim/CoppeliaSim_Edu_V4_8_0_rev0_Ubuntu22_04/programming/include/simStubsGen/external/pycpp/pycpp.py -p xml_file=/home/cobos/Documents/Movement/src/sim_ros2_interface/meta/callbacks.xml -P /home/cobos/Documents/Coppeliasim/CoppeliaSim_Edu_V4_8_0_rev0_Ubuntu22_04/programming/include/simStubsGen -i /home/cobos/Documents/Coppeliasim/CoppeliaSim_Edu_V4_8_0_rev0_Ubuntu22_04/programming/include/simStubsGen/cpp/stubsPlusPlus.cpp -o /home/cobos/Documents/Movement/build/sim_ros2_interface/generated/stubsPlusPlus.cpp
[6.818s] [ 82%] [32mBuilding CXX object CMakeFiles/simROS2.dir/generated/callbacks.cpp.o[0m
[6.818s] [ 87%] [32mBuilding CXX object CMakeFiles/simROS2.dir/src/ros_msg_builtin_io.cpp.o[0m
[6.818s] [ 87%] [32mBuilding CXX object CMakeFiles/simROS2.dir/home/cobos/Documents/Coppeliasim/CoppeliaSim_Edu_V4_8_0_rev0_Ubuntu22_04/programming/include/simPlusPlus/Plugin.cpp.o[0m
[6.818s] [ 82%] [32mBuilding CXX object CMakeFiles/simROS2.dir/generated/stubs.cpp.o[0m
[6.818s] [ 90%] [32mBuilding CXX object CMakeFiles/simROS2.dir/home/cobos/Documents/Coppeliasim/CoppeliaSim_Edu_V4_8_0_rev0_Ubuntu22_04/programming/include/simLib/simLib.cpp.o[0m
[6.819s] [ 92%] [32mBuilding CXX object CMakeFiles/simROS2.dir/home/cobos/Documents/Coppeliasim/CoppeliaSim_Edu_V4_8_0_rev0_Ubuntu22_04/programming/include/simPlusPlus/Lib.cpp.o[0m
[6.819s] [ 95%] [32mBuilding CXX object CMakeFiles/simROS2.dir/src/sim_ros2_interface.cpp.o[0m
[115.699s] [ 97%] [32m[1mLinking CXX shared library libsimROS2.so[0m
[127.944s] [100%] Built target simROS2
[127.953s] Invoked command in '/home/cobos/Documents/Movement/build/sim_ros2_interface' returned '0': CMAKE_PREFIX_PATH=${CMAKE_PREFIX_PATH}:/home/cobos/Documents/Movement/install/drive_robot:/opt/ros/humble /usr/bin/cmake --build /home/cobos/Documents/Movement/build/sim_ros2_interface -- -j12 -l12
[127.984s] Invoking command in '/home/cobos/Documents/Movement/build/sim_ros2_interface': CMAKE_PREFIX_PATH=${CMAKE_PREFIX_PATH}:/home/cobos/Documents/Movement/install/drive_robot:/opt/ros/humble /usr/bin/cmake --install /home/cobos/Documents/Movement/build/sim_ros2_interface
[127.989s] -- Install configuration: ""
[127.989s] -- Execute custom install script
[127.989s] -- Up-to-date symlink: /home/cobos/Documents/Coppeliasim/CoppeliaSim_Edu_V4_8_0_rev0_Ubuntu22_04/lua/simROS2-typecheck.lua
[127.989s] -- Up-to-date symlink: /home/cobos/Documents/Coppeliasim/CoppeliaSim_Edu_V4_8_0_rev0_Ubuntu22_04/lua/simROS2.lua
[127.989s] -- Up-to-date symlink: /home/cobos/Documents/Coppeliasim/CoppeliaSim_Edu_V4_8_0_rev0_Ubuntu22_04/manual/en/simROS2.htm
[127.990s] -- Up-to-date symlink: /home/cobos/Documents/Coppeliasim/CoppeliaSim_Edu_V4_8_0_rev0_Ubuntu22_04/manual/index/simROS2.json
[127.990s] -- Up-to-date symlink: /home/cobos/Documents/Coppeliasim/CoppeliaSim_Edu_V4_8_0_rev0_Ubuntu22_04/lua/simROS2-ce.lua
[127.990s] -- Up-to-date symlink: /home/cobos/Documents/Coppeliasim/CoppeliaSim_Edu_V4_8_0_rev0_Ubuntu22_04/libsimROS2.so
[127.990s] -- Symlinking: /home/cobos/Documents/Movement/install/sim_ros2_interface/share/ament_index/resource_index/package_run_dependencies/sim_ros2_interface
[127.997s] -- Symlinking: /home/cobos/Documents/Movement/install/sim_ros2_interface/share/ament_index/resource_index/parent_prefix_path/sim_ros2_interface
[128.005s] -- Symlinking: /home/cobos/Documents/Movement/install/sim_ros2_interface/share/sim_ros2_interface/environment/ament_prefix_path.sh
[128.011s] -- Symlinking: /home/cobos/Documents/Movement/install/sim_ros2_interface/share/sim_ros2_interface/environment/ament_prefix_path.dsv
[128.018s] -- Symlinking: /home/cobos/Documents/Movement/install/sim_ros2_interface/share/sim_ros2_interface/environment/path.sh
[128.024s] -- Symlinking: /home/cobos/Documents/Movement/install/sim_ros2_interface/share/sim_ros2_interface/environment/path.dsv
[128.031s] -- Symlinking: /home/cobos/Documents/Movement/install/sim_ros2_interface/share/sim_ros2_interface/local_setup.bash
[128.038s] -- Symlinking: /home/cobos/Documents/Movement/install/sim_ros2_interface/share/sim_ros2_interface/local_setup.sh
[128.045s] -- Symlinking: /home/cobos/Documents/Movement/install/sim_ros2_interface/share/sim_ros2_interface/local_setup.zsh
[128.051s] -- Symlinking: /home/cobos/Documents/Movement/install/sim_ros2_interface/share/sim_ros2_interface/local_setup.dsv
[128.058s] -- Symlinking: /home/cobos/Documents/Movement/install/sim_ros2_interface/share/sim_ros2_interface/package.dsv
[128.066s] -- Symlinking: /home/cobos/Documents/Movement/install/sim_ros2_interface/share/ament_index/resource_index/packages/sim_ros2_interface
[128.073s] -- Symlinking: /home/cobos/Documents/Movement/install/sim_ros2_interface/share/sim_ros2_interface/cmake/sim_ros2_interfaceConfig.cmake
[128.079s] -- Symlinking: /home/cobos/Documents/Movement/install/sim_ros2_interface/share/sim_ros2_interface/cmake/sim_ros2_interfaceConfig-version.cmake
[128.087s] -- Symlinking: /home/cobos/Documents/Movement/install/sim_ros2_interface/share/sim_ros2_interface/package.xml
[128.096s] Invoked command in '/home/cobos/Documents/Movement/build/sim_ros2_interface' returned '0': CMAKE_PREFIX_PATH=${CMAKE_PREFIX_PATH}:/home/cobos/Documents/Movement/install/drive_robot:/opt/ros/humble /usr/bin/cmake --install /home/cobos/Documents/Movement/build/sim_ros2_interface
