running develop
running egg_info
creating drive_robot.egg-info
writing drive_robot.egg-info/PKG-INFO
writing dependency_links to drive_robot.egg-info/dependency_links.txt
writing entry points to drive_robot.egg-info/entry_points.txt
writing requirements to drive_robot.egg-info/requires.txt
writing top-level names to drive_robot.egg-info/top_level.txt
writing manifest file 'drive_robot.egg-info/SOURCES.txt'
reading manifest file 'drive_robot.egg-info/SOURCES.txt'
writing manifest file 'drive_robot.egg-info/SOURCES.txt'
running build_ext
Creating /home/cobos/Documents/Movement/install/drive_robot/lib/python3.10/site-packages/drive-robot.egg-link (link to .)
Installing driving_node script to /home/cobos/Documents/Movement/install/drive_robot/lib/drive_robot
Installing motor_control_node script to /home/cobos/Documents/Movement/install/drive_robot/lib/drive_robot

Installed /home/cobos/Documents/Movement/build/drive_robot
running symlink_data
creating /home/cobos/Documents/Movement/install/drive_robot/share/ament_index/resource_index/packages
symbolically linking /home/cobos/Documents/Movement/build/drive_robot/resource/drive_robot -> /home/cobos/Documents/Movement/install/drive_robot/share/ament_index/resource_index/packages
symbolically linking /home/cobos/Documents/Movement/build/drive_robot/package.xml -> /home/cobos/Documents/Movement/install/drive_robot/share/drive_robot
